<?xml version="1.0" encoding="UTF-8"?>
<testsuite xmlns:xsi="http://www.w3.org/2001/XMLSchema-instance" xsi:noNamespaceSchemaLocation="https://maven.apache.org/surefire/maven-surefire-plugin/xsd/surefire-test-report-3.0.xsd" version="3.0" name="com.practice.project06.AccountApiControllerTest" time="23.714" tests="8" errors="0" skipped="0" failures="0">
  <properties>
    <property name="java.specification.version" value="22"/>
    <property name="sun.cpu.isalist" value="amd64"/>
    <property name="sun.jnu.encoding" value="Cp1252"/>
    <property name="java.class.path" value="C:\Users\ahmad.irtza\Desktop\RedmathTraining\Bank-be-final\target\test-classes;C:\Users\ahmad.irtza\Desktop\RedmathTraining\Bank-be-final\target\classes;C:\Users\ahmad.irtza\.m2\repository\org\springframework\boot\spring-boot-starter-data-jpa\3.3.1\spring-boot-starter-data-jpa-3.3.1.jar;C:\Users\ahmad.irtza\.m2\repository\org\springframework\boot\spring-boot-starter-aop\3.3.1\spring-boot-starter-aop-3.3.1.jar;C:\Users\ahmad.irtza\.m2\repository\org\aspectj\aspectjweaver\1.9.22\aspectjweaver-1.9.22.jar;C:\Users\ahmad.irtza\.m2\repository\org\springframework\boot\spring-boot-starter-jdbc\3.3.1\spring-boot-starter-jdbc-3.3.1.jar;C:\Users\ahmad.irtza\.m2\repository\com\zaxxer\HikariCP\5.1.0\HikariCP-5.1.0.jar;C:\Users\ahmad.irtza\.m2\repository\org\springframework\spring-jdbc\6.1.10\spring-jdbc-6.1.10.jar;C:\Users\ahmad.irtza\.m2\repository\org\hibernate\orm\hibernate-core\6.5.2.Final\hibernate-core-6.5.2.Final.jar;C:\Users\ahmad.irtza\.m2\repository\jakarta\persistence\jakarta.persistence-api\3.1.0\jakarta.persistence-api-3.1.0.jar;C:\Users\ahmad.irtza\.m2\repository\jakarta\transaction\jakarta.transaction-api\2.0.1\jakarta.transaction-api-2.0.1.jar;C:\Users\ahmad.irtza\.m2\repository\org\jboss\logging\jboss-logging\3.5.3.Final\jboss-logging-3.5.3.Final.jar;C:\Users\ahmad.irtza\.m2\repository\org\hibernate\common\hibernate-commons-annotations\6.0.6.Final\hibernate-commons-annotations-6.0.6.Final.jar;C:\Users\ahmad.irtza\.m2\repository\io\smallrye\jandex\3.1.2\jandex-3.1.2.jar;C:\Users\ahmad.irtza\.m2\repository\com\fasterxml\classmate\1.7.0\classmate-1.7.0.jar;C:\Users\ahmad.irtza\.m2\repository\net\bytebuddy\byte-buddy\1.14.17\byte-buddy-1.14.17.jar;C:\Users\ahmad.irtza\.m2\repository\org\glassfish\jaxb\jaxb-runtime\4.0.5\jaxb-runtime-4.0.5.jar;C:\Users\ahmad.irtza\.m2\repository\org\glassfish\jaxb\jaxb-core\4.0.5\jaxb-core-4.0.5.jar;C:\Users\ahmad.irtza\.m2\repository\org\eclipse\angus\angus-activation\2.0.2\angus-activation-2.0.2.jar;C:\Users\ahmad.irtza\.m2\repository\org\glassfish\jaxb\txw2\4.0.5\txw2-4.0.5.jar;C:\Users\ahmad.irtza\.m2\repository\com\sun\istack\istack-commons-runtime\4.1.2\istack-commons-runtime-4.1.2.jar;C:\Users\ahmad.irtza\.m2\repository\jakarta\inject\jakarta.inject-api\2.0.1\jakarta.inject-api-2.0.1.jar;C:\Users\ahmad.irtza\.m2\repository\org\antlr\antlr4-runtime\4.13.0\antlr4-runtime-4.13.0.jar;C:\Users\ahmad.irtza\.m2\repository\org\springframework\data\spring-data-jpa\3.3.1\spring-data-jpa-3.3.1.jar;C:\Users\ahmad.irtza\.m2\repository\org\springframework\data\spring-data-commons\3.3.1\spring-data-commons-3.3.1.jar;C:\Users\ahmad.irtza\.m2\repository\org\springframework\spring-orm\6.1.10\spring-orm-6.1.10.jar;C:\Users\ahmad.irtza\.m2\repository\org\springframework\spring-context\6.1.10\spring-context-6.1.10.jar;C:\Users\ahmad.irtza\.m2\repository\org\springframework\spring-tx\6.1.10\spring-tx-6.1.10.jar;C:\Users\ahmad.irtza\.m2\repository\org\springframework\spring-beans\6.1.10\spring-beans-6.1.10.jar;C:\Users\ahmad.irtza\.m2\repository\jakarta\annotation\jakarta.annotation-api\2.1.1\jakarta.annotation-api-2.1.1.jar;C:\Users\ahmad.irtza\.m2\repository\org\springframework\spring-aspects\6.1.10\spring-aspects-6.1.10.jar;C:\Users\ahmad.irtza\.m2\repository\org\springframework\boot\spring-boot-starter-web\3.3.1\spring-boot-starter-web-3.3.1.jar;C:\Users\ahmad.irtza\.m2\repository\org\springframework\boot\spring-boot-starter\3.3.1\spring-boot-starter-3.3.1.jar;C:\Users\ahmad.irtza\.m2\repository\org\springframework\boot\spring-boot\3.3.1\spring-boot-3.3.1.jar;C:\Users\ahmad.irtza\.m2\repository\org\springframework\boot\spring-boot-autoconfigure\3.3.1\spring-boot-autoconfigure-3.3.1.jar;C:\Users\ahmad.irtza\.m2\repository\org\springframework\boot\spring-boot-starter-logging\3.3.1\spring-boot-starter-logging-3.3.1.jar;C:\Users\ahmad.irtza\.m2\repository\ch\qos\logback\logback-classic\1.5.6\logback-classic-1.5.6.jar;C:\Users\ahmad.irtza\.m2\repository\ch\qos\logback\logback-core\1.5.6\logback-core-1.5.6.jar;C:\Users\ahmad.irtza\.m2\repository\org\apache\logging\log4j\log4j-to-slf4j\2.23.1\log4j-to-slf4j-2.23.1.jar;C:\Users\ahmad.irtza\.m2\repository\org\apache\logging\log4j\log4j-api\2.23.1\log4j-api-2.23.1.jar;C:\Users\ahmad.irtza\.m2\repository\org\slf4j\jul-to-slf4j\2.0.13\jul-to-slf4j-2.0.13.jar;C:\Users\ahmad.irtza\.m2\repository\org\springframework\boot\spring-boot-starter-json\3.3.1\spring-boot-starter-json-3.3.1.jar;C:\Users\ahmad.irtza\.m2\repository\com\fasterxml\jackson\datatype\jackson-datatype-jdk8\2.17.1\jackson-datatype-jdk8-2.17.1.jar;C:\Users\ahmad.irtza\.m2\repository\com\fasterxml\jackson\datatype\jackson-datatype-jsr310\2.17.1\jackson-datatype-jsr310-2.17.1.jar;C:\Users\ahmad.irtza\.m2\repository\com\fasterxml\jackson\module\jackson-module-parameter-names\2.17.1\jackson-module-parameter-names-2.17.1.jar;C:\Users\ahmad.irtza\.m2\repository\org\springframework\boot\spring-boot-starter-tomcat\3.3.1\spring-boot-starter-tomcat-3.3.1.jar;C:\Users\ahmad.irtza\.m2\repository\org\apache\tomcat\embed\tomcat-embed-core\10.1.25\tomcat-embed-core-10.1.25.jar;C:\Users\ahmad.irtza\.m2\repository\org\apache\tomcat\embed\tomcat-embed-el\10.1.25\tomcat-embed-el-10.1.25.jar;C:\Users\ahmad.irtza\.m2\repository\org\apache\tomcat\embed\tomcat-embed-websocket\10.1.25\tomcat-embed-websocket-10.1.25.jar;C:\Users\ahmad.irtza\.m2\repository\org\springframework\spring-web\6.1.10\spring-web-6.1.10.jar;C:\Users\ahmad.irtza\.m2\repository\org\springframework\spring-webmvc\6.1.10\spring-webmvc-6.1.10.jar;C:\Users\ahmad.irtza\.m2\repository\org\springframework\spring-expression\6.1.10\spring-expression-6.1.10.jar;C:\Users\ahmad.irtza\.m2\repository\org\liquibase\liquibase-core\4.27.0\liquibase-core-4.27.0.jar;C:\Users\ahmad.irtza\.m2\repository\com\opencsv\opencsv\5.9\opencsv-5.9.jar;C:\Users\ahmad.irtza\.m2\repository\org\apache\commons\commons-text\1.11.0\commons-text-1.11.0.jar;C:\Users\ahmad.irtza\.m2\repository\org\apache\commons\commons-collections4\4.4\commons-collections4-4.4.jar;C:\Users\ahmad.irtza\.m2\repository\org\yaml\snakeyaml\2.2\snakeyaml-2.2.jar;C:\Users\ahmad.irtza\.m2\repository\org\apache\commons\commons-lang3\3.14.0\commons-lang3-3.14.0.jar;C:\Users\ahmad.irtza\.m2\repository\org\springframework\boot\spring-boot-starter-security\3.3.1\spring-boot-starter-security-3.3.1.jar;C:\Users\ahmad.irtza\.m2\repository\org\springframework\spring-aop\6.1.10\spring-aop-6.1.10.jar;C:\Users\ahmad.irtza\.m2\repository\org\springframework\security\spring-security-config\6.3.1\spring-security-config-6.3.1.jar;C:\Users\ahmad.irtza\.m2\repository\org\springframework\security\spring-security-web\6.3.1\spring-security-web-6.3.1.jar;C:\Users\ahmad.irtza\.m2\repository\org\springframework\security\spring-security-test\6.3.1\spring-security-test-6.3.1.jar;C:\Users\ahmad.irtza\.m2\repository\org\springframework\security\spring-security-core\6.3.1\spring-security-core-6.3.1.jar;C:\Users\ahmad.irtza\.m2\repository\org\springframework\security\spring-security-crypto\6.3.1\spring-security-crypto-6.3.1.jar;C:\Users\ahmad.irtza\.m2\repository\org\springframework\spring-core\6.1.10\spring-core-6.1.10.jar;C:\Users\ahmad.irtza\.m2\repository\org\springframework\spring-jcl\6.1.10\spring-jcl-6.1.10.jar;C:\Users\ahmad.irtza\.m2\repository\org\springframework\spring-test\6.1.10\spring-test-6.1.10.jar;C:\Users\ahmad.irtza\.m2\repository\com\h2database\h2\2.2.224\h2-2.2.224.jar;C:\Users\ahmad.irtza\.m2\repository\org\projectlombok\lombok\1.18.32\lombok-1.18.32.jar;C:\Users\ahmad.irtza\.m2\repository\org\springframework\boot\spring-boot-starter-test\3.3.1\spring-boot-starter-test-3.3.1.jar;C:\Users\ahmad.irtza\.m2\repository\org\springframework\boot\spring-boot-test\3.3.1\spring-boot-test-3.3.1.jar;C:\Users\ahmad.irtza\.m2\repository\org\springframework\boot\spring-boot-test-autoconfigure\3.3.1\spring-boot-test-autoconfigure-3.3.1.jar;C:\Users\ahmad.irtza\.m2\repository\com\jayway\jsonpath\json-path\2.9.0\json-path-2.9.0.jar;C:\Users\ahmad.irtza\.m2\repository\jakarta\xml\bind\jakarta.xml.bind-api\4.0.2\jakarta.xml.bind-api-4.0.2.jar;C:\Users\ahmad.irtza\.m2\repository\jakarta\activation\jakarta.activation-api\2.1.3\jakarta.activation-api-2.1.3.jar;C:\Users\ahmad.irtza\.m2\repository\net\minidev\json-smart\2.5.1\json-smart-2.5.1.jar;C:\Users\ahmad.irtza\.m2\repository\net\minidev\accessors-smart\2.5.1\accessors-smart-2.5.1.jar;C:\Users\ahmad.irtza\.m2\repository\org\ow2\asm\asm\9.6\asm-9.6.jar;C:\Users\ahmad.irtza\.m2\repository\org\assertj\assertj-core\3.25.3\assertj-core-3.25.3.jar;C:\Users\ahmad.irtza\.m2\repository\org\awaitility\awaitility\4.2.1\awaitility-4.2.1.jar;C:\Users\ahmad.irtza\.m2\repository\org\hamcrest\hamcrest\2.2\hamcrest-2.2.jar;C:\Users\ahmad.irtza\.m2\repository\org\junit\jupiter\junit-jupiter\5.10.2\junit-jupiter-5.10.2.jar;C:\Users\ahmad.irtza\.m2\repository\org\junit\jupiter\junit-jupiter-api\5.10.2\junit-jupiter-api-5.10.2.jar;C:\Users\ahmad.irtza\.m2\repository\org\opentest4j\opentest4j\1.3.0\opentest4j-1.3.0.jar;C:\Users\ahmad.irtza\.m2\repository\org\junit\platform\junit-platform-commons\1.10.2\junit-platform-commons-1.10.2.jar;C:\Users\ahmad.irtza\.m2\repository\org\apiguardian\apiguardian-api\1.1.2\apiguardian-api-1.1.2.jar;C:\Users\ahmad.irtza\.m2\repository\org\junit\jupiter\junit-jupiter-params\5.10.2\junit-jupiter-params-5.10.2.jar;C:\Users\ahmad.irtza\.m2\repository\org\junit\jupiter\junit-jupiter-engine\5.10.2\junit-jupiter-engine-5.10.2.jar;C:\Users\ahmad.irtza\.m2\repository\org\junit\platform\junit-platform-engine\1.10.2\junit-platform-engine-1.10.2.jar;C:\Users\ahmad.irtza\.m2\repository\org\mockito\mockito-core\5.11.0\mockito-core-5.11.0.jar;C:\Users\ahmad.irtza\.m2\repository\net\bytebuddy\byte-buddy-agent\1.14.17\byte-buddy-agent-1.14.17.jar;C:\Users\ahmad.irtza\.m2\repository\org\objenesis\objenesis\3.3\objenesis-3.3.jar;C:\Users\ahmad.irtza\.m2\repository\org\mockito\mockito-junit-jupiter\5.11.0\mockito-junit-jupiter-5.11.0.jar;C:\Users\ahmad.irtza\.m2\repository\org\skyscreamer\jsonassert\1.5.1\jsonassert-1.5.1.jar;C:\Users\ahmad.irtza\.m2\repository\com\vaadin\external\google\android-json\0.0.20131108.vaadin1\android-json-0.0.20131108.vaadin1.jar;C:\Users\ahmad.irtza\.m2\repository\org\xmlunit\xmlunit-core\2.9.1\xmlunit-core-2.9.1.jar;C:\Users\ahmad.irtza\.m2\repository\org\springdoc\springdoc-openapi-starter-webmvc-ui\2.6.0\springdoc-openapi-starter-webmvc-ui-2.6.0.jar;C:\Users\ahmad.irtza\.m2\repository\org\springdoc\springdoc-openapi-starter-webmvc-api\2.6.0\springdoc-openapi-starter-webmvc-api-2.6.0.jar;C:\Users\ahmad.irtza\.m2\repository\org\springdoc\springdoc-openapi-starter-common\2.6.0\springdoc-openapi-starter-common-2.6.0.jar;C:\Users\ahmad.irtza\.m2\repository\io\swagger\core\v3\swagger-core-jakarta\2.2.22\swagger-core-jakarta-2.2.22.jar;C:\Users\ahmad.irtza\.m2\repository\io\swagger\core\v3\swagger-annotations-jakarta\2.2.22\swagger-annotations-jakarta-2.2.22.jar;C:\Users\ahmad.irtza\.m2\repository\io\swagger\core\v3\swagger-models-jakarta\2.2.22\swagger-models-jakarta-2.2.22.jar;C:\Users\ahmad.irtza\.m2\repository\jakarta\validation\jakarta.validation-api\3.0.2\jakarta.validation-api-3.0.2.jar;C:\Users\ahmad.irtza\.m2\repository\com\fasterxml\jackson\dataformat\jackson-dataformat-yaml\2.17.1\jackson-dataformat-yaml-2.17.1.jar;C:\Users\ahmad.irtza\.m2\repository\org\webjars\swagger-ui\5.17.14\swagger-ui-5.17.14.jar;C:\Users\ahmad.irtza\.m2\repository\org\springframework\boot\spring-boot-starter-cache\3.3.1\spring-boot-starter-cache-3.3.1.jar;C:\Users\ahmad.irtza\.m2\repository\org\springframework\spring-context-support\6.1.10\spring-context-support-6.1.10.jar;C:\Users\ahmad.irtza\.m2\repository\com\mysql\mysql-connector-j\8.3.0\mysql-connector-j-8.3.0.jar;C:\Users\ahmad.irtza\.m2\repository\org\springframework\boot\spring-boot-starter-actuator\3.3.1\spring-boot-starter-actuator-3.3.1.jar;C:\Users\ahmad.irtza\.m2\repository\org\springframework\boot\spring-boot-actuator-autoconfigure\3.3.1\spring-boot-actuator-autoconfigure-3.3.1.jar;C:\Users\ahmad.irtza\.m2\repository\org\springframework\boot\spring-boot-actuator\3.3.1\spring-boot-actuator-3.3.1.jar;C:\Users\ahmad.irtza\.m2\repository\io\micrometer\micrometer-observation\1.13.1\micrometer-observation-1.13.1.jar;C:\Users\ahmad.irtza\.m2\repository\io\micrometer\micrometer-commons\1.13.1\micrometer-commons-1.13.1.jar;C:\Users\ahmad.irtza\.m2\repository\io\micrometer\micrometer-jakarta9\1.13.1\micrometer-jakarta9-1.13.1.jar;C:\Users\ahmad.irtza\.m2\repository\io\micrometer\micrometer-core\1.13.1\micrometer-core-1.13.1.jar;C:\Users\ahmad.irtza\.m2\repository\org\hdrhistogram\HdrHistogram\2.2.2\HdrHistogram-2.2.2.jar;C:\Users\ahmad.irtza\.m2\repository\org\latencyutils\LatencyUtils\2.0.3\LatencyUtils-2.0.3.jar;C:\Users\ahmad.irtza\.m2\repository\io\micrometer\micrometer-tracing-bridge-brave\1.3.1\micrometer-tracing-bridge-brave-1.3.1.jar;C:\Users\ahmad.irtza\.m2\repository\io\micrometer\micrometer-tracing\1.3.1\micrometer-tracing-1.3.1.jar;C:\Users\ahmad.irtza\.m2\repository\io\micrometer\context-propagation\1.1.1\context-propagation-1.1.1.jar;C:\Users\ahmad.irtza\.m2\repository\aopalliance\aopalliance\1.0\aopalliance-1.0.jar;C:\Users\ahmad.irtza\.m2\repository\org\slf4j\slf4j-api\2.0.13\slf4j-api-2.0.13.jar;C:\Users\ahmad.irtza\.m2\repository\io\zipkin\brave\brave\6.0.3\brave-6.0.3.jar;C:\Users\ahmad.irtza\.m2\repository\io\zipkin\brave\brave-context-slf4j\6.0.3\brave-context-slf4j-6.0.3.jar;C:\Users\ahmad.irtza\.m2\repository\io\zipkin\brave\brave-instrumentation-http\6.0.3\brave-instrumentation-http-6.0.3.jar;C:\Users\ahmad.irtza\.m2\repository\io\zipkin\aws\brave-propagation-aws\1.2.5\brave-propagation-aws-1.2.5.jar;C:\Users\ahmad.irtza\.m2\repository\io\zipkin\contrib\brave-propagation-w3c\brave-propagation-tracecontext\0.2.0\brave-propagation-tracecontext-0.2.0.jar;C:\Users\ahmad.irtza\.m2\repository\javax\xml\bind\jaxb-api\2.3.1\jaxb-api-2.3.1.jar;C:\Users\ahmad.irtza\.m2\repository\javax\activation\javax.activation-api\1.2.0\javax.activation-api-1.2.0.jar;C:\Users\ahmad.irtza\.m2\repository\org\javassist\javassist\3.25.0-GA\javassist-3.25.0-GA.jar;C:\Users\ahmad.irtza\.m2\repository\io\jsonwebtoken\jjwt-api\0.11.5\jjwt-api-0.11.5.jar;C:\Users\ahmad.irtza\.m2\repository\io\jsonwebtoken\jjwt-impl\0.11.5\jjwt-impl-0.11.5.jar;C:\Users\ahmad.irtza\.m2\repository\io\jsonwebtoken\jjwt-jackson\0.11.5\jjwt-jackson-0.11.5.jar;C:\Users\ahmad.irtza\.m2\repository\com\fasterxml\jackson\core\jackson-databind\2.17.1\jackson-databind-2.17.1.jar;C:\Users\ahmad.irtza\.m2\repository\com\fasterxml\jackson\core\jackson-annotations\2.17.1\jackson-annotations-2.17.1.jar;C:\Users\ahmad.irtza\.m2\repository\com\fasterxml\jackson\core\jackson-core\2.17.1\jackson-core-2.17.1.jar;"/>
    <property name="java.vm.vendor" value="Oracle Corporation"/>
    <property name="sun.arch.data.model" value="64"/>
    <property name="user.variant" value=""/>
    <property name="java.vendor.url" value="https://java.oracle.com/"/>
    <property name="user.timezone" value="Asia/Karachi"/>
    <property name="org.jboss.logging.provider" value="slf4j"/>
    <property name="user.country.format" value="PK"/>
    <property name="os.name" value="Windows 10"/>
    <property name="java.vm.specification.version" value="22"/>
    <property name="sun.java.launcher" value="SUN_STANDARD"/>
    <property name="user.country" value="US"/>
    <property name="sun.boot.library.path" value="C:\Users\ahmad.irtza\.jdks\openjdk-22.0.1\bin"/>
    <property name="sun.java.command" value="C:\Users\ahmad.irtza\AppData\Local\Temp\surefire17493345956633611484\surefirebooter-20240729161346911_3.jar C:\Users\ahmad.irtza\AppData\Local\Temp\surefire17493345956633611484 2024-07-29T16-13-46_786-jvmRun1 surefire-20240729161346911_1tmp surefire_0-20240729161346911_2tmp"/>
    <property name="jdk.debug" value="release"/>
    <property name="surefire.test.class.path" value="C:\Users\ahmad.irtza\Desktop\RedmathTraining\Bank-be-final\target\test-classes;C:\Users\ahmad.irtza\Desktop\RedmathTraining\Bank-be-final\target\classes;C:\Users\ahmad.irtza\.m2\repository\org\springframework\boot\spring-boot-starter-data-jpa\3.3.1\spring-boot-starter-data-jpa-3.3.1.jar;C:\Users\ahmad.irtza\.m2\repository\org\springframework\boot\spring-boot-starter-aop\3.3.1\spring-boot-starter-aop-3.3.1.jar;C:\Users\ahmad.irtza\.m2\repository\org\aspectj\aspectjweaver\1.9.22\aspectjweaver-1.9.22.jar;C:\Users\ahmad.irtza\.m2\repository\org\springframework\boot\spring-boot-starter-jdbc\3.3.1\spring-boot-starter-jdbc-3.3.1.jar;C:\Users\ahmad.irtza\.m2\repository\com\zaxxer\HikariCP\5.1.0\HikariCP-5.1.0.jar;C:\Users\ahmad.irtza\.m2\repository\org\springframework\spring-jdbc\6.1.10\spring-jdbc-6.1.10.jar;C:\Users\ahmad.irtza\.m2\repository\org\hibernate\orm\hibernate-core\6.5.2.Final\hibernate-core-6.5.2.Final.jar;C:\Users\ahmad.irtza\.m2\repository\jakarta\persistence\jakarta.persistence-api\3.1.0\jakarta.persistence-api-3.1.0.jar;C:\Users\ahmad.irtza\.m2\repository\jakarta\transaction\jakarta.transaction-api\2.0.1\jakarta.transaction-api-2.0.1.jar;C:\Users\ahmad.irtza\.m2\repository\org\jboss\logging\jboss-logging\3.5.3.Final\jboss-logging-3.5.3.Final.jar;C:\Users\ahmad.irtza\.m2\repository\org\hibernate\common\hibernate-commons-annotations\6.0.6.Final\hibernate-commons-annotations-6.0.6.Final.jar;C:\Users\ahmad.irtza\.m2\repository\io\smallrye\jandex\3.1.2\jandex-3.1.2.jar;C:\Users\ahmad.irtza\.m2\repository\com\fasterxml\classmate\1.7.0\classmate-1.7.0.jar;C:\Users\ahmad.irtza\.m2\repository\net\bytebuddy\byte-buddy\1.14.17\byte-buddy-1.14.17.jar;C:\Users\ahmad.irtza\.m2\repository\org\glassfish\jaxb\jaxb-runtime\4.0.5\jaxb-runtime-4.0.5.jar;C:\Users\ahmad.irtza\.m2\repository\org\glassfish\jaxb\jaxb-core\4.0.5\jaxb-core-4.0.5.jar;C:\Users\ahmad.irtza\.m2\repository\org\eclipse\angus\angus-activation\2.0.2\angus-activation-2.0.2.jar;C:\Users\ahmad.irtza\.m2\repository\org\glassfish\jaxb\txw2\4.0.5\txw2-4.0.5.jar;C:\Users\ahmad.irtza\.m2\repository\com\sun\istack\istack-commons-runtime\4.1.2\istack-commons-runtime-4.1.2.jar;C:\Users\ahmad.irtza\.m2\repository\jakarta\inject\jakarta.inject-api\2.0.1\jakarta.inject-api-2.0.1.jar;C:\Users\ahmad.irtza\.m2\repository\org\antlr\antlr4-runtime\4.13.0\antlr4-runtime-4.13.0.jar;C:\Users\ahmad.irtza\.m2\repository\org\springframework\data\spring-data-jpa\3.3.1\spring-data-jpa-3.3.1.jar;C:\Users\ahmad.irtza\.m2\repository\org\springframework\data\spring-data-commons\3.3.1\spring-data-commons-3.3.1.jar;C:\Users\ahmad.irtza\.m2\repository\org\springframework\spring-orm\6.1.10\spring-orm-6.1.10.jar;C:\Users\ahmad.irtza\.m2\repository\org\springframework\spring-context\6.1.10\spring-context-6.1.10.jar;C:\Users\ahmad.irtza\.m2\repository\org\springframework\spring-tx\6.1.10\spring-tx-6.1.10.jar;C:\Users\ahmad.irtza\.m2\repository\org\springframework\spring-beans\6.1.10\spring-beans-6.1.10.jar;C:\Users\ahmad.irtza\.m2\repository\jakarta\annotation\jakarta.annotation-api\2.1.1\jakarta.annotation-api-2.1.1.jar;C:\Users\ahmad.irtza\.m2\repository\org\springframework\spring-aspects\6.1.10\spring-aspects-6.1.10.jar;C:\Users\ahmad.irtza\.m2\repository\org\springframework\boot\spring-boot-starter-web\3.3.1\spring-boot-starter-web-3.3.1.jar;C:\Users\ahmad.irtza\.m2\repository\org\springframework\boot\spring-boot-starter\3.3.1\spring-boot-starter-3.3.1.jar;C:\Users\ahmad.irtza\.m2\repository\org\springframework\boot\spring-boot\3.3.1\spring-boot-3.3.1.jar;C:\Users\ahmad.irtza\.m2\repository\org\springframework\boot\spring-boot-autoconfigure\3.3.1\spring-boot-autoconfigure-3.3.1.jar;C:\Users\ahmad.irtza\.m2\repository\org\springframework\boot\spring-boot-starter-logging\3.3.1\spring-boot-starter-logging-3.3.1.jar;C:\Users\ahmad.irtza\.m2\repository\ch\qos\logback\logback-classic\1.5.6\logback-classic-1.5.6.jar;C:\Users\ahmad.irtza\.m2\repository\ch\qos\logback\logback-core\1.5.6\logback-core-1.5.6.jar;C:\Users\ahmad.irtza\.m2\repository\org\apache\logging\log4j\log4j-to-slf4j\2.23.1\log4j-to-slf4j-2.23.1.jar;C:\Users\ahmad.irtza\.m2\repository\org\apache\logging\log4j\log4j-api\2.23.1\log4j-api-2.23.1.jar;C:\Users\ahmad.irtza\.m2\repository\org\slf4j\jul-to-slf4j\2.0.13\jul-to-slf4j-2.0.13.jar;C:\Users\ahmad.irtza\.m2\repository\org\springframework\boot\spring-boot-starter-json\3.3.1\spring-boot-starter-json-3.3.1.jar;C:\Users\ahmad.irtza\.m2\repository\com\fasterxml\jackson\datatype\jackson-datatype-jdk8\2.17.1\jackson-datatype-jdk8-2.17.1.jar;C:\Users\ahmad.irtza\.m2\repository\com\fasterxml\jackson\datatype\jackson-datatype-jsr310\2.17.1\jackson-datatype-jsr310-2.17.1.jar;C:\Users\ahmad.irtza\.m2\repository\com\fasterxml\jackson\module\jackson-module-parameter-names\2.17.1\jackson-module-parameter-names-2.17.1.jar;C:\Users\ahmad.irtza\.m2\repository\org\springframework\boot\spring-boot-starter-tomcat\3.3.1\spring-boot-starter-tomcat-3.3.1.jar;C:\Users\ahmad.irtza\.m2\repository\org\apache\tomcat\embed\tomcat-embed-core\10.1.25\tomcat-embed-core-10.1.25.jar;C:\Users\ahmad.irtza\.m2\repository\org\apache\tomcat\embed\tomcat-embed-el\10.1.25\tomcat-embed-el-10.1.25.jar;C:\Users\ahmad.irtza\.m2\repository\org\apache\tomcat\embed\tomcat-embed-websocket\10.1.25\tomcat-embed-websocket-10.1.25.jar;C:\Users\ahmad.irtza\.m2\repository\org\springframework\spring-web\6.1.10\spring-web-6.1.10.jar;C:\Users\ahmad.irtza\.m2\repository\org\springframework\spring-webmvc\6.1.10\spring-webmvc-6.1.10.jar;C:\Users\ahmad.irtza\.m2\repository\org\springframework\spring-expression\6.1.10\spring-expression-6.1.10.jar;C:\Users\ahmad.irtza\.m2\repository\org\liquibase\liquibase-core\4.27.0\liquibase-core-4.27.0.jar;C:\Users\ahmad.irtza\.m2\repository\com\opencsv\opencsv\5.9\opencsv-5.9.jar;C:\Users\ahmad.irtza\.m2\repository\org\apache\commons\commons-text\1.11.0\commons-text-1.11.0.jar;C:\Users\ahmad.irtza\.m2\repository\org\apache\commons\commons-collections4\4.4\commons-collections4-4.4.jar;C:\Users\ahmad.irtza\.m2\repository\org\yaml\snakeyaml\2.2\snakeyaml-2.2.jar;C:\Users\ahmad.irtza\.m2\repository\org\apache\commons\commons-lang3\3.14.0\commons-lang3-3.14.0.jar;C:\Users\ahmad.irtza\.m2\repository\org\springframework\boot\spring-boot-starter-security\3.3.1\spring-boot-starter-security-3.3.1.jar;C:\Users\ahmad.irtza\.m2\repository\org\springframework\spring-aop\6.1.10\spring-aop-6.1.10.jar;C:\Users\ahmad.irtza\.m2\repository\org\springframework\security\spring-security-config\6.3.1\spring-security-config-6.3.1.jar;C:\Users\ahmad.irtza\.m2\repository\org\springframework\security\spring-security-web\6.3.1\spring-security-web-6.3.1.jar;C:\Users\ahmad.irtza\.m2\repository\org\springframework\security\spring-security-test\6.3.1\spring-security-test-6.3.1.jar;C:\Users\ahmad.irtza\.m2\repository\org\springframework\security\spring-security-core\6.3.1\spring-security-core-6.3.1.jar;C:\Users\ahmad.irtza\.m2\repository\org\springframework\security\spring-security-crypto\6.3.1\spring-security-crypto-6.3.1.jar;C:\Users\ahmad.irtza\.m2\repository\org\springframework\spring-core\6.1.10\spring-core-6.1.10.jar;C:\Users\ahmad.irtza\.m2\repository\org\springframework\spring-jcl\6.1.10\spring-jcl-6.1.10.jar;C:\Users\ahmad.irtza\.m2\repository\org\springframework\spring-test\6.1.10\spring-test-6.1.10.jar;C:\Users\ahmad.irtza\.m2\repository\com\h2database\h2\2.2.224\h2-2.2.224.jar;C:\Users\ahmad.irtza\.m2\repository\org\projectlombok\lombok\1.18.32\lombok-1.18.32.jar;C:\Users\ahmad.irtza\.m2\repository\org\springframework\boot\spring-boot-starter-test\3.3.1\spring-boot-starter-test-3.3.1.jar;C:\Users\ahmad.irtza\.m2\repository\org\springframework\boot\spring-boot-test\3.3.1\spring-boot-test-3.3.1.jar;C:\Users\ahmad.irtza\.m2\repository\org\springframework\boot\spring-boot-test-autoconfigure\3.3.1\spring-boot-test-autoconfigure-3.3.1.jar;C:\Users\ahmad.irtza\.m2\repository\com\jayway\jsonpath\json-path\2.9.0\json-path-2.9.0.jar;C:\Users\ahmad.irtza\.m2\repository\jakarta\xml\bind\jakarta.xml.bind-api\4.0.2\jakarta.xml.bind-api-4.0.2.jar;C:\Users\ahmad.irtza\.m2\repository\jakarta\activation\jakarta.activation-api\2.1.3\jakarta.activation-api-2.1.3.jar;C:\Users\ahmad.irtza\.m2\repository\net\minidev\json-smart\2.5.1\json-smart-2.5.1.jar;C:\Users\ahmad.irtza\.m2\repository\net\minidev\accessors-smart\2.5.1\accessors-smart-2.5.1.jar;C:\Users\ahmad.irtza\.m2\repository\org\ow2\asm\asm\9.6\asm-9.6.jar;C:\Users\ahmad.irtza\.m2\repository\org\assertj\assertj-core\3.25.3\assertj-core-3.25.3.jar;C:\Users\ahmad.irtza\.m2\repository\org\awaitility\awaitility\4.2.1\awaitility-4.2.1.jar;C:\Users\ahmad.irtza\.m2\repository\org\hamcrest\hamcrest\2.2\hamcrest-2.2.jar;C:\Users\ahmad.irtza\.m2\repository\org\junit\jupiter\junit-jupiter\5.10.2\junit-jupiter-5.10.2.jar;C:\Users\ahmad.irtza\.m2\repository\org\junit\jupiter\junit-jupiter-api\5.10.2\junit-jupiter-api-5.10.2.jar;C:\Users\ahmad.irtza\.m2\repository\org\opentest4j\opentest4j\1.3.0\opentest4j-1.3.0.jar;C:\Users\ahmad.irtza\.m2\repository\org\junit\platform\junit-platform-commons\1.10.2\junit-platform-commons-1.10.2.jar;C:\Users\ahmad.irtza\.m2\repository\org\apiguardian\apiguardian-api\1.1.2\apiguardian-api-1.1.2.jar;C:\Users\ahmad.irtza\.m2\repository\org\junit\jupiter\junit-jupiter-params\5.10.2\junit-jupiter-params-5.10.2.jar;C:\Users\ahmad.irtza\.m2\repository\org\junit\jupiter\junit-jupiter-engine\5.10.2\junit-jupiter-engine-5.10.2.jar;C:\Users\ahmad.irtza\.m2\repository\org\junit\platform\junit-platform-engine\1.10.2\junit-platform-engine-1.10.2.jar;C:\Users\ahmad.irtza\.m2\repository\org\mockito\mockito-core\5.11.0\mockito-core-5.11.0.jar;C:\Users\ahmad.irtza\.m2\repository\net\bytebuddy\byte-buddy-agent\1.14.17\byte-buddy-agent-1.14.17.jar;C:\Users\ahmad.irtza\.m2\repository\org\objenesis\objenesis\3.3\objenesis-3.3.jar;C:\Users\ahmad.irtza\.m2\repository\org\mockito\mockito-junit-jupiter\5.11.0\mockito-junit-jupiter-5.11.0.jar;C:\Users\ahmad.irtza\.m2\repository\org\skyscreamer\jsonassert\1.5.1\jsonassert-1.5.1.jar;C:\Users\ahmad.irtza\.m2\repository\com\vaadin\external\google\android-json\0.0.20131108.vaadin1\android-json-0.0.20131108.vaadin1.jar;C:\Users\ahmad.irtza\.m2\repository\org\xmlunit\xmlunit-core\2.9.1\xmlunit-core-2.9.1.jar;C:\Users\ahmad.irtza\.m2\repository\org\springdoc\springdoc-openapi-starter-webmvc-ui\2.6.0\springdoc-openapi-starter-webmvc-ui-2.6.0.jar;C:\Users\ahmad.irtza\.m2\repository\org\springdoc\springdoc-openapi-starter-webmvc-api\2.6.0\springdoc-openapi-starter-webmvc-api-2.6.0.jar;C:\Users\ahmad.irtza\.m2\repository\org\springdoc\springdoc-openapi-starter-common\2.6.0\springdoc-openapi-starter-common-2.6.0.jar;C:\Users\ahmad.irtza\.m2\repository\io\swagger\core\v3\swagger-core-jakarta\2.2.22\swagger-core-jakarta-2.2.22.jar;C:\Users\ahmad.irtza\.m2\repository\io\swagger\core\v3\swagger-annotations-jakarta\2.2.22\swagger-annotations-jakarta-2.2.22.jar;C:\Users\ahmad.irtza\.m2\repository\io\swagger\core\v3\swagger-models-jakarta\2.2.22\swagger-models-jakarta-2.2.22.jar;C:\Users\ahmad.irtza\.m2\repository\jakarta\validation\jakarta.validation-api\3.0.2\jakarta.validation-api-3.0.2.jar;C:\Users\ahmad.irtza\.m2\repository\com\fasterxml\jackson\dataformat\jackson-dataformat-yaml\2.17.1\jackson-dataformat-yaml-2.17.1.jar;C:\Users\ahmad.irtza\.m2\repository\org\webjars\swagger-ui\5.17.14\swagger-ui-5.17.14.jar;C:\Users\ahmad.irtza\.m2\repository\org\springframework\boot\spring-boot-starter-cache\3.3.1\spring-boot-starter-cache-3.3.1.jar;C:\Users\ahmad.irtza\.m2\repository\org\springframework\spring-context-support\6.1.10\spring-context-support-6.1.10.jar;C:\Users\ahmad.irtza\.m2\repository\com\mysql\mysql-connector-j\8.3.0\mysql-connector-j-8.3.0.jar;C:\Users\ahmad.irtza\.m2\repository\org\springframework\boot\spring-boot-starter-actuator\3.3.1\spring-boot-starter-actuator-3.3.1.jar;C:\Users\ahmad.irtza\.m2\repository\org\springframework\boot\spring-boot-actuator-autoconfigure\3.3.1\spring-boot-actuator-autoconfigure-3.3.1.jar;C:\Users\ahmad.irtza\.m2\repository\org\springframework\boot\spring-boot-actuator\3.3.1\spring-boot-actuator-3.3.1.jar;C:\Users\ahmad.irtza\.m2\repository\io\micrometer\micrometer-observation\1.13.1\micrometer-observation-1.13.1.jar;C:\Users\ahmad.irtza\.m2\repository\io\micrometer\micrometer-commons\1.13.1\micrometer-commons-1.13.1.jar;C:\Users\ahmad.irtza\.m2\repository\io\micrometer\micrometer-jakarta9\1.13.1\micrometer-jakarta9-1.13.1.jar;C:\Users\ahmad.irtza\.m2\repository\io\micrometer\micrometer-core\1.13.1\micrometer-core-1.13.1.jar;C:\Users\ahmad.irtza\.m2\repository\org\hdrhistogram\HdrHistogram\2.2.2\HdrHistogram-2.2.2.jar;C:\Users\ahmad.irtza\.m2\repository\org\latencyutils\LatencyUtils\2.0.3\LatencyUtils-2.0.3.jar;C:\Users\ahmad.irtza\.m2\repository\io\micrometer\micrometer-tracing-bridge-brave\1.3.1\micrometer-tracing-bridge-brave-1.3.1.jar;C:\Users\ahmad.irtza\.m2\repository\io\micrometer\micrometer-tracing\1.3.1\micrometer-tracing-1.3.1.jar;C:\Users\ahmad.irtza\.m2\repository\io\micrometer\context-propagation\1.1.1\context-propagation-1.1.1.jar;C:\Users\ahmad.irtza\.m2\repository\aopalliance\aopalliance\1.0\aopalliance-1.0.jar;C:\Users\ahmad.irtza\.m2\repository\org\slf4j\slf4j-api\2.0.13\slf4j-api-2.0.13.jar;C:\Users\ahmad.irtza\.m2\repository\io\zipkin\brave\brave\6.0.3\brave-6.0.3.jar;C:\Users\ahmad.irtza\.m2\repository\io\zipkin\brave\brave-context-slf4j\6.0.3\brave-context-slf4j-6.0.3.jar;C:\Users\ahmad.irtza\.m2\repository\io\zipkin\brave\brave-instrumentation-http\6.0.3\brave-instrumentation-http-6.0.3.jar;C:\Users\ahmad.irtza\.m2\repository\io\zipkin\aws\brave-propagation-aws\1.2.5\brave-propagation-aws-1.2.5.jar;C:\Users\ahmad.irtza\.m2\repository\io\zipkin\contrib\brave-propagation-w3c\brave-propagation-tracecontext\0.2.0\brave-propagation-tracecontext-0.2.0.jar;C:\Users\ahmad.irtza\.m2\repository\javax\xml\bind\jaxb-api\2.3.1\jaxb-api-2.3.1.jar;C:\Users\ahmad.irtza\.m2\repository\javax\activation\javax.activation-api\1.2.0\javax.activation-api-1.2.0.jar;C:\Users\ahmad.irtza\.m2\repository\org\javassist\javassist\3.25.0-GA\javassist-3.25.0-GA.jar;C:\Users\ahmad.irtza\.m2\repository\io\jsonwebtoken\jjwt-api\0.11.5\jjwt-api-0.11.5.jar;C:\Users\ahmad.irtza\.m2\repository\io\jsonwebtoken\jjwt-impl\0.11.5\jjwt-impl-0.11.5.jar;C:\Users\ahmad.irtza\.m2\repository\io\jsonwebtoken\jjwt-jackson\0.11.5\jjwt-jackson-0.11.5.jar;C:\Users\ahmad.irtza\.m2\repository\com\fasterxml\jackson\core\jackson-databind\2.17.1\jackson-databind-2.17.1.jar;C:\Users\ahmad.irtza\.m2\repository\com\fasterxml\jackson\core\jackson-annotations\2.17.1\jackson-annotations-2.17.1.jar;C:\Users\ahmad.irtza\.m2\repository\com\fasterxml\jackson\core\jackson-core\2.17.1\jackson-core-2.17.1.jar;"/>
    <property name="sun.cpu.endian" value="little"/>
    <property name="user.home" value="C:\Users\ahmad.irtza"/>
    <property name="user.language" value="en"/>
    <property name="java.specification.vendor" value="Oracle Corporation"/>
    <property name="java.version.date" value="2024-04-16"/>
    <property name="java.home" value="C:\Users\ahmad.irtza\.jdks\openjdk-22.0.1"/>
    <property name="file.separator" value="\"/>
    <property name="basedir" value="C:\Users\ahmad.irtza\Desktop\RedmathTraining\Bank-be-final"/>
    <property name="java.vm.compressedOopsMode" value="Zero based"/>
    <property name="line.separator" value="&#10;"/>
    <property name="java.vm.specification.vendor" value="Oracle Corporation"/>
    <property name="java.specification.name" value="Java Platform API Specification"/>
    <property name="FILE_LOG_CHARSET" value="UTF-8"/>
    <property name="java.awt.headless" value="true"/>
    <property name="surefire.real.class.path" value="C:\Users\ahmad.irtza\AppData\Local\Temp\surefire17493345956633611484\surefirebooter-20240729161346911_3.jar"/>
    <property name="user.script" value=""/>
    <property name="sun.management.compiler" value="HotSpot 64-Bit Tiered Compilers"/>
    <property name="java.runtime.version" value="22.0.1+8-16"/>
    <property name="LOG_CORRELATION_PATTERN" value="%correlationId"/>
    <property name="user.name" value="ahmad.irtza"/>
    <property name="stdout.encoding" value="Cp1252"/>
    <property name="path.separator" value=";"/>
    <property name="os.version" value="10.0"/>
    <property name="java.runtime.name" value="OpenJDK Runtime Environment"/>
    <property name="file.encoding" value="UTF-8"/>
    <property name="java.vm.name" value="OpenJDK 64-Bit Server VM"/>
    <property name="localRepository" value="C:\Users\ahmad.irtza\.m2\repository"/>
    <property name="java.vendor.url.bug" value="https://bugreport.java.com/bugreport/"/>
    <property name="java.io.tmpdir" value="C:\Users\AHMAD~1.IRT\AppData\Local\Temp\"/>
    <property name="idea.version" value="2024.1.4"/>
    <property name="com.zaxxer.hikari.pool_number" value="1"/>
    <property name="java.version" value="22.0.1"/>
    <property name="user.dir" value="C:\Users\ahmad.irtza\Desktop\RedmathTraining\Bank-be-final"/>
    <property name="os.arch" value="amd64"/>
    <property name="java.vm.specification.name" value="Java Virtual Machine Specification"/>
    <property name="PID" value="6724"/>
    <property name="sun.os.patch.level" value=""/>
    <property name="CONSOLE_LOG_CHARSET" value="UTF-8"/>
    <property name="native.encoding" value="Cp1252"/>
    <property name="java.library.path" value="C:\Users\ahmad.irtza\.jdks\openjdk-22.0.1\bin;C:\Windows\Sun\Java\bin;C:\Windows\system32;C:\Windows;C:\Windows\system32;C:\Windows;C:\Windows\System32\Wbem;C:\Windows\System32\WindowsPowerShell\v1.0\;C:\Windows\System32\OpenSSH\;C:\java\jdk-21.0.3\bin;C:\Users\ahmad.irtza\AppData\Local\Programs\Git\cmd;C:\Users\ahmad.irtza\Downloads\node-v20.15.1-win-x64;C:\Users\ahmad.irtza\Downloads\mysql-connector-c++-8.4.0-winx64\mysql-connector-c++-8.4.0-winx64\bin;C:\Users\ahmad.irtza\AppData\Local\Programs\Microsoft VS Code\bin;."/>
    <property name="java.vm.info" value="mixed mode, sharing"/>
    <property name="stderr.encoding" value="Cp1252"/>
    <property name="java.vendor" value="Oracle Corporation"/>
    <property name="java.vm.version" value="22.0.1+8-16"/>
    <property name="sun.io.unicode.encoding" value="UnicodeLittle"/>
    <property name="java.class.version" value="66.0"/>
    <property name="LOGGED_APPLICATION_NAME" value="[project02] "/>
  </properties>
  <testcase name="testGetAccountById_Success" classname="com.practice.project06.AccountApiControllerTest" time="1.719">
    <system-out><![CDATA[16:13:48.537 [main] INFO org.springframework.test.context.support.AnnotationConfigContextLoaderUtils -- Could not detect default configuration classes for test class [com.practice.project06.AccountApiControllerTest]: AccountApiControllerTest does not declare any static, non-private, non-final, nested classes annotated with @Configuration.
16:13:48.771 [main] INFO org.springframework.boot.test.context.SpringBootTestContextBootstrapper -- Found @SpringBootConfiguration com.practice.project06.Project05Application for test class com.practice.project06.AccountApiControllerTest

  .   ____          _            __ _ _
 /\\ / ___'_ __ _ _(_)_ __  __ _ \ \ \ \
( ( )\___ | '_ | '_| | '_ \/ _` | \ \ \ \
 \\/  ___)| |_)| | | | | || (_| |  ) ) ) )
  '  |____| .__|_| |_|_| |_\__, | / / / /
 =========|_|==============|___/=/_/_/_/

 :: Spring Boot ::                (v3.3.1)

2024-07-29T16:13:50.539+05:00  INFO 6724 --- [project02] [           main] [                                                 ] c.p.project06.AccountApiControllerTest   : Starting AccountApiControllerTest using Java 22.0.1 with PID 6724 (started by ahmad.irtza in C:\Users\ahmad.irtza\Desktop\RedmathTraining\Bank-be-final)
2024-07-29T16:13:50.539+05:00  INFO 6724 --- [project02] [           main] [                                                 ] c.p.project06.AccountApiControllerTest   : Starting AccountApiControllerTest using Java 22.0.1 with PID 6724 (started by ahmad.irtza in C:\Users\ahmad.irtza\Desktop\RedmathTraining\Bank-be-final)
2024-07-29T16:13:50.555+05:00  INFO 6724 --- [project02] [           main] [                                                 ] c.p.project06.AccountApiControllerTest   : No active profile set, falling back to 1 default profile: "default"
2024-07-29T16:13:50.555+05:00  INFO 6724 --- [project02] [           main] [                                                 ] c.p.project06.AccountApiControllerTest   : No active profile set, falling back to 1 default profile: "default"
2024-07-29T16:13:52.823+05:00  INFO 6724 --- [project02] [           main] [                                                 ] .s.d.r.c.RepositoryConfigurationDelegate : Bootstrapping Spring Data JPA repositories in DEFAULT mode.
2024-07-29T16:13:52.823+05:00  INFO 6724 --- [project02] [           main] [                                                 ] .s.d.r.c.RepositoryConfigurationDelegate : Bootstrapping Spring Data JPA repositories in DEFAULT mode.
2024-07-29T16:13:53.191+05:00  INFO 6724 --- [project02] [           main] [                                                 ] .s.d.r.c.RepositoryConfigurationDelegate : Finished Spring Data repository scanning in 246 ms. Found 4 JPA repository interfaces.
2024-07-29T16:13:53.191+05:00  INFO 6724 --- [project02] [           main] [                                                 ] .s.d.r.c.RepositoryConfigurationDelegate : Finished Spring Data repository scanning in 246 ms. Found 4 JPA repository interfaces.
2024-07-29T16:13:56.692+05:00  INFO 6724 --- [project02] [           main] [                                                 ] com.zaxxer.hikari.HikariDataSource       : HikariPool-1 - Starting...
2024-07-29T16:13:56.692+05:00  INFO 6724 --- [project02] [           main] [                                                 ] com.zaxxer.hikari.HikariDataSource       : HikariPool-1 - Starting...
2024-07-29T16:13:57.145+05:00  INFO 6724 --- [project02] [           main] [                                                 ] com.zaxxer.hikari.pool.HikariPool        : HikariPool-1 - Added connection conn0: url=jdbc:h2:mem:bank user=TEST
2024-07-29T16:13:57.145+05:00  INFO 6724 --- [project02] [           main] [                                                 ] com.zaxxer.hikari.pool.HikariPool        : HikariPool-1 - Added connection conn0: url=jdbc:h2:mem:bank user=TEST
2024-07-29T16:13:57.145+05:00  INFO 6724 --- [project02] [           main] [                                                 ] com.zaxxer.hikari.HikariDataSource       : HikariPool-1 - Start completed.
2024-07-29T16:13:57.145+05:00  INFO 6724 --- [project02] [           main] [                                                 ] com.zaxxer.hikari.HikariDataSource       : HikariPool-1 - Start completed.
2024-07-29T16:13:57.270+05:00  INFO 6724 --- [project02] [           main] [                                                 ] liquibase.database                       : Set default schema name to PUBLIC
2024-07-29T16:13:57.270+05:00  INFO 6724 --- [project02] [           main] [                                                 ] liquibase.database                       : Set default schema name to PUBLIC
2024-07-29T16:13:57.768+05:00  INFO 6724 --- [project02] [           main] [                                                 ] liquibase.changelog                      : Creating database history table with name: PUBLIC.DATABASECHANGELOG
2024-07-29T16:13:57.768+05:00  INFO 6724 --- [project02] [           main] [                                                 ] liquibase.changelog                      : Creating database history table with name: PUBLIC.DATABASECHANGELOG
2024-07-29T16:13:57.924+05:00  INFO 6724 --- [project02] [           main] [                                                 ] liquibase.changelog                      : Reading from PUBLIC.DATABASECHANGELOG
2024-07-29T16:13:57.924+05:00  INFO 6724 --- [project02] [           main] [                                                 ] liquibase.changelog                      : Reading from PUBLIC.DATABASECHANGELOG
2024-07-29T16:13:58.033+05:00  INFO 6724 --- [project02] [           main] [                                                 ] liquibase.lockservice                    : Successfully acquired change log lock
2024-07-29T16:13:58.033+05:00  INFO 6724 --- [project02] [           main] [                                                 ] liquibase.lockservice                    : Successfully acquired change log lock
2024-07-29T16:13:58.033+05:00  INFO 6724 --- [project02] [           main] [                                                 ] liquibase.command                        : Using deploymentId: 2251638033
2024-07-29T16:13:58.033+05:00  INFO 6724 --- [project02] [           main] [                                                 ] liquibase.command                        : Using deploymentId: 2251638033
2024-07-29T16:13:58.049+05:00  INFO 6724 --- [project02] [           main] [                                                 ] liquibase.changelog                      : Reading from PUBLIC.DATABASECHANGELOG
2024-07-29T16:13:58.049+05:00  INFO 6724 --- [project02] [           main] [                                                 ] liquibase.changelog                      : Reading from PUBLIC.DATABASECHANGELOG
2024-07-29T16:13:58.080+05:00  INFO 6724 --- [project02] [           main] [                                                 ] liquibase.ui                             : Running Changeset: db/changelog/db.changelog-user.yaml::1::Ahmad
2024-07-29T16:13:58.080+05:00  INFO 6724 --- [project02] [           main] [                                                 ] liquibase.ui                             : Running Changeset: db/changelog/db.changelog-user.yaml::1::Ahmad
2024-07-29T16:13:58.096+05:00  INFO 6724 --- [project02] [           main] [                                                 ] liquibase.changelog                      : Table users created
2024-07-29T16:13:58.096+05:00  INFO 6724 --- [project02] [           main] [                                                 ] liquibase.changelog                      : Table users created
2024-07-29T16:13:58.112+05:00  INFO 6724 --- [project02] [           main] [                                                 ] liquibase.changelog                      : ChangeSet db/changelog/db.changelog-user.yaml::1::Ahmad ran successfully in 16ms
2024-07-29T16:13:58.112+05:00  INFO 6724 --- [project02] [           main] [                                                 ] liquibase.changelog                      : ChangeSet db/changelog/db.changelog-user.yaml::1::Ahmad ran successfully in 16ms
2024-07-29T16:13:58.112+05:00  INFO 6724 --- [project02] [           main] [                                                 ] liquibase.ui                             : Running Changeset: db/changelog/db.changelog-user.yaml::2::Ahmad
2024-07-29T16:13:58.112+05:00  INFO 6724 --- [project02] [           main] [                                                 ] liquibase.ui                             : Running Changeset: db/changelog/db.changelog-user.yaml::2::Ahmad
2024-07-29T16:13:58.112+05:00  INFO 6724 --- [project02] [           main] [                                                 ] liquibase.changelog                      : New row inserted into users
2024-07-29T16:13:58.112+05:00  INFO 6724 --- [project02] [           main] [                                                 ] liquibase.changelog                      : New row inserted into users
2024-07-29T16:13:58.112+05:00  INFO 6724 --- [project02] [           main] [                                                 ] liquibase.changelog                      : ChangeSet db/changelog/db.changelog-user.yaml::2::Ahmad ran successfully in 0ms
2024-07-29T16:13:58.112+05:00  INFO 6724 --- [project02] [           main] [                                                 ] liquibase.changelog                      : ChangeSet db/changelog/db.changelog-user.yaml::2::Ahmad ran successfully in 0ms
2024-07-29T16:13:58.127+05:00  INFO 6724 --- [project02] [           main] [                                                 ] liquibase.ui                             : Running Changeset: db/changelog/db.changelog-user.yaml::3::Ahmad
2024-07-29T16:13:58.127+05:00  INFO 6724 --- [project02] [           main] [                                                 ] liquibase.ui                             : Running Changeset: db/changelog/db.changelog-user.yaml::3::Ahmad
2024-07-29T16:13:58.127+05:00  INFO 6724 --- [project02] [           main] [                                                 ] liquibase.changelog                      : New row inserted into users
2024-07-29T16:13:58.127+05:00  INFO 6724 --- [project02] [           main] [                                                 ] liquibase.changelog                      : New row inserted into users
2024-07-29T16:13:58.127+05:00  INFO 6724 --- [project02] [           main] [                                                 ] liquibase.changelog                      : ChangeSet db/changelog/db.changelog-user.yaml::3::Ahmad ran successfully in 0ms
2024-07-29T16:13:58.127+05:00  INFO 6724 --- [project02] [           main] [                                                 ] liquibase.changelog                      : ChangeSet db/changelog/db.changelog-user.yaml::3::Ahmad ran successfully in 0ms
2024-07-29T16:13:58.127+05:00  INFO 6724 --- [project02] [           main] [                                                 ] liquibase.ui                             : Running Changeset: db/changelog/db.changelog-user.yaml::5::Ahmad
2024-07-29T16:13:58.127+05:00  INFO 6724 --- [project02] [           main] [                                                 ] liquibase.ui                             : Running Changeset: db/changelog/db.changelog-user.yaml::5::Ahmad
2024-07-29T16:13:58.127+05:00  INFO 6724 --- [project02] [           main] [                                                 ] liquibase.changelog                      : New row inserted into users
2024-07-29T16:13:58.127+05:00  INFO 6724 --- [project02] [           main] [                                                 ] liquibase.changelog                      : New row inserted into users
2024-07-29T16:13:58.127+05:00  INFO 6724 --- [project02] [           main] [                                                 ] liquibase.changelog                      : ChangeSet db/changelog/db.changelog-user.yaml::5::Ahmad ran successfully in 0ms
2024-07-29T16:13:58.127+05:00  INFO 6724 --- [project02] [           main] [                                                 ] liquibase.changelog                      : ChangeSet db/changelog/db.changelog-user.yaml::5::Ahmad ran successfully in 0ms
2024-07-29T16:13:58.127+05:00  INFO 6724 --- [project02] [           main] [                                                 ] liquibase.ui                             : Running Changeset: db/changelog/db.changelog-user.yaml::6::Ahmad
2024-07-29T16:13:58.127+05:00  INFO 6724 --- [project02] [           main] [                                                 ] liquibase.ui                             : Running Changeset: db/changelog/db.changelog-user.yaml::6::Ahmad
2024-07-29T16:13:58.143+05:00  INFO 6724 --- [project02] [           main] [                                                 ] liquibase.changelog                      : New row inserted into users
2024-07-29T16:13:58.143+05:00  INFO 6724 --- [project02] [           main] [                                                 ] liquibase.changelog                      : New row inserted into users
2024-07-29T16:13:58.143+05:00  INFO 6724 --- [project02] [           main] [                                                 ] liquibase.changelog                      : ChangeSet db/changelog/db.changelog-user.yaml::6::Ahmad ran successfully in 16ms
2024-07-29T16:13:58.143+05:00  INFO 6724 --- [project02] [           main] [                                                 ] liquibase.changelog                      : ChangeSet db/changelog/db.changelog-user.yaml::6::Ahmad ran successfully in 16ms
2024-07-29T16:13:58.143+05:00  INFO 6724 --- [project02] [           main] [                                                 ] liquibase.ui                             : Running Changeset: db/changelog/db.changelog-account.yaml::7::Ahmad
2024-07-29T16:13:58.143+05:00  INFO 6724 --- [project02] [           main] [                                                 ] liquibase.ui                             : Running Changeset: db/changelog/db.changelog-account.yaml::7::Ahmad
2024-07-29T16:13:58.143+05:00  INFO 6724 --- [project02] [           main] [                                                 ] liquibase.changelog                      : Table accounts created
2024-07-29T16:13:58.143+05:00  INFO 6724 --- [project02] [           main] [                                                 ] liquibase.changelog                      : Table accounts created
2024-07-29T16:13:58.158+05:00  INFO 6724 --- [project02] [           main] [                                                 ] liquibase.changelog                      : Foreign key constraint added to accounts (userID)
2024-07-29T16:13:58.158+05:00  INFO 6724 --- [project02] [           main] [                                                 ] liquibase.changelog                      : Foreign key constraint added to accounts (userID)
2024-07-29T16:13:58.158+05:00  INFO 6724 --- [project02] [           main] [                                                 ] liquibase.changelog                      : ChangeSet db/changelog/db.changelog-account.yaml::7::Ahmad ran successfully in 15ms
2024-07-29T16:13:58.158+05:00  INFO 6724 --- [project02] [           main] [                                                 ] liquibase.changelog                      : ChangeSet db/changelog/db.changelog-account.yaml::7::Ahmad ran successfully in 15ms
2024-07-29T16:13:58.158+05:00  INFO 6724 --- [project02] [           main] [                                                 ] liquibase.ui                             : Running Changeset: db/changelog/db.changelog-account.yaml::10::Ahmad
2024-07-29T16:13:58.158+05:00  INFO 6724 --- [project02] [           main] [                                                 ] liquibase.ui                             : Running Changeset: db/changelog/db.changelog-account.yaml::10::Ahmad
2024-07-29T16:13:58.158+05:00  INFO 6724 --- [project02] [           main] [                                                 ] liquibase.changelog                      : New row inserted into accounts
2024-07-29T16:13:58.158+05:00  INFO 6724 --- [project02] [           main] [                                                 ] liquibase.changelog                      : New row inserted into accounts
2024-07-29T16:13:58.158+05:00  INFO 6724 --- [project02] [           main] [                                                 ] liquibase.changelog                      : ChangeSet db/changelog/db.changelog-account.yaml::10::Ahmad ran successfully in 0ms
2024-07-29T16:13:58.158+05:00  INFO 6724 --- [project02] [           main] [                                                 ] liquibase.changelog                      : ChangeSet db/changelog/db.changelog-account.yaml::10::Ahmad ran successfully in 0ms
2024-07-29T16:13:58.158+05:00  INFO 6724 --- [project02] [           main] [                                                 ] liquibase.ui                             : Running Changeset: db/changelog/db.changelog-account.yaml::11::Ahmad
2024-07-29T16:13:58.158+05:00  INFO 6724 --- [project02] [           main] [                                                 ] liquibase.ui                             : Running Changeset: db/changelog/db.changelog-account.yaml::11::Ahmad
2024-07-29T16:13:58.174+05:00  INFO 6724 --- [project02] [           main] [                                                 ] liquibase.changelog                      : New row inserted into accounts
2024-07-29T16:13:58.174+05:00  INFO 6724 --- [project02] [           main] [                                                 ] liquibase.changelog                      : New row inserted into accounts
2024-07-29T16:13:58.174+05:00  INFO 6724 --- [project02] [           main] [                                                 ] liquibase.changelog                      : ChangeSet db/changelog/db.changelog-account.yaml::11::Ahmad ran successfully in 16ms
2024-07-29T16:13:58.174+05:00  INFO 6724 --- [project02] [           main] [                                                 ] liquibase.changelog                      : ChangeSet db/changelog/db.changelog-account.yaml::11::Ahmad ran successfully in 16ms
2024-07-29T16:13:58.174+05:00  INFO 6724 --- [project02] [           main] [                                                 ] liquibase.ui                             : Running Changeset: db/changelog/db.changelog-account.yaml::12::Ahmad
2024-07-29T16:13:58.174+05:00  INFO 6724 --- [project02] [           main] [                                                 ] liquibase.ui                             : Running Changeset: db/changelog/db.changelog-account.yaml::12::Ahmad
2024-07-29T16:13:58.174+05:00  INFO 6724 --- [project02] [           main] [                                                 ] liquibase.changelog                      : New row inserted into accounts
2024-07-29T16:13:58.174+05:00  INFO 6724 --- [project02] [           main] [                                                 ] liquibase.changelog                      : New row inserted into accounts
2024-07-29T16:13:58.174+05:00  INFO 6724 --- [project02] [           main] [                                                 ] liquibase.changelog                      : ChangeSet db/changelog/db.changelog-account.yaml::12::Ahmad ran successfully in 0ms
2024-07-29T16:13:58.174+05:00  INFO 6724 --- [project02] [           main] [                                                 ] liquibase.changelog                      : ChangeSet db/changelog/db.changelog-account.yaml::12::Ahmad ran successfully in 0ms
2024-07-29T16:13:58.174+05:00  INFO 6724 --- [project02] [           main] [                                                 ] liquibase.ui                             : Running Changeset: db/changelog/db.changelog-balance.yaml::3::Ahmad
2024-07-29T16:13:58.174+05:00  INFO 6724 --- [project02] [           main] [                                                 ] liquibase.ui                             : Running Changeset: db/changelog/db.changelog-balance.yaml::3::Ahmad
2024-07-29T16:13:58.174+05:00  INFO 6724 --- [project02] [           main] [                                                 ] liquibase.changelog                      : Table balances created
2024-07-29T16:13:58.174+05:00  INFO 6724 --- [project02] [           main] [                                                 ] liquibase.changelog                      : Table balances created
2024-07-29T16:13:58.190+05:00  INFO 6724 --- [project02] [           main] [                                                 ] liquibase.changelog                      : Foreign key constraint added to balances (accountID)
2024-07-29T16:13:58.190+05:00  INFO 6724 --- [project02] [           main] [                                                 ] liquibase.changelog                      : Foreign key constraint added to balances (accountID)
2024-07-29T16:13:58.190+05:00  INFO 6724 --- [project02] [           main] [                                                 ] liquibase.changelog                      : ChangeSet db/changelog/db.changelog-balance.yaml::3::Ahmad ran successfully in 16ms
2024-07-29T16:13:58.190+05:00  INFO 6724 --- [project02] [           main] [                                                 ] liquibase.changelog                      : ChangeSet db/changelog/db.changelog-balance.yaml::3::Ahmad ran successfully in 16ms
2024-07-29T16:13:58.190+05:00  INFO 6724 --- [project02] [           main] [                                                 ] liquibase.ui                             : Running Changeset: db/changelog/db.changelog-balance.yaml::4::Ahmad
2024-07-29T16:13:58.190+05:00  INFO 6724 --- [project02] [           main] [                                                 ] liquibase.ui                             : Running Changeset: db/changelog/db.changelog-balance.yaml::4::Ahmad
2024-07-29T16:13:58.190+05:00  INFO 6724 --- [project02] [           main] [                                                 ] liquibase.changelog                      : New row inserted into balances
2024-07-29T16:13:58.190+05:00  INFO 6724 --- [project02] [           main] [                                                 ] liquibase.changelog                      : New row inserted into balances
2024-07-29T16:13:58.190+05:00  INFO 6724 --- [project02] [           main] [                                                 ] liquibase.changelog                      : New row inserted into balances
2024-07-29T16:13:58.190+05:00  INFO 6724 --- [project02] [           main] [                                                 ] liquibase.changelog                      : New row inserted into balances
2024-07-29T16:13:58.190+05:00  INFO 6724 --- [project02] [           main] [                                                 ] liquibase.changelog                      : ChangeSet db/changelog/db.changelog-balance.yaml::4::Ahmad ran successfully in 0ms
2024-07-29T16:13:58.190+05:00  INFO 6724 --- [project02] [           main] [                                                 ] liquibase.changelog                      : ChangeSet db/changelog/db.changelog-balance.yaml::4::Ahmad ran successfully in 0ms
2024-07-29T16:13:58.190+05:00  INFO 6724 --- [project02] [           main] [                                                 ] liquibase.ui                             : Running Changeset: db/changelog/db.changelog-transaction.yaml::3::Ahmad
2024-07-29T16:13:58.190+05:00  INFO 6724 --- [project02] [           main] [                                                 ] liquibase.ui                             : Running Changeset: db/changelog/db.changelog-transaction.yaml::3::Ahmad
2024-07-29T16:13:58.205+05:00  INFO 6724 --- [project02] [           main] [                                                 ] liquibase.changelog                      : Table transactions created
2024-07-29T16:13:58.205+05:00  INFO 6724 --- [project02] [           main] [                                                 ] liquibase.changelog                      : Table transactions created
2024-07-29T16:13:58.205+05:00  INFO 6724 --- [project02] [           main] [                                                 ] liquibase.changelog                      : Foreign key constraint added to transactions (from_account)
2024-07-29T16:13:58.205+05:00  INFO 6724 --- [project02] [           main] [                                                 ] liquibase.changelog                      : Foreign key constraint added to transactions (from_account)
2024-07-29T16:13:58.205+05:00  INFO 6724 --- [project02] [           main] [                                                 ] liquibase.changelog                      : ChangeSet db/changelog/db.changelog-transaction.yaml::3::Ahmad ran successfully in 15ms
2024-07-29T16:13:58.205+05:00  INFO 6724 --- [project02] [           main] [                                                 ] liquibase.changelog                      : ChangeSet db/changelog/db.changelog-transaction.yaml::3::Ahmad ran successfully in 15ms
2024-07-29T16:13:58.205+05:00  INFO 6724 --- [project02] [           main] [                                                 ] liquibase.ui                             : Running Changeset: db/changelog/db.changelog-transaction.yaml::4::Ahmad
2024-07-29T16:13:58.205+05:00  INFO 6724 --- [project02] [           main] [                                                 ] liquibase.ui                             : Running Changeset: db/changelog/db.changelog-transaction.yaml::4::Ahmad
2024-07-29T16:13:58.205+05:00  INFO 6724 --- [project02] [           main] [                                                 ] liquibase.changelog                      : New row inserted into transactions
2024-07-29T16:13:58.205+05:00  INFO 6724 --- [project02] [           main] [                                                 ] liquibase.changelog                      : New row inserted into transactions
2024-07-29T16:13:58.205+05:00  INFO 6724 --- [project02] [           main] [                                                 ] liquibase.changelog                      : ChangeSet db/changelog/db.changelog-transaction.yaml::4::Ahmad ran successfully in 0ms
2024-07-29T16:13:58.205+05:00  INFO 6724 --- [project02] [           main] [                                                 ] liquibase.changelog                      : ChangeSet db/changelog/db.changelog-transaction.yaml::4::Ahmad ran successfully in 0ms
2024-07-29T16:13:58.221+05:00  INFO 6724 --- [project02] [           main] [                                                 ] liquibase.util                           : UPDATE SUMMARY
2024-07-29T16:13:58.221+05:00  INFO 6724 --- [project02] [           main] [                                                 ] liquibase.util                           : UPDATE SUMMARY
2024-07-29T16:13:58.221+05:00  INFO 6724 --- [project02] [           main] [                                                 ] liquibase.util                           : Run:                         13
2024-07-29T16:13:58.221+05:00  INFO 6724 --- [project02] [           main] [                                                 ] liquibase.util                           : Run:                         13
2024-07-29T16:13:58.221+05:00  INFO 6724 --- [project02] [           main] [                                                 ] liquibase.util                           : Previously run:               0
2024-07-29T16:13:58.221+05:00  INFO 6724 --- [project02] [           main] [                                                 ] liquibase.util                           : Previously run:               0
2024-07-29T16:13:58.221+05:00  INFO 6724 --- [project02] [           main] [                                                 ] liquibase.util                           : Filtered out:                 0
2024-07-29T16:13:58.221+05:00  INFO 6724 --- [project02] [           main] [                                                 ] liquibase.util                           : Filtered out:                 0
2024-07-29T16:13:58.221+05:00  INFO 6724 --- [project02] [           main] [                                                 ] liquibase.util                           : -------------------------------
2024-07-29T16:13:58.221+05:00  INFO 6724 --- [project02] [           main] [                                                 ] liquibase.util                           : -------------------------------
2024-07-29T16:13:58.221+05:00  INFO 6724 --- [project02] [           main] [                                                 ] liquibase.util                           : Total change sets:           13
2024-07-29T16:13:58.221+05:00  INFO 6724 --- [project02] [           main] [                                                 ] liquibase.util                           : Total change sets:           13
2024-07-29T16:13:58.221+05:00  INFO 6724 --- [project02] [           main] [                                                 ] liquibase.util                           : Update summary generated
2024-07-29T16:13:58.221+05:00  INFO 6724 --- [project02] [           main] [                                                 ] liquibase.util                           : Update summary generated
2024-07-29T16:13:58.221+05:00  INFO 6724 --- [project02] [           main] [                                                 ] liquibase.command                        : Update command completed successfully.
2024-07-29T16:13:58.221+05:00  INFO 6724 --- [project02] [           main] [                                                 ] liquibase.command                        : Update command completed successfully.
2024-07-29T16:13:58.221+05:00  INFO 6724 --- [project02] [           main] [                                                 ] liquibase.ui                             : Liquibase: Update has been successful. Rows affected: 23
2024-07-29T16:13:58.221+05:00  INFO 6724 --- [project02] [           main] [                                                 ] liquibase.ui                             : Liquibase: Update has been successful. Rows affected: 23
2024-07-29T16:13:58.237+05:00  INFO 6724 --- [project02] [           main] [                                                 ] liquibase.lockservice                    : Successfully released change log lock
2024-07-29T16:13:58.237+05:00  INFO 6724 --- [project02] [           main] [                                                 ] liquibase.lockservice                    : Successfully released change log lock
2024-07-29T16:13:58.237+05:00  INFO 6724 --- [project02] [           main] [                                                 ] liquibase.command                        : Command execution complete
2024-07-29T16:13:58.237+05:00  INFO 6724 --- [project02] [           main] [                                                 ] liquibase.command                        : Command execution complete
2024-07-29T16:13:58.408+05:00  INFO 6724 --- [project02] [           main] [                                                 ] o.hibernate.jpa.internal.util.LogHelper  : HHH000204: Processing PersistenceUnitInfo [name: default]
2024-07-29T16:13:58.408+05:00  INFO 6724 --- [project02] [           main] [                                                 ] o.hibernate.jpa.internal.util.LogHelper  : HHH000204: Processing PersistenceUnitInfo [name: default]
2024-07-29T16:13:58.565+05:00  INFO 6724 --- [project02] [           main] [                                                 ] org.hibernate.Version                    : HHH000412: Hibernate ORM core version 6.5.2.Final
2024-07-29T16:13:58.565+05:00  INFO 6724 --- [project02] [           main] [                                                 ] org.hibernate.Version                    : HHH000412: Hibernate ORM core version 6.5.2.Final
2024-07-29T16:13:58.612+05:00  INFO 6724 --- [project02] [           main] [                                                 ] o.h.c.internal.RegionFactoryInitiator    : HHH000026: Second-level cache disabled
2024-07-29T16:13:58.612+05:00  INFO 6724 --- [project02] [           main] [                                                 ] o.h.c.internal.RegionFactoryInitiator    : HHH000026: Second-level cache disabled
2024-07-29T16:13:59.143+05:00  INFO 6724 --- [project02] [           main] [                                                 ] o.s.o.j.p.SpringPersistenceUnitInfo      : No LoadTimeWeaver setup: ignoring JPA class transformer
2024-07-29T16:13:59.143+05:00  INFO 6724 --- [project02] [           main] [                                                 ] o.s.o.j.p.SpringPersistenceUnitInfo      : No LoadTimeWeaver setup: ignoring JPA class transformer
2024-07-29T16:14:00.690+05:00  INFO 6724 --- [project02] [           main] [                                                 ] o.h.e.t.j.p.i.JtaPlatformInitiator       : HHH000489: No JTA platform available (set 'hibernate.transaction.jta.platform' to enable JTA platform integration)
2024-07-29T16:14:00.690+05:00  INFO 6724 --- [project02] [           main] [                                                 ] o.h.e.t.j.p.i.JtaPlatformInitiator       : HHH000489: No JTA platform available (set 'hibernate.transaction.jta.platform' to enable JTA platform integration)
2024-07-29T16:14:00.705+05:00  INFO 6724 --- [project02] [           main] [                                                 ] j.LocalContainerEntityManagerFactoryBean : Initialized JPA EntityManagerFactory for persistence unit 'default'
2024-07-29T16:14:00.705+05:00  INFO 6724 --- [project02] [           main] [                                                 ] j.LocalContainerEntityManagerFactoryBean : Initialized JPA EntityManagerFactory for persistence unit 'default'
2024-07-29T16:14:01.343+05:00  INFO 6724 --- [project02] [           main] [                                                 ] o.s.d.j.r.query.QueryEnhancerFactory     : Hibernate is in classpath; If applicable, HQL parser will be used.
2024-07-29T16:14:01.343+05:00  INFO 6724 --- [project02] [           main] [                                                 ] o.s.d.j.r.query.QueryEnhancerFactory     : Hibernate is in classpath; If applicable, HQL parser will be used.
2024-07-29T16:14:02.156+05:00  INFO 6724 --- [project02] [           main] [                                                 ] eAuthenticationProviderManagerConfigurer : Global AuthenticationManager configured with AuthenticationProvider bean with name daoAuthenticationProvider
2024-07-29T16:14:02.156+05:00  WARN 6724 --- [project02] [           main] [                                                 ] r$InitializeUserDetailsManagerConfigurer : Global AuthenticationManager configured with an AuthenticationProvider bean. UserDetailsService beans will not be used for username/password login. Consider removing the AuthenticationProvider bean. Alternatively, consider using the UserDetailsService in a manually instantiated DaoAuthenticationProvider.
2024-07-29T16:14:02.687+05:00  INFO 6724 --- [project02] [           main] [                                                 ] o.s.b.a.w.s.WelcomePageHandlerMapping    : Adding welcome page: class path resource [static/index.html]
2024-07-29T16:14:02.687+05:00  INFO 6724 --- [project02] [           main] [                                                 ] o.s.b.a.w.s.WelcomePageHandlerMapping    : Adding welcome page: class path resource [static/index.html]
2024-07-29T16:14:03.672+05:00  INFO 6724 --- [project02] [           main] [                                                 ] o.s.b.a.e.web.EndpointLinksResolver      : Exposing 15 endpoints beneath base path '/actuator'
2024-07-29T16:14:03.672+05:00  INFO 6724 --- [project02] [           main] [                                                 ] o.s.b.a.e.web.EndpointLinksResolver      : Exposing 15 endpoints beneath base path '/actuator'
2024-07-29T16:14:04.921+05:00  INFO 6724 --- [project02] [           main] [                                                 ] o.s.b.a.h2.H2ConsoleAutoConfiguration    : H2 console available at '/h2-console'. Database available at 'jdbc:h2:mem:bank'
2024-07-29T16:14:04.921+05:00  INFO 6724 --- [project02] [           main] [                                                 ] o.s.b.a.h2.H2ConsoleAutoConfiguration    : H2 console available at '/h2-console'. Database available at 'jdbc:h2:mem:bank'
2024-07-29T16:14:05.286+05:00  INFO 6724 --- [project02] [           main] [                                                 ] o.s.b.t.m.w.SpringBootMockServletContext : Initializing Spring TestDispatcherServlet ''
2024-07-29T16:14:05.286+05:00  INFO 6724 --- [project02] [           main] [                                                 ] o.s.b.t.m.w.SpringBootMockServletContext : Initializing Spring TestDispatcherServlet ''
2024-07-29T16:14:05.286+05:00  INFO 6724 --- [project02] [           main] [                                                 ] o.s.t.web.servlet.TestDispatcherServlet  : Initializing Servlet ''
2024-07-29T16:14:05.286+05:00  INFO 6724 --- [project02] [           main] [                                                 ] o.s.t.web.servlet.TestDispatcherServlet  : Initializing Servlet ''
2024-07-29T16:14:05.286+05:00  INFO 6724 --- [project02] [           main] [                                                 ] o.s.t.web.servlet.TestDispatcherServlet  : Completed initialization in 0 ms
2024-07-29T16:14:05.286+05:00  INFO 6724 --- [project02] [           main] [                                                 ] o.s.t.web.servlet.TestDispatcherServlet  : Completed initialization in 0 ms
2024-07-29T16:14:05.395+05:00  INFO 6724 --- [project02] [           main] [                                                 ] c.p.project06.AccountApiControllerTest   : Started AccountApiControllerTest in 15.874 seconds (process running for 18.345)
2024-07-29T16:14:05.395+05:00  INFO 6724 --- [project02] [           main] [                                                 ] c.p.project06.AccountApiControllerTest   : Started AccountApiControllerTest in 15.874 seconds (process running for 18.345)

MockHttpServletRequest:
      HTTP Method = GET
      Request URI = /api/v1/accounts/1
       Parameters = {}
          Headers = [Content-Type:"application/json;charset=UTF-8", Authorization:"Bearer eyJhbGciOiJIUzI1NiJ9.eyJzdWIiOiJhZG1pbiIsImlhdCI6MTcyMjI1MTY0OCwiZXhwIjoxNzIyMjU2NjQ4fQ.t5M3piuO1l84J8L1MRlwGMQSrKUVfuqiskTi8FsKnps"]
             Body = null
    Session Attrs = {}

Handler:
             Type = com.practice.project06.account.AccountController
           Method = com.practice.project06.account.AccountController#getAccountById(Long)

Async:
    Async started = false
     Async result = null

Resolved Exception:
             Type = null

ModelAndView:
        View name = null
             View = null
            Model = null

FlashMap:
       Attributes = null

MockHttpServletResponse:
           Status = 200
    Error message = null
          Headers = [Vary:"Origin", "Access-Control-Request-Method", "Access-Control-Request-Headers", Content-Type:"application/json", X-Content-Type-Options:"nosniff", X-XSS-Protection:"0", Cache-Control:"no-cache, no-store, max-age=0, must-revalidate", Pragma:"no-cache", Expires:"0", X-Frame-Options:"DENY"]
     Content type = application/json
             Body = {"accountID":1,"user":{"userID":1,"username":"abc","password":"$2a$12$diheMtyeAeA8iBeVx.prq.jeVWuRWrtmlnAwcS7bbLbEJp/EtulPW","role":"USER","email":"admin@gmail.com","address":"123 Street Lahore"},"accountNumber":"12345","accountType":"SAVINGS"}
    Forwarded URL = null
   Redirected URL = null
          Cookies = []
]]></system-out>
    <system-err><![CDATA[WARNING: A Java agent has been loaded dynamically (C:\Users\ahmad.irtza\.m2\repository\net\bytebuddy\byte-buddy-agent\1.14.17\byte-buddy-agent-1.14.17.jar)
WARNING: If a serviceability tool is in use, please run with -XX:+EnableDynamicAgentLoading to hide this warning
WARNING: If a serviceability tool is not in use, please run with -Djdk.instrument.traceUsage for more information
WARNING: Dynamic loading of agents will be disallowed by default in a future release
]]></system-err>
  </testcase>
  <testcase name="testDeleteAccount_Success" classname="com.practice.project06.AccountApiControllerTest" time="0.563">
    <system-out><![CDATA[
MockHttpServletRequest:
      HTTP Method = DELETE
      Request URI = /api/v1/accounts/3
       Parameters = {}
          Headers = [Authorization:"Bearer eyJhbGciOiJIUzI1NiJ9.eyJzdWIiOiJhZG1pbiIsImlhdCI6MTcyMjI1MTY0OSwiZXhwIjoxNzIyMjU2NjQ5fQ.o1wysLXzZWkZC5UnugVHMHBW8ojLO4z5LGxZbLOGdfk"]
             Body = null
    Session Attrs = {}

Handler:
             Type = com.practice.project06.account.AccountController
           Method = com.practice.project06.account.AccountController#deleteAccount(Long)

Async:
    Async started = false
     Async result = null

Resolved Exception:
             Type = null

ModelAndView:
        View name = null
             View = null
            Model = null

FlashMap:
       Attributes = null

MockHttpServletResponse:
           Status = 204
    Error message = null
          Headers = [Vary:"Origin", "Access-Control-Request-Method", "Access-Control-Request-Headers", X-Content-Type-Options:"nosniff", X-XSS-Protection:"0", Cache-Control:"no-cache, no-store, max-age=0, must-revalidate", Pragma:"no-cache", Expires:"0", X-Frame-Options:"DENY"]
     Content type = null
             Body = 
    Forwarded URL = null
   Redirected URL = null
          Cookies = []
]]></system-out>
  </testcase>
  <testcase name="testCreateAccount" classname="com.practice.project06.AccountApiControllerTest" time="0.515">
    <system-out><![CDATA[Received AccountDTO: com.practice.project06.account.AccountDTO@44e3fe67

MockHttpServletRequest:
      HTTP Method = POST
      Request URI = /api/v1/accounts
       Parameters = {}
          Headers = [Content-Type:"application/json;charset=UTF-8", Authorization:"Bearer eyJhbGciOiJIUzI1NiJ9.eyJzdWIiOiJhZG1pbiIsImlhdCI6MTcyMjI1MTY0OSwiZXhwIjoxNzIyMjU2NjQ5fQ.o1wysLXzZWkZC5UnugVHMHBW8ojLO4z5LGxZbLOGdfk", Content-Length:"144"]
             Body = {"user":{"userID":4,"username":null,"password":null,"role":null,"email":null,"address":null},"accountNumber":"12345678","accountType":"Savings"}
    Session Attrs = {}

Handler:
             Type = com.practice.project06.account.AccountController
           Method = com.practice.project06.account.AccountController#createAccount(AccountDTO)

Async:
    Async started = false
     Async result = null

Resolved Exception:
             Type = null

ModelAndView:
        View name = null
             View = null
            Model = null

FlashMap:
       Attributes = null

MockHttpServletResponse:
           Status = 200
    Error message = null
          Headers = [Vary:"Origin", "Access-Control-Request-Method", "Access-Control-Request-Headers", Content-Type:"application/json", X-Content-Type-Options:"nosniff", X-XSS-Protection:"0", Cache-Control:"no-cache, no-store, max-age=0, must-revalidate", Pragma:"no-cache", Expires:"0", X-Frame-Options:"DENY"]
     Content type = application/json
             Body = 4
    Forwarded URL = null
   Redirected URL = null
          Cookies = []
]]></system-out>
  </testcase>
  <testcase name="testFindByAccountNumber" classname="com.practice.project06.AccountApiControllerTest" time="0.469"/>
  <testcase name="testUpdateAccount" classname="com.practice.project06.AccountApiControllerTest" time="0.484">
    <system-out><![CDATA[
MockHttpServletRequest:
      HTTP Method = PUT
      Request URI = /api/v1/accounts/1
       Parameters = {}
          Headers = [Content-Type:"application/json;charset=UTF-8", Authorization:"Bearer eyJhbGciOiJIUzI1NiJ9.eyJzdWIiOiJhZG1pbiIsImlhdCI6MTcyMjI1MTY1MCwiZXhwIjoxNzIyMjU2NjUwfQ.0VnXZFaxn5FgW6SFBXAfolUdol9_1R28omep6CHgvOg", Content-Length:"77"]
             Body = {"accountID":1,"user":null,"accountNumber":"1234567","accountType":"Savings"}
    Session Attrs = {}

Handler:
             Type = com.practice.project06.account.AccountController
           Method = com.practice.project06.account.AccountController#updateAccount(Long, Account)

Async:
    Async started = false
     Async result = null

Resolved Exception:
             Type = null

ModelAndView:
        View name = null
             View = null
            Model = null

FlashMap:
       Attributes = null

MockHttpServletResponse:
           Status = 200
    Error message = null
          Headers = [Vary:"Origin", "Access-Control-Request-Method", "Access-Control-Request-Headers", Content-Type:"application/json", X-Content-Type-Options:"nosniff", X-XSS-Protection:"0", Cache-Control:"no-cache, no-store, max-age=0, must-revalidate", Pragma:"no-cache", Expires:"0", X-Frame-Options:"DENY"]
     Content type = application/json
             Body = {"accountID":1,"user":{"userID":1,"username":"abc","password":"$2a$12$diheMtyeAeA8iBeVx.prq.jeVWuRWrtmlnAwcS7bbLbEJp/EtulPW","role":"USER","email":"admin@gmail.com","address":"123 Street Lahore"},"accountNumber":"1234567","accountType":"Savings"}
    Forwarded URL = null
   Redirected URL = null
          Cookies = []
]]></system-out>
  </testcase>
  <testcase name="testFindByUser_Username" classname="com.practice.project06.AccountApiControllerTest" time="0.343"/>
  <testcase name="testGetAllAccounts" classname="com.practice.project06.AccountApiControllerTest" time="0.329">
    <system-out><![CDATA[
MockHttpServletRequest:
      HTTP Method = GET
      Request URI = /api/v1/accounts
       Parameters = {}
          Headers = [Content-Type:"application/json;charset=UTF-8", Authorization:"Bearer eyJhbGciOiJIUzI1NiJ9.eyJzdWIiOiJhZG1pbiIsImlhdCI6MTcyMjI1MTY1MSwiZXhwIjoxNzIyMjU2NjUxfQ.APKajsgFX7oYisNnAJTV_fjHkjDOI_A-AMCJo9Xl3Lc"]
             Body = null
    Session Attrs = {}

Handler:
             Type = com.practice.project06.account.AccountController
           Method = com.practice.project06.account.AccountController#getAllAccounts()

Async:
    Async started = false
     Async result = null

Resolved Exception:
             Type = null

ModelAndView:
        View name = null
             View = null
            Model = null

FlashMap:
       Attributes = null

MockHttpServletResponse:
           Status = 200
    Error message = null
          Headers = [Vary:"Origin", "Access-Control-Request-Method", "Access-Control-Request-Headers", Content-Type:"application/json", X-Content-Type-Options:"nosniff", X-XSS-Protection:"0", Cache-Control:"no-cache, no-store, max-age=0, must-revalidate", Pragma:"no-cache", Expires:"0", X-Frame-Options:"DENY"]
     Content type = application/json
             Body = [{"accountID":1,"user":{"userID":1,"username":"abc","password":"$2a$12$diheMtyeAeA8iBeVx.prq.jeVWuRWrtmlnAwcS7bbLbEJp/EtulPW","role":"USER","email":"admin@gmail.com","address":"123 Street Lahore"},"accountNumber":"1234567","accountType":"Savings"},{"accountID":2,"user":{"userID":2,"username":"admin","password":"$2a$12$diheMtyeAeA8iBeVx.prq.jeVWuRWrtmlnAwcS7bbLbEJp/EtulPW","role":"ADMIN","email":"abc@gmail.com","address":"Karachi"},"accountNumber":"123456","accountType":"CHECKING"},{"accountID":4,"user":{"userID":4,"username":"Ayaan","password":"$2a$12$diheMtyeAeA8iBeVx.prq.jeVWuRWrtmlnAwcS7bbLbEJp/EtulPW","role":"USER","email":"ayaan@gmail.com","address":"Lahore"},"accountNumber":"FTQKhEBP","accountType":"Savings"}]
    Forwarded URL = null
   Redirected URL = null
          Cookies = []
]]></system-out>
  </testcase>
  <testcase name="testFindByUser_UserID" classname="com.practice.project06.AccountApiControllerTest" time="0.313"/>
</testsuite>