<?xml version="1.0" encoding="UTF-8"?>
<testsuite xmlns:xsi="http://www.w3.org/2001/XMLSchema-instance" xsi:noNamespaceSchemaLocation="https://maven.apache.org/surefire/maven-surefire-plugin/xsd/surefire-test-report-3.0.xsd" version="3.0" name="StudentApiControllerTest" time="3.348" tests="5" errors="0" skipped="0" failures="0">
  <properties>
    <property name="java.specification.version" value="22"/>
    <property name="sun.cpu.isalist" value="amd64"/>
    <property name="sun.jnu.encoding" value="Cp1252"/>
    <property name="java.class.path" value="C:\Users\ahmad.irtza\Downloads\project04\target\test-classes;C:\Users\ahmad.irtza\Downloads\project04\target\classes;C:\Users\ahmad.irtza\.m2\repository\org\springframework\boot\spring-boot-starter-data-jpa\3.3.1\spring-boot-starter-data-jpa-3.3.1.jar;C:\Users\ahmad.irtza\.m2\repository\org\springframework\boot\spring-boot-starter-aop\3.3.1\spring-boot-starter-aop-3.3.1.jar;C:\Users\ahmad.irtza\.m2\repository\org\aspectj\aspectjweaver\1.9.22\aspectjweaver-1.9.22.jar;C:\Users\ahmad.irtza\.m2\repository\org\springframework\boot\spring-boot-starter-jdbc\3.3.1\spring-boot-starter-jdbc-3.3.1.jar;C:\Users\ahmad.irtza\.m2\repository\com\zaxxer\HikariCP\5.1.0\HikariCP-5.1.0.jar;C:\Users\ahmad.irtza\.m2\repository\org\springframework\spring-jdbc\6.1.10\spring-jdbc-6.1.10.jar;C:\Users\ahmad.irtza\.m2\repository\org\hibernate\orm\hibernate-core\6.5.2.Final\hibernate-core-6.5.2.Final.jar;C:\Users\ahmad.irtza\.m2\repository\jakarta\persistence\jakarta.persistence-api\3.1.0\jakarta.persistence-api-3.1.0.jar;C:\Users\ahmad.irtza\.m2\repository\jakarta\transaction\jakarta.transaction-api\2.0.1\jakarta.transaction-api-2.0.1.jar;C:\Users\ahmad.irtza\.m2\repository\org\jboss\logging\jboss-logging\3.5.3.Final\jboss-logging-3.5.3.Final.jar;C:\Users\ahmad.irtza\.m2\repository\org\hibernate\common\hibernate-commons-annotations\6.0.6.Final\hibernate-commons-annotations-6.0.6.Final.jar;C:\Users\ahmad.irtza\.m2\repository\io\smallrye\jandex\3.1.2\jandex-3.1.2.jar;C:\Users\ahmad.irtza\.m2\repository\com\fasterxml\classmate\1.7.0\classmate-1.7.0.jar;C:\Users\ahmad.irtza\.m2\repository\net\bytebuddy\byte-buddy\1.14.17\byte-buddy-1.14.17.jar;C:\Users\ahmad.irtza\.m2\repository\org\glassfish\jaxb\jaxb-runtime\4.0.5\jaxb-runtime-4.0.5.jar;C:\Users\ahmad.irtza\.m2\repository\org\glassfish\jaxb\jaxb-core\4.0.5\jaxb-core-4.0.5.jar;C:\Users\ahmad.irtza\.m2\repository\org\eclipse\angus\angus-activation\2.0.2\angus-activation-2.0.2.jar;C:\Users\ahmad.irtza\.m2\repository\org\glassfish\jaxb\txw2\4.0.5\txw2-4.0.5.jar;C:\Users\ahmad.irtza\.m2\repository\com\sun\istack\istack-commons-runtime\4.1.2\istack-commons-runtime-4.1.2.jar;C:\Users\ahmad.irtza\.m2\repository\jakarta\inject\jakarta.inject-api\2.0.1\jakarta.inject-api-2.0.1.jar;C:\Users\ahmad.irtza\.m2\repository\org\antlr\antlr4-runtime\4.13.0\antlr4-runtime-4.13.0.jar;C:\Users\ahmad.irtza\.m2\repository\org\springframework\data\spring-data-jpa\3.3.1\spring-data-jpa-3.3.1.jar;C:\Users\ahmad.irtza\.m2\repository\org\springframework\data\spring-data-commons\3.3.1\spring-data-commons-3.3.1.jar;C:\Users\ahmad.irtza\.m2\repository\org\springframework\spring-orm\6.1.10\spring-orm-6.1.10.jar;C:\Users\ahmad.irtza\.m2\repository\org\springframework\spring-context\6.1.10\spring-context-6.1.10.jar;C:\Users\ahmad.irtza\.m2\repository\org\springframework\spring-tx\6.1.10\spring-tx-6.1.10.jar;C:\Users\ahmad.irtza\.m2\repository\org\springframework\spring-beans\6.1.10\spring-beans-6.1.10.jar;C:\Users\ahmad.irtza\.m2\repository\jakarta\annotation\jakarta.annotation-api\2.1.1\jakarta.annotation-api-2.1.1.jar;C:\Users\ahmad.irtza\.m2\repository\org\slf4j\slf4j-api\2.0.13\slf4j-api-2.0.13.jar;C:\Users\ahmad.irtza\.m2\repository\org\springframework\spring-aspects\6.1.10\spring-aspects-6.1.10.jar;C:\Users\ahmad.irtza\.m2\repository\org\springframework\boot\spring-boot-starter-web\3.3.1\spring-boot-starter-web-3.3.1.jar;C:\Users\ahmad.irtza\.m2\repository\org\springframework\boot\spring-boot-starter\3.3.1\spring-boot-starter-3.3.1.jar;C:\Users\ahmad.irtza\.m2\repository\org\springframework\boot\spring-boot\3.3.1\spring-boot-3.3.1.jar;C:\Users\ahmad.irtza\.m2\repository\org\springframework\boot\spring-boot-autoconfigure\3.3.1\spring-boot-autoconfigure-3.3.1.jar;C:\Users\ahmad.irtza\.m2\repository\org\springframework\boot\spring-boot-starter-logging\3.3.1\spring-boot-starter-logging-3.3.1.jar;C:\Users\ahmad.irtza\.m2\repository\ch\qos\logback\logback-classic\1.5.6\logback-classic-1.5.6.jar;C:\Users\ahmad.irtza\.m2\repository\ch\qos\logback\logback-core\1.5.6\logback-core-1.5.6.jar;C:\Users\ahmad.irtza\.m2\repository\org\apache\logging\log4j\log4j-to-slf4j\2.23.1\log4j-to-slf4j-2.23.1.jar;C:\Users\ahmad.irtza\.m2\repository\org\apache\logging\log4j\log4j-api\2.23.1\log4j-api-2.23.1.jar;C:\Users\ahmad.irtza\.m2\repository\org\slf4j\jul-to-slf4j\2.0.13\jul-to-slf4j-2.0.13.jar;C:\Users\ahmad.irtza\.m2\repository\org\springframework\boot\spring-boot-starter-json\3.3.1\spring-boot-starter-json-3.3.1.jar;C:\Users\ahmad.irtza\.m2\repository\com\fasterxml\jackson\core\jackson-databind\2.17.1\jackson-databind-2.17.1.jar;C:\Users\ahmad.irtza\.m2\repository\com\fasterxml\jackson\core\jackson-annotations\2.17.1\jackson-annotations-2.17.1.jar;C:\Users\ahmad.irtza\.m2\repository\com\fasterxml\jackson\core\jackson-core\2.17.1\jackson-core-2.17.1.jar;C:\Users\ahmad.irtza\.m2\repository\com\fasterxml\jackson\datatype\jackson-datatype-jdk8\2.17.1\jackson-datatype-jdk8-2.17.1.jar;C:\Users\ahmad.irtza\.m2\repository\com\fasterxml\jackson\datatype\jackson-datatype-jsr310\2.17.1\jackson-datatype-jsr310-2.17.1.jar;C:\Users\ahmad.irtza\.m2\repository\com\fasterxml\jackson\module\jackson-module-parameter-names\2.17.1\jackson-module-parameter-names-2.17.1.jar;C:\Users\ahmad.irtza\.m2\repository\org\springframework\boot\spring-boot-starter-tomcat\3.3.1\spring-boot-starter-tomcat-3.3.1.jar;C:\Users\ahmad.irtza\.m2\repository\org\apache\tomcat\embed\tomcat-embed-core\10.1.25\tomcat-embed-core-10.1.25.jar;C:\Users\ahmad.irtza\.m2\repository\org\apache\tomcat\embed\tomcat-embed-el\10.1.25\tomcat-embed-el-10.1.25.jar;C:\Users\ahmad.irtza\.m2\repository\org\apache\tomcat\embed\tomcat-embed-websocket\10.1.25\tomcat-embed-websocket-10.1.25.jar;C:\Users\ahmad.irtza\.m2\repository\org\springframework\spring-web\6.1.10\spring-web-6.1.10.jar;C:\Users\ahmad.irtza\.m2\repository\org\springframework\spring-webmvc\6.1.10\spring-webmvc-6.1.10.jar;C:\Users\ahmad.irtza\.m2\repository\org\springframework\spring-expression\6.1.10\spring-expression-6.1.10.jar;C:\Users\ahmad.irtza\.m2\repository\org\liquibase\liquibase-core\4.27.0\liquibase-core-4.27.0.jar;C:\Users\ahmad.irtza\.m2\repository\com\opencsv\opencsv\5.9\opencsv-5.9.jar;C:\Users\ahmad.irtza\.m2\repository\org\apache\commons\commons-text\1.11.0\commons-text-1.11.0.jar;C:\Users\ahmad.irtza\.m2\repository\org\apache\commons\commons-collections4\4.4\commons-collections4-4.4.jar;C:\Users\ahmad.irtza\.m2\repository\org\yaml\snakeyaml\2.2\snakeyaml-2.2.jar;C:\Users\ahmad.irtza\.m2\repository\javax\xml\bind\jaxb-api\2.3.1\jaxb-api-2.3.1.jar;C:\Users\ahmad.irtza\.m2\repository\org\apache\commons\commons-lang3\3.14.0\commons-lang3-3.14.0.jar;C:\Users\ahmad.irtza\.m2\repository\org\springframework\boot\spring-boot-starter-security\3.3.1\spring-boot-starter-security-3.3.1.jar;C:\Users\ahmad.irtza\.m2\repository\org\springframework\spring-aop\6.1.10\spring-aop-6.1.10.jar;C:\Users\ahmad.irtza\.m2\repository\org\springframework\security\spring-security-config\6.3.1\spring-security-config-6.3.1.jar;C:\Users\ahmad.irtza\.m2\repository\org\springframework\security\spring-security-web\6.3.1\spring-security-web-6.3.1.jar;C:\Users\ahmad.irtza\.m2\repository\org\springframework\security\spring-security-test\6.3.1\spring-security-test-6.3.1.jar;C:\Users\ahmad.irtza\.m2\repository\org\springframework\security\spring-security-core\6.3.1\spring-security-core-6.3.1.jar;C:\Users\ahmad.irtza\.m2\repository\org\springframework\security\spring-security-crypto\6.3.1\spring-security-crypto-6.3.1.jar;C:\Users\ahmad.irtza\.m2\repository\org\springframework\spring-core\6.1.10\spring-core-6.1.10.jar;C:\Users\ahmad.irtza\.m2\repository\org\springframework\spring-jcl\6.1.10\spring-jcl-6.1.10.jar;C:\Users\ahmad.irtza\.m2\repository\org\springframework\spring-test\6.1.10\spring-test-6.1.10.jar;C:\Users\ahmad.irtza\.m2\repository\com\h2database\h2\2.2.224\h2-2.2.224.jar;C:\Users\ahmad.irtza\.m2\repository\org\projectlombok\lombok\1.18.32\lombok-1.18.32.jar;C:\Users\ahmad.irtza\.m2\repository\org\springframework\boot\spring-boot-starter-test\3.3.1\spring-boot-starter-test-3.3.1.jar;C:\Users\ahmad.irtza\.m2\repository\org\springframework\boot\spring-boot-test\3.3.1\spring-boot-test-3.3.1.jar;C:\Users\ahmad.irtza\.m2\repository\org\springframework\boot\spring-boot-test-autoconfigure\3.3.1\spring-boot-test-autoconfigure-3.3.1.jar;C:\Users\ahmad.irtza\.m2\repository\com\jayway\jsonpath\json-path\2.9.0\json-path-2.9.0.jar;C:\Users\ahmad.irtza\.m2\repository\jakarta\xml\bind\jakarta.xml.bind-api\4.0.2\jakarta.xml.bind-api-4.0.2.jar;C:\Users\ahmad.irtza\.m2\repository\jakarta\activation\jakarta.activation-api\2.1.3\jakarta.activation-api-2.1.3.jar;C:\Users\ahmad.irtza\.m2\repository\net\minidev\json-smart\2.5.1\json-smart-2.5.1.jar;C:\Users\ahmad.irtza\.m2\repository\net\minidev\accessors-smart\2.5.1\accessors-smart-2.5.1.jar;C:\Users\ahmad.irtza\.m2\repository\org\ow2\asm\asm\9.6\asm-9.6.jar;C:\Users\ahmad.irtza\.m2\repository\org\assertj\assertj-core\3.25.3\assertj-core-3.25.3.jar;C:\Users\ahmad.irtza\.m2\repository\org\awaitility\awaitility\4.2.1\awaitility-4.2.1.jar;C:\Users\ahmad.irtza\.m2\repository\org\hamcrest\hamcrest\2.2\hamcrest-2.2.jar;C:\Users\ahmad.irtza\.m2\repository\org\junit\jupiter\junit-jupiter\5.10.2\junit-jupiter-5.10.2.jar;C:\Users\ahmad.irtza\.m2\repository\org\junit\jupiter\junit-jupiter-api\5.10.2\junit-jupiter-api-5.10.2.jar;C:\Users\ahmad.irtza\.m2\repository\org\opentest4j\opentest4j\1.3.0\opentest4j-1.3.0.jar;C:\Users\ahmad.irtza\.m2\repository\org\junit\platform\junit-platform-commons\1.10.2\junit-platform-commons-1.10.2.jar;C:\Users\ahmad.irtza\.m2\repository\org\apiguardian\apiguardian-api\1.1.2\apiguardian-api-1.1.2.jar;C:\Users\ahmad.irtza\.m2\repository\org\junit\jupiter\junit-jupiter-params\5.10.2\junit-jupiter-params-5.10.2.jar;C:\Users\ahmad.irtza\.m2\repository\org\junit\jupiter\junit-jupiter-engine\5.10.2\junit-jupiter-engine-5.10.2.jar;C:\Users\ahmad.irtza\.m2\repository\org\junit\platform\junit-platform-engine\1.10.2\junit-platform-engine-1.10.2.jar;C:\Users\ahmad.irtza\.m2\repository\org\mockito\mockito-core\5.11.0\mockito-core-5.11.0.jar;C:\Users\ahmad.irtza\.m2\repository\net\bytebuddy\byte-buddy-agent\1.14.17\byte-buddy-agent-1.14.17.jar;C:\Users\ahmad.irtza\.m2\repository\org\objenesis\objenesis\3.3\objenesis-3.3.jar;C:\Users\ahmad.irtza\.m2\repository\org\mockito\mockito-junit-jupiter\5.11.0\mockito-junit-jupiter-5.11.0.jar;C:\Users\ahmad.irtza\.m2\repository\org\skyscreamer\jsonassert\1.5.1\jsonassert-1.5.1.jar;C:\Users\ahmad.irtza\.m2\repository\com\vaadin\external\google\android-json\0.0.20131108.vaadin1\android-json-0.0.20131108.vaadin1.jar;C:\Users\ahmad.irtza\.m2\repository\org\xmlunit\xmlunit-core\2.9.1\xmlunit-core-2.9.1.jar;C:\Users\ahmad.irtza\.m2\repository\org\springdoc\springdoc-openapi-starter-webmvc-ui\2.6.0\springdoc-openapi-starter-webmvc-ui-2.6.0.jar;C:\Users\ahmad.irtza\.m2\repository\org\springdoc\springdoc-openapi-starter-webmvc-api\2.6.0\springdoc-openapi-starter-webmvc-api-2.6.0.jar;C:\Users\ahmad.irtza\.m2\repository\org\springdoc\springdoc-openapi-starter-common\2.6.0\springdoc-openapi-starter-common-2.6.0.jar;C:\Users\ahmad.irtza\.m2\repository\io\swagger\core\v3\swagger-core-jakarta\2.2.22\swagger-core-jakarta-2.2.22.jar;C:\Users\ahmad.irtza\.m2\repository\io\swagger\core\v3\swagger-annotations-jakarta\2.2.22\swagger-annotations-jakarta-2.2.22.jar;C:\Users\ahmad.irtza\.m2\repository\io\swagger\core\v3\swagger-models-jakarta\2.2.22\swagger-models-jakarta-2.2.22.jar;C:\Users\ahmad.irtza\.m2\repository\jakarta\validation\jakarta.validation-api\3.0.2\jakarta.validation-api-3.0.2.jar;C:\Users\ahmad.irtza\.m2\repository\com\fasterxml\jackson\dataformat\jackson-dataformat-yaml\2.17.1\jackson-dataformat-yaml-2.17.1.jar;C:\Users\ahmad.irtza\.m2\repository\org\webjars\swagger-ui\5.17.14\swagger-ui-5.17.14.jar;C:\Users\ahmad.irtza\.m2\repository\org\springframework\boot\spring-boot-starter-cache\3.3.1\spring-boot-starter-cache-3.3.1.jar;C:\Users\ahmad.irtza\.m2\repository\org\springframework\spring-context-support\6.1.10\spring-context-support-6.1.10.jar;C:\Users\ahmad.irtza\.m2\repository\com\mysql\mysql-connector-j\8.3.0\mysql-connector-j-8.3.0.jar;C:\Users\ahmad.irtza\.m2\repository\org\springframework\boot\spring-boot-starter-actuator\3.3.1\spring-boot-starter-actuator-3.3.1.jar;C:\Users\ahmad.irtza\.m2\repository\org\springframework\boot\spring-boot-actuator-autoconfigure\3.3.1\spring-boot-actuator-autoconfigure-3.3.1.jar;C:\Users\ahmad.irtza\.m2\repository\org\springframework\boot\spring-boot-actuator\3.3.1\spring-boot-actuator-3.3.1.jar;C:\Users\ahmad.irtza\.m2\repository\io\micrometer\micrometer-observation\1.13.1\micrometer-observation-1.13.1.jar;C:\Users\ahmad.irtza\.m2\repository\io\micrometer\micrometer-commons\1.13.1\micrometer-commons-1.13.1.jar;C:\Users\ahmad.irtza\.m2\repository\io\micrometer\micrometer-jakarta9\1.13.1\micrometer-jakarta9-1.13.1.jar;C:\Users\ahmad.irtza\.m2\repository\io\micrometer\micrometer-core\1.13.1\micrometer-core-1.13.1.jar;C:\Users\ahmad.irtza\.m2\repository\org\hdrhistogram\HdrHistogram\2.2.2\HdrHistogram-2.2.2.jar;C:\Users\ahmad.irtza\.m2\repository\org\latencyutils\LatencyUtils\2.0.3\LatencyUtils-2.0.3.jar;"/>
    <property name="java.vm.vendor" value="Oracle Corporation"/>
    <property name="sun.arch.data.model" value="64"/>
    <property name="user.variant" value=""/>
    <property name="java.vendor.url" value="https://java.oracle.com/"/>
    <property name="user.timezone" value="Asia/Karachi"/>
    <property name="org.jboss.logging.provider" value="slf4j"/>
    <property name="user.country.format" value="PK"/>
    <property name="os.name" value="Windows 10"/>
    <property name="java.vm.specification.version" value="22"/>
    <property name="user.country" value="US"/>
    <property name="sun.java.launcher" value="SUN_STANDARD"/>
    <property name="sun.boot.library.path" value="C:\Users\ahmad.irtza\.jdks\openjdk-22.0.1\bin"/>
    <property name="sun.java.command" value="C:\Users\ahmad.irtza\AppData\Local\Temp\surefire14708875965749950789\surefirebooter-20240710141349401_3.jar C:\Users\ahmad.irtza\AppData\Local\Temp\surefire14708875965749950789 2024-07-10T14-13-49_276-jvmRun1 surefire-20240710141349401_1tmp surefire_0-20240710141349401_2tmp"/>
    <property name="jdk.debug" value="release"/>
    <property name="surefire.test.class.path" value="C:\Users\ahmad.irtza\Downloads\project04\target\test-classes;C:\Users\ahmad.irtza\Downloads\project04\target\classes;C:\Users\ahmad.irtza\.m2\repository\org\springframework\boot\spring-boot-starter-data-jpa\3.3.1\spring-boot-starter-data-jpa-3.3.1.jar;C:\Users\ahmad.irtza\.m2\repository\org\springframework\boot\spring-boot-starter-aop\3.3.1\spring-boot-starter-aop-3.3.1.jar;C:\Users\ahmad.irtza\.m2\repository\org\aspectj\aspectjweaver\1.9.22\aspectjweaver-1.9.22.jar;C:\Users\ahmad.irtza\.m2\repository\org\springframework\boot\spring-boot-starter-jdbc\3.3.1\spring-boot-starter-jdbc-3.3.1.jar;C:\Users\ahmad.irtza\.m2\repository\com\zaxxer\HikariCP\5.1.0\HikariCP-5.1.0.jar;C:\Users\ahmad.irtza\.m2\repository\org\springframework\spring-jdbc\6.1.10\spring-jdbc-6.1.10.jar;C:\Users\ahmad.irtza\.m2\repository\org\hibernate\orm\hibernate-core\6.5.2.Final\hibernate-core-6.5.2.Final.jar;C:\Users\ahmad.irtza\.m2\repository\jakarta\persistence\jakarta.persistence-api\3.1.0\jakarta.persistence-api-3.1.0.jar;C:\Users\ahmad.irtza\.m2\repository\jakarta\transaction\jakarta.transaction-api\2.0.1\jakarta.transaction-api-2.0.1.jar;C:\Users\ahmad.irtza\.m2\repository\org\jboss\logging\jboss-logging\3.5.3.Final\jboss-logging-3.5.3.Final.jar;C:\Users\ahmad.irtza\.m2\repository\org\hibernate\common\hibernate-commons-annotations\6.0.6.Final\hibernate-commons-annotations-6.0.6.Final.jar;C:\Users\ahmad.irtza\.m2\repository\io\smallrye\jandex\3.1.2\jandex-3.1.2.jar;C:\Users\ahmad.irtza\.m2\repository\com\fasterxml\classmate\1.7.0\classmate-1.7.0.jar;C:\Users\ahmad.irtza\.m2\repository\net\bytebuddy\byte-buddy\1.14.17\byte-buddy-1.14.17.jar;C:\Users\ahmad.irtza\.m2\repository\org\glassfish\jaxb\jaxb-runtime\4.0.5\jaxb-runtime-4.0.5.jar;C:\Users\ahmad.irtza\.m2\repository\org\glassfish\jaxb\jaxb-core\4.0.5\jaxb-core-4.0.5.jar;C:\Users\ahmad.irtza\.m2\repository\org\eclipse\angus\angus-activation\2.0.2\angus-activation-2.0.2.jar;C:\Users\ahmad.irtza\.m2\repository\org\glassfish\jaxb\txw2\4.0.5\txw2-4.0.5.jar;C:\Users\ahmad.irtza\.m2\repository\com\sun\istack\istack-commons-runtime\4.1.2\istack-commons-runtime-4.1.2.jar;C:\Users\ahmad.irtza\.m2\repository\jakarta\inject\jakarta.inject-api\2.0.1\jakarta.inject-api-2.0.1.jar;C:\Users\ahmad.irtza\.m2\repository\org\antlr\antlr4-runtime\4.13.0\antlr4-runtime-4.13.0.jar;C:\Users\ahmad.irtza\.m2\repository\org\springframework\data\spring-data-jpa\3.3.1\spring-data-jpa-3.3.1.jar;C:\Users\ahmad.irtza\.m2\repository\org\springframework\data\spring-data-commons\3.3.1\spring-data-commons-3.3.1.jar;C:\Users\ahmad.irtza\.m2\repository\org\springframework\spring-orm\6.1.10\spring-orm-6.1.10.jar;C:\Users\ahmad.irtza\.m2\repository\org\springframework\spring-context\6.1.10\spring-context-6.1.10.jar;C:\Users\ahmad.irtza\.m2\repository\org\springframework\spring-tx\6.1.10\spring-tx-6.1.10.jar;C:\Users\ahmad.irtza\.m2\repository\org\springframework\spring-beans\6.1.10\spring-beans-6.1.10.jar;C:\Users\ahmad.irtza\.m2\repository\jakarta\annotation\jakarta.annotation-api\2.1.1\jakarta.annotation-api-2.1.1.jar;C:\Users\ahmad.irtza\.m2\repository\org\slf4j\slf4j-api\2.0.13\slf4j-api-2.0.13.jar;C:\Users\ahmad.irtza\.m2\repository\org\springframework\spring-aspects\6.1.10\spring-aspects-6.1.10.jar;C:\Users\ahmad.irtza\.m2\repository\org\springframework\boot\spring-boot-starter-web\3.3.1\spring-boot-starter-web-3.3.1.jar;C:\Users\ahmad.irtza\.m2\repository\org\springframework\boot\spring-boot-starter\3.3.1\spring-boot-starter-3.3.1.jar;C:\Users\ahmad.irtza\.m2\repository\org\springframework\boot\spring-boot\3.3.1\spring-boot-3.3.1.jar;C:\Users\ahmad.irtza\.m2\repository\org\springframework\boot\spring-boot-autoconfigure\3.3.1\spring-boot-autoconfigure-3.3.1.jar;C:\Users\ahmad.irtza\.m2\repository\org\springframework\boot\spring-boot-starter-logging\3.3.1\spring-boot-starter-logging-3.3.1.jar;C:\Users\ahmad.irtza\.m2\repository\ch\qos\logback\logback-classic\1.5.6\logback-classic-1.5.6.jar;C:\Users\ahmad.irtza\.m2\repository\ch\qos\logback\logback-core\1.5.6\logback-core-1.5.6.jar;C:\Users\ahmad.irtza\.m2\repository\org\apache\logging\log4j\log4j-to-slf4j\2.23.1\log4j-to-slf4j-2.23.1.jar;C:\Users\ahmad.irtza\.m2\repository\org\apache\logging\log4j\log4j-api\2.23.1\log4j-api-2.23.1.jar;C:\Users\ahmad.irtza\.m2\repository\org\slf4j\jul-to-slf4j\2.0.13\jul-to-slf4j-2.0.13.jar;C:\Users\ahmad.irtza\.m2\repository\org\springframework\boot\spring-boot-starter-json\3.3.1\spring-boot-starter-json-3.3.1.jar;C:\Users\ahmad.irtza\.m2\repository\com\fasterxml\jackson\core\jackson-databind\2.17.1\jackson-databind-2.17.1.jar;C:\Users\ahmad.irtza\.m2\repository\com\fasterxml\jackson\core\jackson-annotations\2.17.1\jackson-annotations-2.17.1.jar;C:\Users\ahmad.irtza\.m2\repository\com\fasterxml\jackson\core\jackson-core\2.17.1\jackson-core-2.17.1.jar;C:\Users\ahmad.irtza\.m2\repository\com\fasterxml\jackson\datatype\jackson-datatype-jdk8\2.17.1\jackson-datatype-jdk8-2.17.1.jar;C:\Users\ahmad.irtza\.m2\repository\com\fasterxml\jackson\datatype\jackson-datatype-jsr310\2.17.1\jackson-datatype-jsr310-2.17.1.jar;C:\Users\ahmad.irtza\.m2\repository\com\fasterxml\jackson\module\jackson-module-parameter-names\2.17.1\jackson-module-parameter-names-2.17.1.jar;C:\Users\ahmad.irtza\.m2\repository\org\springframework\boot\spring-boot-starter-tomcat\3.3.1\spring-boot-starter-tomcat-3.3.1.jar;C:\Users\ahmad.irtza\.m2\repository\org\apache\tomcat\embed\tomcat-embed-core\10.1.25\tomcat-embed-core-10.1.25.jar;C:\Users\ahmad.irtza\.m2\repository\org\apache\tomcat\embed\tomcat-embed-el\10.1.25\tomcat-embed-el-10.1.25.jar;C:\Users\ahmad.irtza\.m2\repository\org\apache\tomcat\embed\tomcat-embed-websocket\10.1.25\tomcat-embed-websocket-10.1.25.jar;C:\Users\ahmad.irtza\.m2\repository\org\springframework\spring-web\6.1.10\spring-web-6.1.10.jar;C:\Users\ahmad.irtza\.m2\repository\org\springframework\spring-webmvc\6.1.10\spring-webmvc-6.1.10.jar;C:\Users\ahmad.irtza\.m2\repository\org\springframework\spring-expression\6.1.10\spring-expression-6.1.10.jar;C:\Users\ahmad.irtza\.m2\repository\org\liquibase\liquibase-core\4.27.0\liquibase-core-4.27.0.jar;C:\Users\ahmad.irtza\.m2\repository\com\opencsv\opencsv\5.9\opencsv-5.9.jar;C:\Users\ahmad.irtza\.m2\repository\org\apache\commons\commons-text\1.11.0\commons-text-1.11.0.jar;C:\Users\ahmad.irtza\.m2\repository\org\apache\commons\commons-collections4\4.4\commons-collections4-4.4.jar;C:\Users\ahmad.irtza\.m2\repository\org\yaml\snakeyaml\2.2\snakeyaml-2.2.jar;C:\Users\ahmad.irtza\.m2\repository\javax\xml\bind\jaxb-api\2.3.1\jaxb-api-2.3.1.jar;C:\Users\ahmad.irtza\.m2\repository\org\apache\commons\commons-lang3\3.14.0\commons-lang3-3.14.0.jar;C:\Users\ahmad.irtza\.m2\repository\org\springframework\boot\spring-boot-starter-security\3.3.1\spring-boot-starter-security-3.3.1.jar;C:\Users\ahmad.irtza\.m2\repository\org\springframework\spring-aop\6.1.10\spring-aop-6.1.10.jar;C:\Users\ahmad.irtza\.m2\repository\org\springframework\security\spring-security-config\6.3.1\spring-security-config-6.3.1.jar;C:\Users\ahmad.irtza\.m2\repository\org\springframework\security\spring-security-web\6.3.1\spring-security-web-6.3.1.jar;C:\Users\ahmad.irtza\.m2\repository\org\springframework\security\spring-security-test\6.3.1\spring-security-test-6.3.1.jar;C:\Users\ahmad.irtza\.m2\repository\org\springframework\security\spring-security-core\6.3.1\spring-security-core-6.3.1.jar;C:\Users\ahmad.irtza\.m2\repository\org\springframework\security\spring-security-crypto\6.3.1\spring-security-crypto-6.3.1.jar;C:\Users\ahmad.irtza\.m2\repository\org\springframework\spring-core\6.1.10\spring-core-6.1.10.jar;C:\Users\ahmad.irtza\.m2\repository\org\springframework\spring-jcl\6.1.10\spring-jcl-6.1.10.jar;C:\Users\ahmad.irtza\.m2\repository\org\springframework\spring-test\6.1.10\spring-test-6.1.10.jar;C:\Users\ahmad.irtza\.m2\repository\com\h2database\h2\2.2.224\h2-2.2.224.jar;C:\Users\ahmad.irtza\.m2\repository\org\projectlombok\lombok\1.18.32\lombok-1.18.32.jar;C:\Users\ahmad.irtza\.m2\repository\org\springframework\boot\spring-boot-starter-test\3.3.1\spring-boot-starter-test-3.3.1.jar;C:\Users\ahmad.irtza\.m2\repository\org\springframework\boot\spring-boot-test\3.3.1\spring-boot-test-3.3.1.jar;C:\Users\ahmad.irtza\.m2\repository\org\springframework\boot\spring-boot-test-autoconfigure\3.3.1\spring-boot-test-autoconfigure-3.3.1.jar;C:\Users\ahmad.irtza\.m2\repository\com\jayway\jsonpath\json-path\2.9.0\json-path-2.9.0.jar;C:\Users\ahmad.irtza\.m2\repository\jakarta\xml\bind\jakarta.xml.bind-api\4.0.2\jakarta.xml.bind-api-4.0.2.jar;C:\Users\ahmad.irtza\.m2\repository\jakarta\activation\jakarta.activation-api\2.1.3\jakarta.activation-api-2.1.3.jar;C:\Users\ahmad.irtza\.m2\repository\net\minidev\json-smart\2.5.1\json-smart-2.5.1.jar;C:\Users\ahmad.irtza\.m2\repository\net\minidev\accessors-smart\2.5.1\accessors-smart-2.5.1.jar;C:\Users\ahmad.irtza\.m2\repository\org\ow2\asm\asm\9.6\asm-9.6.jar;C:\Users\ahmad.irtza\.m2\repository\org\assertj\assertj-core\3.25.3\assertj-core-3.25.3.jar;C:\Users\ahmad.irtza\.m2\repository\org\awaitility\awaitility\4.2.1\awaitility-4.2.1.jar;C:\Users\ahmad.irtza\.m2\repository\org\hamcrest\hamcrest\2.2\hamcrest-2.2.jar;C:\Users\ahmad.irtza\.m2\repository\org\junit\jupiter\junit-jupiter\5.10.2\junit-jupiter-5.10.2.jar;C:\Users\ahmad.irtza\.m2\repository\org\junit\jupiter\junit-jupiter-api\5.10.2\junit-jupiter-api-5.10.2.jar;C:\Users\ahmad.irtza\.m2\repository\org\opentest4j\opentest4j\1.3.0\opentest4j-1.3.0.jar;C:\Users\ahmad.irtza\.m2\repository\org\junit\platform\junit-platform-commons\1.10.2\junit-platform-commons-1.10.2.jar;C:\Users\ahmad.irtza\.m2\repository\org\apiguardian\apiguardian-api\1.1.2\apiguardian-api-1.1.2.jar;C:\Users\ahmad.irtza\.m2\repository\org\junit\jupiter\junit-jupiter-params\5.10.2\junit-jupiter-params-5.10.2.jar;C:\Users\ahmad.irtza\.m2\repository\org\junit\jupiter\junit-jupiter-engine\5.10.2\junit-jupiter-engine-5.10.2.jar;C:\Users\ahmad.irtza\.m2\repository\org\junit\platform\junit-platform-engine\1.10.2\junit-platform-engine-1.10.2.jar;C:\Users\ahmad.irtza\.m2\repository\org\mockito\mockito-core\5.11.0\mockito-core-5.11.0.jar;C:\Users\ahmad.irtza\.m2\repository\net\bytebuddy\byte-buddy-agent\1.14.17\byte-buddy-agent-1.14.17.jar;C:\Users\ahmad.irtza\.m2\repository\org\objenesis\objenesis\3.3\objenesis-3.3.jar;C:\Users\ahmad.irtza\.m2\repository\org\mockito\mockito-junit-jupiter\5.11.0\mockito-junit-jupiter-5.11.0.jar;C:\Users\ahmad.irtza\.m2\repository\org\skyscreamer\jsonassert\1.5.1\jsonassert-1.5.1.jar;C:\Users\ahmad.irtza\.m2\repository\com\vaadin\external\google\android-json\0.0.20131108.vaadin1\android-json-0.0.20131108.vaadin1.jar;C:\Users\ahmad.irtza\.m2\repository\org\xmlunit\xmlunit-core\2.9.1\xmlunit-core-2.9.1.jar;C:\Users\ahmad.irtza\.m2\repository\org\springdoc\springdoc-openapi-starter-webmvc-ui\2.6.0\springdoc-openapi-starter-webmvc-ui-2.6.0.jar;C:\Users\ahmad.irtza\.m2\repository\org\springdoc\springdoc-openapi-starter-webmvc-api\2.6.0\springdoc-openapi-starter-webmvc-api-2.6.0.jar;C:\Users\ahmad.irtza\.m2\repository\org\springdoc\springdoc-openapi-starter-common\2.6.0\springdoc-openapi-starter-common-2.6.0.jar;C:\Users\ahmad.irtza\.m2\repository\io\swagger\core\v3\swagger-core-jakarta\2.2.22\swagger-core-jakarta-2.2.22.jar;C:\Users\ahmad.irtza\.m2\repository\io\swagger\core\v3\swagger-annotations-jakarta\2.2.22\swagger-annotations-jakarta-2.2.22.jar;C:\Users\ahmad.irtza\.m2\repository\io\swagger\core\v3\swagger-models-jakarta\2.2.22\swagger-models-jakarta-2.2.22.jar;C:\Users\ahmad.irtza\.m2\repository\jakarta\validation\jakarta.validation-api\3.0.2\jakarta.validation-api-3.0.2.jar;C:\Users\ahmad.irtza\.m2\repository\com\fasterxml\jackson\dataformat\jackson-dataformat-yaml\2.17.1\jackson-dataformat-yaml-2.17.1.jar;C:\Users\ahmad.irtza\.m2\repository\org\webjars\swagger-ui\5.17.14\swagger-ui-5.17.14.jar;C:\Users\ahmad.irtza\.m2\repository\org\springframework\boot\spring-boot-starter-cache\3.3.1\spring-boot-starter-cache-3.3.1.jar;C:\Users\ahmad.irtza\.m2\repository\org\springframework\spring-context-support\6.1.10\spring-context-support-6.1.10.jar;C:\Users\ahmad.irtza\.m2\repository\com\mysql\mysql-connector-j\8.3.0\mysql-connector-j-8.3.0.jar;C:\Users\ahmad.irtza\.m2\repository\org\springframework\boot\spring-boot-starter-actuator\3.3.1\spring-boot-starter-actuator-3.3.1.jar;C:\Users\ahmad.irtza\.m2\repository\org\springframework\boot\spring-boot-actuator-autoconfigure\3.3.1\spring-boot-actuator-autoconfigure-3.3.1.jar;C:\Users\ahmad.irtza\.m2\repository\org\springframework\boot\spring-boot-actuator\3.3.1\spring-boot-actuator-3.3.1.jar;C:\Users\ahmad.irtza\.m2\repository\io\micrometer\micrometer-observation\1.13.1\micrometer-observation-1.13.1.jar;C:\Users\ahmad.irtza\.m2\repository\io\micrometer\micrometer-commons\1.13.1\micrometer-commons-1.13.1.jar;C:\Users\ahmad.irtza\.m2\repository\io\micrometer\micrometer-jakarta9\1.13.1\micrometer-jakarta9-1.13.1.jar;C:\Users\ahmad.irtza\.m2\repository\io\micrometer\micrometer-core\1.13.1\micrometer-core-1.13.1.jar;C:\Users\ahmad.irtza\.m2\repository\org\hdrhistogram\HdrHistogram\2.2.2\HdrHistogram-2.2.2.jar;C:\Users\ahmad.irtza\.m2\repository\org\latencyutils\LatencyUtils\2.0.3\LatencyUtils-2.0.3.jar;"/>
    <property name="sun.cpu.endian" value="little"/>
    <property name="user.home" value="C:\Users\ahmad.irtza"/>
    <property name="user.language" value="en"/>
    <property name="java.specification.vendor" value="Oracle Corporation"/>
    <property name="java.version.date" value="2024-04-16"/>
    <property name="java.home" value="C:\Users\ahmad.irtza\.jdks\openjdk-22.0.1"/>
    <property name="file.separator" value="\"/>
    <property name="basedir" value="C:\Users\ahmad.irtza\Downloads\project04"/>
    <property name="java.vm.compressedOopsMode" value="Zero based"/>
    <property name="line.separator" value="&#10;"/>
    <property name="java.vm.specification.vendor" value="Oracle Corporation"/>
    <property name="java.specification.name" value="Java Platform API Specification"/>
    <property name="FILE_LOG_CHARSET" value="UTF-8"/>
    <property name="java.awt.headless" value="true"/>
    <property name="surefire.real.class.path" value="C:\Users\ahmad.irtza\AppData\Local\Temp\surefire14708875965749950789\surefirebooter-20240710141349401_3.jar"/>
    <property name="user.script" value=""/>
    <property name="sun.management.compiler" value="HotSpot 64-Bit Tiered Compilers"/>
    <property name="java.runtime.version" value="22.0.1+8-16"/>
    <property name="user.name" value="ahmad.irtza"/>
    <property name="stdout.encoding" value="Cp1252"/>
    <property name="path.separator" value=";"/>
    <property name="os.version" value="10.0"/>
    <property name="java.runtime.name" value="OpenJDK Runtime Environment"/>
    <property name="file.encoding" value="UTF-8"/>
    <property name="java.vm.name" value="OpenJDK 64-Bit Server VM"/>
    <property name="LOG_FILE" value="target/temp.log"/>
    <property name="localRepository" value="C:\Users\ahmad.irtza\.m2\repository"/>
    <property name="java.vendor.url.bug" value="https://bugreport.java.com/bugreport/"/>
    <property name="java.io.tmpdir" value="C:\Users\AHMAD~1.IRT\AppData\Local\Temp\"/>
    <property name="idea.version" value="2024.1.4"/>
    <property name="com.zaxxer.hikari.pool_number" value="2"/>
    <property name="java.version" value="22.0.1"/>
    <property name="user.dir" value="C:\Users\ahmad.irtza\Downloads\project04"/>
    <property name="os.arch" value="amd64"/>
    <property name="java.vm.specification.name" value="Java Virtual Machine Specification"/>
    <property name="PID" value="6036"/>
    <property name="sun.os.patch.level" value=""/>
    <property name="CONSOLE_LOG_CHARSET" value="UTF-8"/>
    <property name="native.encoding" value="Cp1252"/>
    <property name="java.library.path" value="C:\Users\ahmad.irtza\.jdks\openjdk-22.0.1\bin;C:\Windows\Sun\Java\bin;C:\Windows\system32;C:\Windows;C:\Windows\system32;C:\Windows;C:\Windows\System32\Wbem;C:\Windows\System32\WindowsPowerShell\v1.0\;C:\Windows\System32\OpenSSH\;C:\java\jdk-21.0.3\bin;C:\Users\ahmad.irtza\AppData\Local\Programs\Git\cmd;."/>
    <property name="java.vm.info" value="mixed mode, sharing"/>
    <property name="stderr.encoding" value="Cp1252"/>
    <property name="java.vendor" value="Oracle Corporation"/>
    <property name="java.vm.version" value="22.0.1+8-16"/>
    <property name="sun.io.unicode.encoding" value="UnicodeLittle"/>
    <property name="java.class.version" value="66.0"/>
    <property name="LOGGED_APPLICATION_NAME" value="[project02] "/>
  </properties>
  <testcase name="testPostStudent" classname="StudentApiControllerTest" time="0.395">
    <system-out><![CDATA[
  .   ____          _            __ _ _
 /\\ / ___'_ __ _ _(_)_ __  __ _ \ \ \ \
( ( )\___ | '_ | '_| | '_ \/ _` | \ \ \ \
 \\/  ___)| |_)| | | | | || (_| |  ) ) ) )
  '  |____| .__|_| |_|_| |_\__, | / / / /
 =========|_|==============|___/=/_/_/_/

 :: Spring Boot ::                (v3.3.1)

2024-07-10T14:14:04.662+05:00  INFO 6036 --- [project02] [           main] StudentApiControllerTest                 : Starting StudentApiControllerTest using Java 22.0.1 with PID 6036 (started by ahmad.irtza in C:\Users\ahmad.irtza\Downloads\project04)
2024-07-10T14:14:04.662+05:00  INFO 6036 --- [project02] [           main] StudentApiControllerTest                 : Starting StudentApiControllerTest using Java 22.0.1 with PID 6036 (started by ahmad.irtza in C:\Users\ahmad.irtza\Downloads\project04)
2024-07-10T14:14:04.663+05:00  INFO 6036 --- [project02] [           main] StudentApiControllerTest                 : No active profile set, falling back to 1 default profile: "default"
2024-07-10T14:14:04.663+05:00  INFO 6036 --- [project02] [           main] StudentApiControllerTest                 : No active profile set, falling back to 1 default profile: "default"
2024-07-10T14:14:05.213+05:00 ERROR 6036 --- [project02] [   scheduling-1] o.s.s.s.TaskUtils$LoggingErrorHandler    : Unexpected error occurred in scheduled task

org.springframework.web.client.HttpClientErrorException$Forbidden: 403 Forbidden: "{"errors":["You have reached your request limit for today, the next reset will be tomorrow at midnight UTC. If you need more requests, you can upgrade your subscription here: https:\/\/gnews.io\/#pricing"]}"
	at org.springframework.web.client.HttpClientErrorException.create(HttpClientErrorException.java:109)
	at org.springframework.web.client.DefaultResponseErrorHandler.handleError(DefaultResponseErrorHandler.java:183)
	at org.springframework.web.client.DefaultResponseErrorHandler.handleError(DefaultResponseErrorHandler.java:137)
	at org.springframework.web.client.ResponseErrorHandler.handleError(ResponseErrorHandler.java:63)
	at org.springframework.web.client.RestTemplate.handleResponse(RestTemplate.java:942)
	at org.springframework.web.client.RestTemplate.doExecute(RestTemplate.java:891)
	at org.springframework.web.client.RestTemplate.execute(RestTemplate.java:790)
	at org.springframework.web.client.RestTemplate.getForObject(RestTemplate.java:404)
	at com.practice.project02.publicNewsAPI.NewsApiClient.findNews(NewsApiClient.java:27)
	at com.practice.project02.publicNewsAPI.NewsApiClient.fetchNewsRegularly(NewsApiClient.java:39)
	at java.base/jdk.internal.reflect.DirectMethodHandleAccessor.invoke(DirectMethodHandleAccessor.java:103)
	at java.base/java.lang.reflect.Method.invoke(Method.java:580)
	at org.springframework.aop.support.AopUtils.invokeJoinpointUsingReflection(AopUtils.java:354)
	at org.springframework.aop.framework.CglibAopProxy$DynamicAdvisedInterceptor.intercept(CglibAopProxy.java:716)
	at com.practice.project02.publicNewsAPI.NewsApiClient$$SpringCGLIB$$0.fetchNewsRegularly(<generated>)
	at java.base/jdk.internal.reflect.DirectMethodHandleAccessor.invoke(DirectMethodHandleAccessor.java:103)
	at java.base/java.lang.reflect.Method.invoke(Method.java:580)
	at org.springframework.scheduling.support.ScheduledMethodRunnable.runInternal(ScheduledMethodRunnable.java:130)
	at org.springframework.scheduling.support.ScheduledMethodRunnable.lambda$run$2(ScheduledMethodRunnable.java:124)
	at io.micrometer.observation.Observation.observe(Observation.java:499)
	at org.springframework.scheduling.support.ScheduledMethodRunnable.run(ScheduledMethodRunnable.java:124)
	at org.springframework.scheduling.support.DelegatingErrorHandlingRunnable.run(DelegatingErrorHandlingRunnable.java:54)
	at java.base/java.util.concurrent.Executors$RunnableAdapter.call(Executors.java:572)
	at java.base/java.util.concurrent.FutureTask.runAndReset(FutureTask.java:358)
	at java.base/java.util.concurrent.ScheduledThreadPoolExecutor$ScheduledFutureTask.run(ScheduledThreadPoolExecutor.java:305)
	at java.base/java.util.concurrent.ThreadPoolExecutor.runWorker(ThreadPoolExecutor.java:1144)
	at java.base/java.util.concurrent.ThreadPoolExecutor$Worker.run(ThreadPoolExecutor.java:642)
	at java.base/java.lang.Thread.run(Thread.java:1570)

2024-07-10T14:14:05.213+05:00 ERROR 6036 --- [project02] [   scheduling-1] o.s.s.s.TaskUtils$LoggingErrorHandler    : Unexpected error occurred in scheduled task

org.springframework.web.client.HttpClientErrorException$Forbidden: 403 Forbidden: "{"errors":["You have reached your request limit for today, the next reset will be tomorrow at midnight UTC. If you need more requests, you can upgrade your subscription here: https:\/\/gnews.io\/#pricing"]}"
	at org.springframework.web.client.HttpClientErrorException.create(HttpClientErrorException.java:109)
	at org.springframework.web.client.DefaultResponseErrorHandler.handleError(DefaultResponseErrorHandler.java:183)
	at org.springframework.web.client.DefaultResponseErrorHandler.handleError(DefaultResponseErrorHandler.java:137)
	at org.springframework.web.client.ResponseErrorHandler.handleError(ResponseErrorHandler.java:63)
	at org.springframework.web.client.RestTemplate.handleResponse(RestTemplate.java:942)
	at org.springframework.web.client.RestTemplate.doExecute(RestTemplate.java:891)
	at org.springframework.web.client.RestTemplate.execute(RestTemplate.java:790)
	at org.springframework.web.client.RestTemplate.getForObject(RestTemplate.java:404)
	at com.practice.project02.publicNewsAPI.NewsApiClient.findNews(NewsApiClient.java:27)
	at com.practice.project02.publicNewsAPI.NewsApiClient.fetchNewsRegularly(NewsApiClient.java:39)
	at java.base/jdk.internal.reflect.DirectMethodHandleAccessor.invoke(DirectMethodHandleAccessor.java:103)
	at java.base/java.lang.reflect.Method.invoke(Method.java:580)
	at org.springframework.aop.support.AopUtils.invokeJoinpointUsingReflection(AopUtils.java:354)
	at org.springframework.aop.framework.CglibAopProxy$DynamicAdvisedInterceptor.intercept(CglibAopProxy.java:716)
	at com.practice.project02.publicNewsAPI.NewsApiClient$$SpringCGLIB$$0.fetchNewsRegularly(<generated>)
	at java.base/jdk.internal.reflect.DirectMethodHandleAccessor.invoke(DirectMethodHandleAccessor.java:103)
	at java.base/java.lang.reflect.Method.invoke(Method.java:580)
	at org.springframework.scheduling.support.ScheduledMethodRunnable.runInternal(ScheduledMethodRunnable.java:130)
	at org.springframework.scheduling.support.ScheduledMethodRunnable.lambda$run$2(ScheduledMethodRunnable.java:124)
	at io.micrometer.observation.Observation.observe(Observation.java:499)
	at org.springframework.scheduling.support.ScheduledMethodRunnable.run(ScheduledMethodRunnable.java:124)
	at org.springframework.scheduling.support.DelegatingErrorHandlingRunnable.run(DelegatingErrorHandlingRunnable.java:54)
	at java.base/java.util.concurrent.Executors$RunnableAdapter.call(Executors.java:572)
	at java.base/java.util.concurrent.FutureTask.runAndReset(FutureTask.java:358)
	at java.base/java.util.concurrent.ScheduledThreadPoolExecutor$ScheduledFutureTask.run(ScheduledThreadPoolExecutor.java:305)
	at java.base/java.util.concurrent.ThreadPoolExecutor.runWorker(ThreadPoolExecutor.java:1144)
	at java.base/java.util.concurrent.ThreadPoolExecutor$Worker.run(ThreadPoolExecutor.java:642)
	at java.base/java.lang.Thread.run(Thread.java:1570)

2024-07-10T14:14:05.408+05:00  INFO 6036 --- [project02] [           main] .s.d.r.c.RepositoryConfigurationDelegate : Bootstrapping Spring Data JPA repositories in DEFAULT mode.
2024-07-10T14:14:05.408+05:00  INFO 6036 --- [project02] [           main] .s.d.r.c.RepositoryConfigurationDelegate : Bootstrapping Spring Data JPA repositories in DEFAULT mode.
2024-07-10T14:14:05.418+05:00  INFO 6036 --- [project02] [           main] .s.d.r.c.RepositoryConfigurationDelegate : Finished Spring Data repository scanning in 9 ms. Found 2 JPA repository interfaces.
2024-07-10T14:14:05.418+05:00  INFO 6036 --- [project02] [           main] .s.d.r.c.RepositoryConfigurationDelegate : Finished Spring Data repository scanning in 9 ms. Found 2 JPA repository interfaces.
2024-07-10T14:14:05.655+05:00  INFO 6036 --- [project02] [           main] com.zaxxer.hikari.HikariDataSource       : HikariPool-2 - Starting...
2024-07-10T14:14:05.655+05:00  INFO 6036 --- [project02] [           main] com.zaxxer.hikari.HikariDataSource       : HikariPool-2 - Starting...
2024-07-10T14:14:05.656+05:00  INFO 6036 --- [project02] [           main] com.zaxxer.hikari.pool.HikariPool        : HikariPool-2 - Added connection conn10: url=jdbc:h2:mem:news user=TEST
2024-07-10T14:14:05.656+05:00  INFO 6036 --- [project02] [           main] com.zaxxer.hikari.pool.HikariPool        : HikariPool-2 - Added connection conn10: url=jdbc:h2:mem:news user=TEST
2024-07-10T14:14:05.656+05:00  INFO 6036 --- [project02] [           main] com.zaxxer.hikari.HikariDataSource       : HikariPool-2 - Start completed.
2024-07-10T14:14:05.656+05:00  INFO 6036 --- [project02] [           main] com.zaxxer.hikari.HikariDataSource       : HikariPool-2 - Start completed.
2024-07-10T14:14:05.659+05:00  INFO 6036 --- [project02] [           main] liquibase.database                       : Set default schema name to PUBLIC
2024-07-10T14:14:05.659+05:00  INFO 6036 --- [project02] [           main] liquibase.database                       : Set default schema name to PUBLIC
2024-07-10T14:14:05.736+05:00  INFO 6036 --- [project02] [           main] liquibase.changelog                      : Reading from PUBLIC.DATABASECHANGELOG
2024-07-10T14:14:05.736+05:00  INFO 6036 --- [project02] [           main] liquibase.changelog                      : Reading from PUBLIC.DATABASECHANGELOG
2024-07-10T14:14:05.752+05:00  INFO 6036 --- [project02] [           main] liquibase.lockservice                    : Successfully acquired change log lock
2024-07-10T14:14:05.752+05:00  INFO 6036 --- [project02] [           main] liquibase.lockservice                    : Successfully acquired change log lock
2024-07-10T14:14:05.753+05:00  INFO 6036 --- [project02] [           main] liquibase.command                        : Using deploymentId: 0602845752
2024-07-10T14:14:05.753+05:00  INFO 6036 --- [project02] [           main] liquibase.command                        : Using deploymentId: 0602845752
2024-07-10T14:14:05.753+05:00  INFO 6036 --- [project02] [           main] liquibase.changelog                      : Reading from PUBLIC.DATABASECHANGELOG
2024-07-10T14:14:05.753+05:00  INFO 6036 --- [project02] [           main] liquibase.changelog                      : Reading from PUBLIC.DATABASECHANGELOG
2024-07-10T14:14:05.757+05:00  INFO 6036 --- [project02] [           main] liquibase.util                           : UPDATE SUMMARY
2024-07-10T14:14:05.757+05:00  INFO 6036 --- [project02] [           main] liquibase.util                           : UPDATE SUMMARY
2024-07-10T14:14:05.757+05:00  INFO 6036 --- [project02] [           main] liquibase.util                           : Run:                          0
2024-07-10T14:14:05.757+05:00  INFO 6036 --- [project02] [           main] liquibase.util                           : Run:                          0
2024-07-10T14:14:05.757+05:00  INFO 6036 --- [project02] [           main] liquibase.util                           : Previously run:               7
2024-07-10T14:14:05.757+05:00  INFO 6036 --- [project02] [           main] liquibase.util                           : Previously run:               7
2024-07-10T14:14:05.757+05:00  INFO 6036 --- [project02] [           main] liquibase.util                           : Filtered out:                 0
2024-07-10T14:14:05.757+05:00  INFO 6036 --- [project02] [           main] liquibase.util                           : Filtered out:                 0
2024-07-10T14:14:05.757+05:00  INFO 6036 --- [project02] [           main] liquibase.util                           : -------------------------------
2024-07-10T14:14:05.757+05:00  INFO 6036 --- [project02] [           main] liquibase.util                           : -------------------------------
2024-07-10T14:14:05.757+05:00  INFO 6036 --- [project02] [           main] liquibase.util                           : Total change sets:            7
2024-07-10T14:14:05.757+05:00  INFO 6036 --- [project02] [           main] liquibase.util                           : Total change sets:            7
2024-07-10T14:14:05.758+05:00  INFO 6036 --- [project02] [           main] liquibase.util                           : Update summary generated
2024-07-10T14:14:05.758+05:00  INFO 6036 --- [project02] [           main] liquibase.util                           : Update summary generated
2024-07-10T14:14:05.758+05:00  INFO 6036 --- [project02] [           main] liquibase.command                        : Update command completed successfully.
2024-07-10T14:14:05.758+05:00  INFO 6036 --- [project02] [           main] liquibase.command                        : Update command completed successfully.
2024-07-10T14:14:05.758+05:00  INFO 6036 --- [project02] [           main] liquibase.ui                             : Liquibase: Update has been successful. Rows affected: 0
2024-07-10T14:14:05.758+05:00  INFO 6036 --- [project02] [           main] liquibase.ui                             : Liquibase: Update has been successful. Rows affected: 0
2024-07-10T14:14:05.760+05:00  INFO 6036 --- [project02] [           main] liquibase.lockservice                    : Successfully released change log lock
2024-07-10T14:14:05.760+05:00  INFO 6036 --- [project02] [           main] liquibase.lockservice                    : Successfully released change log lock
2024-07-10T14:14:05.760+05:00  INFO 6036 --- [project02] [           main] liquibase.command                        : Command execution complete
2024-07-10T14:14:05.760+05:00  INFO 6036 --- [project02] [           main] liquibase.command                        : Command execution complete
2024-07-10T14:14:05.798+05:00  INFO 6036 --- [project02] [           main] o.hibernate.jpa.internal.util.LogHelper  : HHH000204: Processing PersistenceUnitInfo [name: default]
2024-07-10T14:14:05.798+05:00  INFO 6036 --- [project02] [           main] o.hibernate.jpa.internal.util.LogHelper  : HHH000204: Processing PersistenceUnitInfo [name: default]
2024-07-10T14:14:05.803+05:00  INFO 6036 --- [project02] [           main] o.h.c.internal.RegionFactoryInitiator    : HHH000026: Second-level cache disabled
2024-07-10T14:14:05.803+05:00  INFO 6036 --- [project02] [           main] o.h.c.internal.RegionFactoryInitiator    : HHH000026: Second-level cache disabled
2024-07-10T14:14:05.824+05:00  INFO 6036 --- [project02] [           main] o.s.o.j.p.SpringPersistenceUnitInfo      : No LoadTimeWeaver setup: ignoring JPA class transformer
2024-07-10T14:14:05.824+05:00  INFO 6036 --- [project02] [           main] o.s.o.j.p.SpringPersistenceUnitInfo      : No LoadTimeWeaver setup: ignoring JPA class transformer
2024-07-10T14:14:05.978+05:00  INFO 6036 --- [project02] [           main] o.h.e.t.j.p.i.JtaPlatformInitiator       : HHH000489: No JTA platform available (set 'hibernate.transaction.jta.platform' to enable JTA platform integration)
2024-07-10T14:14:05.978+05:00  INFO 6036 --- [project02] [           main] o.h.e.t.j.p.i.JtaPlatformInitiator       : HHH000489: No JTA platform available (set 'hibernate.transaction.jta.platform' to enable JTA platform integration)
2024-07-10T14:14:05.979+05:00  INFO 6036 --- [project02] [           main] j.LocalContainerEntityManagerFactoryBean : Initialized JPA EntityManagerFactory for persistence unit 'default'
2024-07-10T14:14:05.979+05:00  INFO 6036 --- [project02] [           main] j.LocalContainerEntityManagerFactoryBean : Initialized JPA EntityManagerFactory for persistence unit 'default'
2024-07-10T14:14:06.375+05:00 TRACE 6036 --- [project02] [           main] eGlobalAuthenticationAutowiredConfigurer : Eagerly initializing {org.springframework.boot.autoconfigure.security.servlet.SpringBootWebSecurityConfiguration$WebSecurityEnablerConfiguration=org.springframework.boot.autoconfigure.security.servlet.SpringBootWebSecurityConfiguration$WebSecurityEnablerConfiguration@1437100e}
2024-07-10T14:14:06.378+05:00  INFO 6036 --- [project02] [           main] r$InitializeUserDetailsManagerConfigurer : Global AuthenticationManager configured with UserDetailsService bean with name userService
2024-07-10T14:14:06.396+05:00  INFO 6036 --- [project02] [           main] o.s.b.a.w.s.WelcomePageHandlerMapping    : Adding welcome page: class path resource [static/index.html]
2024-07-10T14:14:06.396+05:00  INFO 6036 --- [project02] [           main] o.s.b.a.w.s.WelcomePageHandlerMapping    : Adding welcome page: class path resource [static/index.html]
2024-07-10T14:14:06.600+05:00  INFO 6036 --- [project02] [           main] o.s.b.a.e.web.EndpointLinksResolver      : Exposing 16 endpoints beneath base path '/actuator'
2024-07-10T14:14:06.600+05:00  INFO 6036 --- [project02] [           main] o.s.b.a.e.web.EndpointLinksResolver      : Exposing 16 endpoints beneath base path '/actuator'
2024-07-10T14:14:06.654+05:00 DEBUG 6036 --- [project02] [           main] o.s.s.web.DefaultSecurityFilterChain     : Will secure any request with filters: DisableEncodeUrlFilter, WebAsyncManagerIntegrationFilter, SecurityContextHolderFilter, HeaderWriterFilter, CorsFilter, CsrfFilter, LogoutFilter, UsernamePasswordAuthenticationFilter, DefaultLoginPageGeneratingFilter, DefaultLogoutPageGeneratingFilter, RequestCacheAwareFilter, SecurityContextHolderAwareRequestFilter, AnonymousAuthenticationFilter, ExceptionTranslationFilter, AuthorizationFilter
2024-07-10T14:14:07.013+05:00  INFO 6036 --- [project02] [           main] o.s.b.a.h2.H2ConsoleAutoConfiguration    : H2 console available at '/h2-console'. Database available at 'jdbc:h2:mem:news'
2024-07-10T14:14:07.013+05:00  INFO 6036 --- [project02] [           main] o.s.b.a.h2.H2ConsoleAutoConfiguration    : H2 console available at '/h2-console'. Database available at 'jdbc:h2:mem:news'
2024-07-10T14:14:07.044+05:00  WARN 6036 --- [project02] [           main] o.s.s.c.a.web.builders.WebSecurity       : You are asking Spring Security to ignore Ant [pattern='/api/v1/student/create', GET]. This is not recommended -- please use permitAll via HttpSecurity#authorizeHttpRequests instead.
2024-07-10T14:14:07.045+05:00 DEBUG 6036 --- [project02] [           main] o.s.s.web.DefaultSecurityFilterChain     : Will not secure Ant [pattern='/api/v1/student/create', GET]
2024-07-10T14:14:07.045+05:00  WARN 6036 --- [project02] [           main] o.s.s.c.a.web.builders.WebSecurity       : You are asking Spring Security to ignore Ant [pattern='/api/v1/student', GET]. This is not recommended -- please use permitAll via HttpSecurity#authorizeHttpRequests instead.
2024-07-10T14:14:07.045+05:00 DEBUG 6036 --- [project02] [           main] o.s.s.web.DefaultSecurityFilterChain     : Will not secure Ant [pattern='/api/v1/student', GET]
2024-07-10T14:14:07.101+05:00  INFO 6036 --- [project02] [           main] o.s.b.t.m.w.SpringBootMockServletContext : Initializing Spring TestDispatcherServlet ''
2024-07-10T14:14:07.101+05:00  INFO 6036 --- [project02] [           main] o.s.b.t.m.w.SpringBootMockServletContext : Initializing Spring TestDispatcherServlet ''
2024-07-10T14:14:07.102+05:00  INFO 6036 --- [project02] [           main] o.s.t.web.servlet.TestDispatcherServlet  : Initializing Servlet ''
2024-07-10T14:14:07.102+05:00  INFO 6036 --- [project02] [           main] o.s.t.web.servlet.TestDispatcherServlet  : Initializing Servlet ''
2024-07-10T14:14:07.103+05:00  INFO 6036 --- [project02] [           main] o.s.t.web.servlet.TestDispatcherServlet  : Completed initialization in 1 ms
2024-07-10T14:14:07.103+05:00  INFO 6036 --- [project02] [           main] o.s.t.web.servlet.TestDispatcherServlet  : Completed initialization in 1 ms
2024-07-10T14:14:07.129+05:00  INFO 6036 --- [project02] [           main] StudentApiControllerTest                 : Started StudentApiControllerTest in 2.536 seconds (process running for 17.488)
2024-07-10T14:14:07.129+05:00  INFO 6036 --- [project02] [           main] StudentApiControllerTest                 : Started StudentApiControllerTest in 2.536 seconds (process running for 17.488)
2024-07-10T14:14:07.155+05:00 TRACE 6036 --- [project02] [           main] w.c.HttpSessionSecurityContextRepository : No HttpSession currently exists
2024-07-10T14:14:07.155+05:00 TRACE 6036 --- [project02] [           main] w.c.HttpSessionSecurityContextRepository : Created SecurityContextImpl [Null authentication]
2024-07-10T14:14:07.158+05:00 TRACE 6036 --- [project02] [           main] .s.s.w.c.SupplierDeferredSecurityContext : Created SecurityContextImpl [Null authentication]
2024-07-10T14:14:07.161+05:00 DEBUG 6036 --- [project02] [           main] w.c.HttpSessionSecurityContextRepository : Created HttpSession as SecurityContext is non-default
2024-07-10T14:14:07.161+05:00 DEBUG 6036 --- [project02] [           main] w.c.HttpSessionSecurityContextRepository : Stored SecurityContextImpl [Authentication=UsernamePasswordAuthenticationToken [Principal=org.springframework.security.core.userdetails.User [Username=student, Password=[PROTECTED], Enabled=true, AccountNonExpired=true, CredentialsNonExpired=true, AccountNonLocked=true, Granted Authorities=[student]], Credentials=[PROTECTED], Authenticated=true, Details=null, Granted Authorities=[student]]] to HttpSession [org.springframework.mock.web.MockHttpSession@2fc2096]
2024-07-10T14:14:07.177+05:00 TRACE 6036 --- [project02] [           main] o.s.security.web.FilterChainProxy        : Trying to match request against DefaultSecurityFilterChain [RequestMatcher=Ant [pattern='/api/v1/student/create', GET], Filters=[]] (1/3)
2024-07-10T14:14:07.178+05:00 TRACE 6036 --- [project02] [           main] o.s.security.web.FilterChainProxy        : Trying to match request against DefaultSecurityFilterChain [RequestMatcher=Ant [pattern='/api/v1/student', GET], Filters=[]] (2/3)
2024-07-10T14:14:07.178+05:00 TRACE 6036 --- [project02] [           main] o.s.security.web.FilterChainProxy        : Trying to match request against DefaultSecurityFilterChain [RequestMatcher=any request, Filters=[org.springframework.security.web.session.DisableEncodeUrlFilter@6aaa576f, org.springframework.security.web.context.request.async.WebAsyncManagerIntegrationFilter@29704af9, org.springframework.security.web.context.SecurityContextHolderFilter@f2dbe23, org.springframework.security.web.header.HeaderWriterFilter@6089b1d7, org.springframework.web.filter.CorsFilter@c4be921, org.springframework.security.web.csrf.CsrfFilter@16cdb44f, org.springframework.security.web.authentication.logout.LogoutFilter@2b12c9c9, org.springframework.security.web.authentication.UsernamePasswordAuthenticationFilter@50ffcc70, org.springframework.security.web.authentication.ui.DefaultLoginPageGeneratingFilter@4d0ac7d7, org.springframework.security.web.authentication.ui.DefaultLogoutPageGeneratingFilter@49beaa01, org.springframework.security.web.savedrequest.RequestCacheAwareFilter@6e8f721a, org.springframework.security.web.servletapi.SecurityContextHolderAwareRequestFilter@40f78a8a, org.springframework.security.web.authentication.AnonymousAuthenticationFilter@71179d76, org.springframework.security.web.access.ExceptionTranslationFilter@6de7f798, org.springframework.security.web.access.intercept.AuthorizationFilter@4d3fcac]] (3/3)
2024-07-10T14:14:07.178+05:00 DEBUG 6036 --- [project02] [           main] o.s.security.web.FilterChainProxy        : Securing POST /api/v1/student
2024-07-10T14:14:07.181+05:00 TRACE 6036 --- [project02] [           main] o.s.security.web.FilterChainProxy        : Invoking DisableEncodeUrlFilter (1/15)
2024-07-10T14:14:07.187+05:00 TRACE 6036 --- [project02] [           main] o.s.security.web.FilterChainProxy        : Invoking WebAsyncManagerIntegrationFilter (2/15)
2024-07-10T14:14:07.190+05:00 TRACE 6036 --- [project02] [           main] o.s.security.web.FilterChainProxy        : Invoking SecurityContextHolderFilter (3/15)
2024-07-10T14:14:07.191+05:00 TRACE 6036 --- [project02] [           main] o.s.security.web.FilterChainProxy        : Invoking HeaderWriterFilter (4/15)
2024-07-10T14:14:07.192+05:00 TRACE 6036 --- [project02] [           main] o.s.security.web.FilterChainProxy        : Invoking CorsFilter (5/15)
2024-07-10T14:14:07.193+05:00 TRACE 6036 --- [project02] [           main] o.s.security.web.FilterChainProxy        : Invoking CsrfFilter (6/15)
2024-07-10T14:14:07.193+05:00 TRACE 6036 --- [project02] [           main] o.s.security.web.FilterChainProxy        : Invoking LogoutFilter (7/15)
2024-07-10T14:14:07.194+05:00 TRACE 6036 --- [project02] [           main] o.s.s.w.a.logout.LogoutFilter            : Did not match request to Ant [pattern='/logout', POST]
2024-07-10T14:14:07.194+05:00 TRACE 6036 --- [project02] [           main] o.s.security.web.FilterChainProxy        : Invoking UsernamePasswordAuthenticationFilter (8/15)
2024-07-10T14:14:07.194+05:00 TRACE 6036 --- [project02] [           main] w.a.UsernamePasswordAuthenticationFilter : Did not match request to Ant [pattern='/login', POST]
2024-07-10T14:14:07.194+05:00 TRACE 6036 --- [project02] [           main] o.s.security.web.FilterChainProxy        : Invoking DefaultLoginPageGeneratingFilter (9/15)
2024-07-10T14:14:07.194+05:00 TRACE 6036 --- [project02] [           main] o.s.security.web.FilterChainProxy        : Invoking DefaultLogoutPageGeneratingFilter (10/15)
2024-07-10T14:14:07.194+05:00 TRACE 6036 --- [project02] [           main] .w.a.u.DefaultLogoutPageGeneratingFilter : Did not render default logout page since request did not match [Ant [pattern='/logout', GET]]
2024-07-10T14:14:07.194+05:00 TRACE 6036 --- [project02] [           main] o.s.security.web.FilterChainProxy        : Invoking RequestCacheAwareFilter (11/15)
2024-07-10T14:14:07.195+05:00 TRACE 6036 --- [project02] [           main] o.s.s.w.s.HttpSessionRequestCache        : matchingRequestParameterName is required for getMatchingRequest to lookup a value, but not provided
2024-07-10T14:14:07.195+05:00 TRACE 6036 --- [project02] [           main] o.s.security.web.FilterChainProxy        : Invoking SecurityContextHolderAwareRequestFilter (12/15)
2024-07-10T14:14:07.196+05:00 TRACE 6036 --- [project02] [           main] o.s.security.web.FilterChainProxy        : Invoking AnonymousAuthenticationFilter (13/15)
2024-07-10T14:14:07.197+05:00 TRACE 6036 --- [project02] [           main] o.s.security.web.FilterChainProxy        : Invoking ExceptionTranslationFilter (14/15)
2024-07-10T14:14:07.197+05:00 TRACE 6036 --- [project02] [           main] o.s.security.web.FilterChainProxy        : Invoking AuthorizationFilter (15/15)
2024-07-10T14:14:07.199+05:00 TRACE 6036 --- [project02] [           main] estMatcherDelegatingAuthorizationManager : Authorizing POST /api/v1/student
2024-07-10T14:14:07.200+05:00 TRACE 6036 --- [project02] [           main] estMatcherDelegatingAuthorizationManager : Checking authorization on POST /api/v1/student using AuthorityAuthorizationManager[authorities=[student, admin]]
2024-07-10T14:14:07.201+05:00 TRACE 6036 --- [project02] [           main] w.c.HttpSessionSecurityContextRepository : Retrieved SecurityContextImpl [Authentication=UsernamePasswordAuthenticationToken [Principal=org.springframework.security.core.userdetails.User [Username=student, Password=[PROTECTED], Enabled=true, AccountNonExpired=true, CredentialsNonExpired=true, AccountNonLocked=true, Granted Authorities=[student]], Credentials=[PROTECTED], Authenticated=true, Details=null, Granted Authorities=[student]]] from SPRING_SECURITY_CONTEXT
2024-07-10T14:14:07.201+05:00 TRACE 6036 --- [project02] [           main] o.s.s.w.a.AnonymousAuthenticationFilter  : Did not set SecurityContextHolder since already authenticated UsernamePasswordAuthenticationToken [Principal=org.springframework.security.core.userdetails.User [Username=student, Password=[PROTECTED], Enabled=true, AccountNonExpired=true, CredentialsNonExpired=true, AccountNonLocked=true, Granted Authorities=[student]], Credentials=[PROTECTED], Authenticated=true, Details=null, Granted Authorities=[student]]
2024-07-10T14:14:07.205+05:00 DEBUG 6036 --- [project02] [           main] o.s.security.web.FilterChainProxy        : Secured POST /api/v1/student
2024-07-10T14:14:07.446+05:00 TRACE 6036 --- [project02] [           main] o.s.s.w.header.writers.HstsHeaderWriter  : Not injecting HSTS header since it did not match request to [Is Secure]

MockHttpServletRequest:
      HTTP Method = POST
      Request URI = /api/v1/student
       Parameters = {_csrf=[b65f5a03-18ea-4754-ae21-2f98b75afe33]}
          Headers = [Content-Type:"application/json;charset=UTF-8", Content-Length:"69"]
             Body = {"name":"Ali","roll_num":"bsef20", "university":"pucit", "cgpa":"NA"}
    Session Attrs = {SPRING_SECURITY_CONTEXT=SecurityContextImpl [Authentication=UsernamePasswordAuthenticationToken [Principal=org.springframework.security.core.userdetails.User [Username=student, Password=[PROTECTED], Enabled=true, AccountNonExpired=true, CredentialsNonExpired=true, AccountNonLocked=true, Granted Authorities=[student]], Credentials=[PROTECTED], Authenticated=true, Details=null, Granted Authorities=[student]]]}

Handler:
             Type = com.practice.project02.student.StudentController
           Method = com.practice.project02.student.StudentController#create(Student)

Async:
    Async started = false
     Async result = null

Resolved Exception:
             Type = null

ModelAndView:
        View name = null
             View = null
            Model = null

FlashMap:
       Attributes = null

MockHttpServletResponse:
           Status = 201
    Error message = null
          Headers = [Vary:"Origin", "Access-Control-Request-Method", "Access-Control-Request-Headers", Location:"/api/v1/student3", Content-Type:"application/json", X-Content-Type-Options:"nosniff", X-XSS-Protection:"0", Cache-Control:"no-cache, no-store, max-age=0, must-revalidate", Pragma:"no-cache", Expires:"0", X-Frame-Options:"DENY"]
     Content type = application/json
             Body = {"id":3,"name":"Ali","roll_num":"bsef20","university":"pucit","cgpa":"NA"}
    Forwarded URL = null
   Redirected URL = /api/v1/student3
          Cookies = []
]]></system-out>
  </testcase>
  <testcase name="testDeleteStudent" classname="StudentApiControllerTest" time="0.094">
    <system-out><![CDATA[2024-07-10T14:14:07.536+05:00 TRACE 6036 --- [project02] [           main] w.c.HttpSessionSecurityContextRepository : No HttpSession currently exists
2024-07-10T14:14:07.536+05:00 TRACE 6036 --- [project02] [           main] w.c.HttpSessionSecurityContextRepository : Created SecurityContextImpl [Null authentication]
2024-07-10T14:14:07.536+05:00 TRACE 6036 --- [project02] [           main] .s.s.w.c.SupplierDeferredSecurityContext : Created SecurityContextImpl [Null authentication]
2024-07-10T14:14:07.536+05:00 DEBUG 6036 --- [project02] [           main] w.c.HttpSessionSecurityContextRepository : Created HttpSession as SecurityContext is non-default
2024-07-10T14:14:07.536+05:00 DEBUG 6036 --- [project02] [           main] w.c.HttpSessionSecurityContextRepository : Stored SecurityContextImpl [Authentication=UsernamePasswordAuthenticationToken [Principal=org.springframework.security.core.userdetails.User [Username=teacher, Password=[PROTECTED], Enabled=true, AccountNonExpired=true, CredentialsNonExpired=true, AccountNonLocked=true, Granted Authorities=[teacher]], Credentials=[PROTECTED], Authenticated=true, Details=null, Granted Authorities=[teacher]]] to HttpSession [org.springframework.mock.web.MockHttpSession@517ae14b]
2024-07-10T14:14:07.538+05:00 TRACE 6036 --- [project02] [           main] o.s.security.web.FilterChainProxy        : Trying to match request against DefaultSecurityFilterChain [RequestMatcher=Ant [pattern='/api/v1/student/create', GET], Filters=[]] (1/3)
2024-07-10T14:14:07.538+05:00 TRACE 6036 --- [project02] [           main] o.s.security.web.FilterChainProxy        : Trying to match request against DefaultSecurityFilterChain [RequestMatcher=Ant [pattern='/api/v1/student', GET], Filters=[]] (2/3)
2024-07-10T14:14:07.538+05:00 TRACE 6036 --- [project02] [           main] o.s.security.web.FilterChainProxy        : Trying to match request against DefaultSecurityFilterChain [RequestMatcher=any request, Filters=[org.springframework.security.web.session.DisableEncodeUrlFilter@6aaa576f, org.springframework.security.web.context.request.async.WebAsyncManagerIntegrationFilter@29704af9, org.springframework.security.web.context.SecurityContextHolderFilter@f2dbe23, org.springframework.security.web.header.HeaderWriterFilter@6089b1d7, org.springframework.web.filter.CorsFilter@c4be921, org.springframework.security.web.csrf.CsrfFilter@16cdb44f, org.springframework.security.web.authentication.logout.LogoutFilter@2b12c9c9, org.springframework.security.web.authentication.UsernamePasswordAuthenticationFilter@50ffcc70, org.springframework.security.web.authentication.ui.DefaultLoginPageGeneratingFilter@4d0ac7d7, org.springframework.security.web.authentication.ui.DefaultLogoutPageGeneratingFilter@49beaa01, org.springframework.security.web.savedrequest.RequestCacheAwareFilter@6e8f721a, org.springframework.security.web.servletapi.SecurityContextHolderAwareRequestFilter@40f78a8a, org.springframework.security.web.authentication.AnonymousAuthenticationFilter@71179d76, org.springframework.security.web.access.ExceptionTranslationFilter@6de7f798, org.springframework.security.web.access.intercept.AuthorizationFilter@4d3fcac]] (3/3)
2024-07-10T14:14:07.538+05:00 DEBUG 6036 --- [project02] [           main] o.s.security.web.FilterChainProxy        : Securing DELETE /api/v1/student/1
2024-07-10T14:14:07.538+05:00 TRACE 6036 --- [project02] [           main] o.s.security.web.FilterChainProxy        : Invoking DisableEncodeUrlFilter (1/15)
2024-07-10T14:14:07.538+05:00 TRACE 6036 --- [project02] [           main] o.s.security.web.FilterChainProxy        : Invoking WebAsyncManagerIntegrationFilter (2/15)
2024-07-10T14:14:07.538+05:00 TRACE 6036 --- [project02] [           main] o.s.security.web.FilterChainProxy        : Invoking SecurityContextHolderFilter (3/15)
2024-07-10T14:14:07.539+05:00 TRACE 6036 --- [project02] [           main] o.s.security.web.FilterChainProxy        : Invoking HeaderWriterFilter (4/15)
2024-07-10T14:14:07.539+05:00 TRACE 6036 --- [project02] [           main] o.s.security.web.FilterChainProxy        : Invoking CorsFilter (5/15)
2024-07-10T14:14:07.539+05:00 TRACE 6036 --- [project02] [           main] o.s.security.web.FilterChainProxy        : Invoking CsrfFilter (6/15)
2024-07-10T14:14:07.539+05:00 TRACE 6036 --- [project02] [           main] o.s.security.web.FilterChainProxy        : Invoking LogoutFilter (7/15)
2024-07-10T14:14:07.539+05:00 TRACE 6036 --- [project02] [           main] o.s.s.w.a.logout.LogoutFilter            : Did not match request to Ant [pattern='/logout', POST]
2024-07-10T14:14:07.539+05:00 TRACE 6036 --- [project02] [           main] o.s.security.web.FilterChainProxy        : Invoking UsernamePasswordAuthenticationFilter (8/15)
2024-07-10T14:14:07.539+05:00 TRACE 6036 --- [project02] [           main] w.a.UsernamePasswordAuthenticationFilter : Did not match request to Ant [pattern='/login', POST]
2024-07-10T14:14:07.539+05:00 TRACE 6036 --- [project02] [           main] o.s.security.web.FilterChainProxy        : Invoking DefaultLoginPageGeneratingFilter (9/15)
2024-07-10T14:14:07.539+05:00 TRACE 6036 --- [project02] [           main] o.s.security.web.FilterChainProxy        : Invoking DefaultLogoutPageGeneratingFilter (10/15)
2024-07-10T14:14:07.540+05:00 TRACE 6036 --- [project02] [           main] .w.a.u.DefaultLogoutPageGeneratingFilter : Did not render default logout page since request did not match [Ant [pattern='/logout', GET]]
2024-07-10T14:14:07.540+05:00 TRACE 6036 --- [project02] [           main] o.s.security.web.FilterChainProxy        : Invoking RequestCacheAwareFilter (11/15)
2024-07-10T14:14:07.540+05:00 TRACE 6036 --- [project02] [           main] o.s.s.w.s.HttpSessionRequestCache        : matchingRequestParameterName is required for getMatchingRequest to lookup a value, but not provided
2024-07-10T14:14:07.540+05:00 TRACE 6036 --- [project02] [           main] o.s.security.web.FilterChainProxy        : Invoking SecurityContextHolderAwareRequestFilter (12/15)
2024-07-10T14:14:07.540+05:00 TRACE 6036 --- [project02] [           main] o.s.security.web.FilterChainProxy        : Invoking AnonymousAuthenticationFilter (13/15)
2024-07-10T14:14:07.540+05:00 TRACE 6036 --- [project02] [           main] o.s.security.web.FilterChainProxy        : Invoking ExceptionTranslationFilter (14/15)
2024-07-10T14:14:07.540+05:00 TRACE 6036 --- [project02] [           main] o.s.security.web.FilterChainProxy        : Invoking AuthorizationFilter (15/15)
2024-07-10T14:14:07.541+05:00 TRACE 6036 --- [project02] [           main] estMatcherDelegatingAuthorizationManager : Authorizing DELETE /api/v1/student/1
2024-07-10T14:14:07.541+05:00 TRACE 6036 --- [project02] [           main] estMatcherDelegatingAuthorizationManager : Checking authorization on DELETE /api/v1/student/1 using org.springframework.security.authorization.AuthenticatedAuthorizationManager@131e79b9
2024-07-10T14:14:07.541+05:00 TRACE 6036 --- [project02] [           main] w.c.HttpSessionSecurityContextRepository : Retrieved SecurityContextImpl [Authentication=UsernamePasswordAuthenticationToken [Principal=org.springframework.security.core.userdetails.User [Username=teacher, Password=[PROTECTED], Enabled=true, AccountNonExpired=true, CredentialsNonExpired=true, AccountNonLocked=true, Granted Authorities=[teacher]], Credentials=[PROTECTED], Authenticated=true, Details=null, Granted Authorities=[teacher]]] from SPRING_SECURITY_CONTEXT
2024-07-10T14:14:07.541+05:00 TRACE 6036 --- [project02] [           main] o.s.s.w.a.AnonymousAuthenticationFilter  : Did not set SecurityContextHolder since already authenticated UsernamePasswordAuthenticationToken [Principal=org.springframework.security.core.userdetails.User [Username=teacher, Password=[PROTECTED], Enabled=true, AccountNonExpired=true, CredentialsNonExpired=true, AccountNonLocked=true, Granted Authorities=[teacher]], Credentials=[PROTECTED], Authenticated=true, Details=null, Granted Authorities=[teacher]]
2024-07-10T14:14:07.542+05:00 DEBUG 6036 --- [project02] [           main] o.s.security.web.FilterChainProxy        : Secured DELETE /api/v1/student/1
2024-07-10T14:14:07.621+05:00 TRACE 6036 --- [project02] [           main] o.s.s.w.header.writers.HstsHeaderWriter  : Not injecting HSTS header since it did not match request to [Is Secure]

MockHttpServletRequest:
      HTTP Method = DELETE
      Request URI = /api/v1/student/1
       Parameters = {_csrf=[0e2a50dc-d698-4703-ba3f-b3b1b40f2318]}
          Headers = [Content-Type:"application/json;charset=UTF-8"]
             Body = null
    Session Attrs = {SPRING_SECURITY_CONTEXT=SecurityContextImpl [Authentication=UsernamePasswordAuthenticationToken [Principal=org.springframework.security.core.userdetails.User [Username=teacher, Password=[PROTECTED], Enabled=true, AccountNonExpired=true, CredentialsNonExpired=true, AccountNonLocked=true, Granted Authorities=[teacher]], Credentials=[PROTECTED], Authenticated=true, Details=null, Granted Authorities=[teacher]]]}

Handler:
             Type = com.practice.project02.student.StudentController
           Method = com.practice.project02.student.StudentController#deleteStudent(Long)

Async:
    Async started = false
     Async result = null

Resolved Exception:
             Type = null

ModelAndView:
        View name = null
             View = null
            Model = null

FlashMap:
       Attributes = null

MockHttpServletResponse:
           Status = 200
    Error message = null
          Headers = [Vary:"Origin", "Access-Control-Request-Method", "Access-Control-Request-Headers", Content-Type:"text/plain;charset=UTF-8", Content-Length:"35", X-Content-Type-Options:"nosniff", X-XSS-Protection:"0", Cache-Control:"no-cache, no-store, max-age=0, must-revalidate", Pragma:"no-cache", Expires:"0", X-Frame-Options:"DENY"]
     Content type = text/plain;charset=UTF-8
             Body = Student record deleted successfully
    Forwarded URL = null
   Redirected URL = null
          Cookies = []
]]></system-out>
  </testcase>
  <testcase name="testStudentSuccess" classname="StudentApiControllerTest" time="0.175">
    <system-out><![CDATA[2024-07-10T14:14:07.633+05:00 TRACE 6036 --- [project02] [           main] o.s.security.web.FilterChainProxy        : Trying to match request against DefaultSecurityFilterChain [RequestMatcher=Ant [pattern='/api/v1/student/create', GET], Filters=[]] (1/3)
2024-07-10T14:14:07.633+05:00 TRACE 6036 --- [project02] [           main] o.s.security.web.FilterChainProxy        : Trying to match request against DefaultSecurityFilterChain [RequestMatcher=Ant [pattern='/api/v1/student', GET], Filters=[]] (2/3)
2024-07-10T14:14:07.634+05:00 TRACE 6036 --- [project02] [           main] o.s.security.web.FilterChainProxy        : No security for GET /api/v1/student

MockHttpServletRequest:
      HTTP Method = GET
      Request URI = /api/v1/student
       Parameters = {}
          Headers = []
             Body = null
    Session Attrs = {}

Handler:
             Type = com.practice.project02.student.StudentController
           Method = com.practice.project02.student.StudentController#get(Integer, Integer)

Async:
    Async started = false
     Async result = null

Resolved Exception:
             Type = null

ModelAndView:
        View name = null
             View = null
            Model = null

FlashMap:
       Attributes = null

MockHttpServletResponse:
           Status = 200
    Error message = null
          Headers = [Content-Type:"application/json"]
     Content type = application/json
             Body = [{"id":2,"name":"Arham","roll_num":"bsef19","university":"LUMS","cgpa":"NA"},{"id":3,"name":"Ali","roll_num":"bsef20","university":"pucit","cgpa":"NA"}]
    Forwarded URL = null
   Redirected URL = null
          Cookies = []
]]></system-out>
  </testcase>
  <testcase name="testStudentGetListSuccess" classname="StudentApiControllerTest" time="0.025">
    <system-out><![CDATA[2024-07-10T14:14:07.824+05:00 ERROR 6036 --- [project02] [   scheduling-1] o.s.s.s.TaskUtils$LoggingErrorHandler    : Unexpected error occurred in scheduled task

org.springframework.web.client.HttpClientErrorException$Forbidden: 403 Forbidden: "{"errors":["You have reached your request limit for today, the next reset will be tomorrow at midnight UTC. If you need more requests, you can upgrade your subscription here: https:\/\/gnews.io\/#pricing"]}"
	at org.springframework.web.client.HttpClientErrorException.create(HttpClientErrorException.java:109)
	at org.springframework.web.client.DefaultResponseErrorHandler.handleError(DefaultResponseErrorHandler.java:183)
	at org.springframework.web.client.DefaultResponseErrorHandler.handleError(DefaultResponseErrorHandler.java:137)
	at org.springframework.web.client.ResponseErrorHandler.handleError(ResponseErrorHandler.java:63)
	at org.springframework.web.client.RestTemplate.handleResponse(RestTemplate.java:942)
	at org.springframework.web.client.RestTemplate.doExecute(RestTemplate.java:891)
	at org.springframework.web.client.RestTemplate.execute(RestTemplate.java:790)
	at org.springframework.web.client.RestTemplate.getForObject(RestTemplate.java:404)
	at com.practice.project02.publicNewsAPI.NewsApiClient.findNews(NewsApiClient.java:27)
	at com.practice.project02.publicNewsAPI.NewsApiClient.fetchNewsRegularly(NewsApiClient.java:39)
	at java.base/jdk.internal.reflect.DirectMethodHandleAccessor.invoke(DirectMethodHandleAccessor.java:103)
	at java.base/java.lang.reflect.Method.invoke(Method.java:580)
	at org.springframework.aop.support.AopUtils.invokeJoinpointUsingReflection(AopUtils.java:354)
	at org.springframework.aop.framework.CglibAopProxy$DynamicAdvisedInterceptor.intercept(CglibAopProxy.java:716)
	at com.practice.project02.publicNewsAPI.NewsApiClient$$SpringCGLIB$$0.fetchNewsRegularly(<generated>)
	at java.base/jdk.internal.reflect.DirectMethodHandleAccessor.invoke(DirectMethodHandleAccessor.java:103)
	at java.base/java.lang.reflect.Method.invoke(Method.java:580)
	at org.springframework.scheduling.support.ScheduledMethodRunnable.runInternal(ScheduledMethodRunnable.java:130)
	at org.springframework.scheduling.support.ScheduledMethodRunnable.lambda$run$2(ScheduledMethodRunnable.java:124)
	at io.micrometer.observation.Observation.observe(Observation.java:499)
	at org.springframework.scheduling.support.ScheduledMethodRunnable.run(ScheduledMethodRunnable.java:124)
	at org.springframework.scheduling.support.DelegatingErrorHandlingRunnable.run(DelegatingErrorHandlingRunnable.java:54)
	at java.base/java.util.concurrent.Executors$RunnableAdapter.call(Executors.java:572)
	at java.base/java.util.concurrent.FutureTask.runAndReset(FutureTask.java:358)
	at java.base/java.util.concurrent.ScheduledThreadPoolExecutor$ScheduledFutureTask.run(ScheduledThreadPoolExecutor.java:305)
	at java.base/java.util.concurrent.ThreadPoolExecutor.runWorker(ThreadPoolExecutor.java:1144)
	at java.base/java.util.concurrent.ThreadPoolExecutor$Worker.run(ThreadPoolExecutor.java:642)
	at java.base/java.lang.Thread.run(Thread.java:1570)

2024-07-10T14:14:07.824+05:00 ERROR 6036 --- [project02] [   scheduling-1] o.s.s.s.TaskUtils$LoggingErrorHandler    : Unexpected error occurred in scheduled task

org.springframework.web.client.HttpClientErrorException$Forbidden: 403 Forbidden: "{"errors":["You have reached your request limit for today, the next reset will be tomorrow at midnight UTC. If you need more requests, you can upgrade your subscription here: https:\/\/gnews.io\/#pricing"]}"
	at org.springframework.web.client.HttpClientErrorException.create(HttpClientErrorException.java:109)
	at org.springframework.web.client.DefaultResponseErrorHandler.handleError(DefaultResponseErrorHandler.java:183)
	at org.springframework.web.client.DefaultResponseErrorHandler.handleError(DefaultResponseErrorHandler.java:137)
	at org.springframework.web.client.ResponseErrorHandler.handleError(ResponseErrorHandler.java:63)
	at org.springframework.web.client.RestTemplate.handleResponse(RestTemplate.java:942)
	at org.springframework.web.client.RestTemplate.doExecute(RestTemplate.java:891)
	at org.springframework.web.client.RestTemplate.execute(RestTemplate.java:790)
	at org.springframework.web.client.RestTemplate.getForObject(RestTemplate.java:404)
	at com.practice.project02.publicNewsAPI.NewsApiClient.findNews(NewsApiClient.java:27)
	at com.practice.project02.publicNewsAPI.NewsApiClient.fetchNewsRegularly(NewsApiClient.java:39)
	at java.base/jdk.internal.reflect.DirectMethodHandleAccessor.invoke(DirectMethodHandleAccessor.java:103)
	at java.base/java.lang.reflect.Method.invoke(Method.java:580)
	at org.springframework.aop.support.AopUtils.invokeJoinpointUsingReflection(AopUtils.java:354)
	at org.springframework.aop.framework.CglibAopProxy$DynamicAdvisedInterceptor.intercept(CglibAopProxy.java:716)
	at com.practice.project02.publicNewsAPI.NewsApiClient$$SpringCGLIB$$0.fetchNewsRegularly(<generated>)
	at java.base/jdk.internal.reflect.DirectMethodHandleAccessor.invoke(DirectMethodHandleAccessor.java:103)
	at java.base/java.lang.reflect.Method.invoke(Method.java:580)
	at org.springframework.scheduling.support.ScheduledMethodRunnable.runInternal(ScheduledMethodRunnable.java:130)
	at org.springframework.scheduling.support.ScheduledMethodRunnable.lambda$run$2(ScheduledMethodRunnable.java:124)
	at io.micrometer.observation.Observation.observe(Observation.java:499)
	at org.springframework.scheduling.support.ScheduledMethodRunnable.run(ScheduledMethodRunnable.java:124)
	at org.springframework.scheduling.support.DelegatingErrorHandlingRunnable.run(DelegatingErrorHandlingRunnable.java:54)
	at java.base/java.util.concurrent.Executors$RunnableAdapter.call(Executors.java:572)
	at java.base/java.util.concurrent.FutureTask.runAndReset(FutureTask.java:358)
	at java.base/java.util.concurrent.ScheduledThreadPoolExecutor$ScheduledFutureTask.run(ScheduledThreadPoolExecutor.java:305)
	at java.base/java.util.concurrent.ThreadPoolExecutor.runWorker(ThreadPoolExecutor.java:1144)
	at java.base/java.util.concurrent.ThreadPoolExecutor$Worker.run(ThreadPoolExecutor.java:642)
	at java.base/java.lang.Thread.run(Thread.java:1570)

2024-07-10T14:14:07.840+05:00 TRACE 6036 --- [project02] [           main] o.s.security.web.FilterChainProxy        : Trying to match request against DefaultSecurityFilterChain [RequestMatcher=Ant [pattern='/api/v1/student/create', GET], Filters=[]] (1/3)
2024-07-10T14:14:07.840+05:00 TRACE 6036 --- [project02] [           main] o.s.security.web.FilterChainProxy        : Trying to match request against DefaultSecurityFilterChain [RequestMatcher=Ant [pattern='/api/v1/student', GET], Filters=[]] (2/3)
2024-07-10T14:14:07.840+05:00 TRACE 6036 --- [project02] [           main] o.s.security.web.FilterChainProxy        : No security for GET /api/v1/student

MockHttpServletRequest:
      HTTP Method = GET
      Request URI = /api/v1/student
       Parameters = {}
          Headers = []
             Body = null
    Session Attrs = {}

Handler:
             Type = com.practice.project02.student.StudentController
           Method = com.practice.project02.student.StudentController#get(Integer, Integer)

Async:
    Async started = false
     Async result = null

Resolved Exception:
             Type = null

ModelAndView:
        View name = null
             View = null
            Model = null

FlashMap:
       Attributes = null

MockHttpServletResponse:
           Status = 200
    Error message = null
          Headers = [Content-Type:"application/json"]
     Content type = application/json
             Body = [{"id":2,"name":"Arham","roll_num":"bsef19","university":"LUMS","cgpa":"NA"},{"id":3,"name":"Ali","roll_num":"bsef20","university":"pucit","cgpa":"NA"}]
    Forwarded URL = null
   Redirected URL = null
          Cookies = []
]]></system-out>
  </testcase>
  <testcase name="testPutStudent" classname="StudentApiControllerTest" time="0.052">
    <system-out><![CDATA[2024-07-10T14:14:07.861+05:00 TRACE 6036 --- [project02] [           main] w.c.HttpSessionSecurityContextRepository : No HttpSession currently exists
2024-07-10T14:14:07.862+05:00 TRACE 6036 --- [project02] [           main] w.c.HttpSessionSecurityContextRepository : Created SecurityContextImpl [Null authentication]
2024-07-10T14:14:07.862+05:00 TRACE 6036 --- [project02] [           main] .s.s.w.c.SupplierDeferredSecurityContext : Created SecurityContextImpl [Null authentication]
2024-07-10T14:14:07.862+05:00 DEBUG 6036 --- [project02] [           main] w.c.HttpSessionSecurityContextRepository : Created HttpSession as SecurityContext is non-default
2024-07-10T14:14:07.862+05:00 DEBUG 6036 --- [project02] [           main] w.c.HttpSessionSecurityContextRepository : Stored SecurityContextImpl [Authentication=UsernamePasswordAuthenticationToken [Principal=org.springframework.security.core.userdetails.User [Username=student, Password=[PROTECTED], Enabled=true, AccountNonExpired=true, CredentialsNonExpired=true, AccountNonLocked=true, Granted Authorities=[student]], Credentials=[PROTECTED], Authenticated=true, Details=null, Granted Authorities=[student]]] to HttpSession [org.springframework.mock.web.MockHttpSession@5b2bd72c]
2024-07-10T14:14:07.863+05:00 TRACE 6036 --- [project02] [           main] o.s.security.web.FilterChainProxy        : Trying to match request against DefaultSecurityFilterChain [RequestMatcher=Ant [pattern='/api/v1/student/create', GET], Filters=[]] (1/3)
2024-07-10T14:14:07.863+05:00 TRACE 6036 --- [project02] [           main] o.s.security.web.FilterChainProxy        : Trying to match request against DefaultSecurityFilterChain [RequestMatcher=Ant [pattern='/api/v1/student', GET], Filters=[]] (2/3)
2024-07-10T14:14:07.863+05:00 TRACE 6036 --- [project02] [           main] o.s.security.web.FilterChainProxy        : Trying to match request against DefaultSecurityFilterChain [RequestMatcher=any request, Filters=[org.springframework.security.web.session.DisableEncodeUrlFilter@6aaa576f, org.springframework.security.web.context.request.async.WebAsyncManagerIntegrationFilter@29704af9, org.springframework.security.web.context.SecurityContextHolderFilter@f2dbe23, org.springframework.security.web.header.HeaderWriterFilter@6089b1d7, org.springframework.web.filter.CorsFilter@c4be921, org.springframework.security.web.csrf.CsrfFilter@16cdb44f, org.springframework.security.web.authentication.logout.LogoutFilter@2b12c9c9, org.springframework.security.web.authentication.UsernamePasswordAuthenticationFilter@50ffcc70, org.springframework.security.web.authentication.ui.DefaultLoginPageGeneratingFilter@4d0ac7d7, org.springframework.security.web.authentication.ui.DefaultLogoutPageGeneratingFilter@49beaa01, org.springframework.security.web.savedrequest.RequestCacheAwareFilter@6e8f721a, org.springframework.security.web.servletapi.SecurityContextHolderAwareRequestFilter@40f78a8a, org.springframework.security.web.authentication.AnonymousAuthenticationFilter@71179d76, org.springframework.security.web.access.ExceptionTranslationFilter@6de7f798, org.springframework.security.web.access.intercept.AuthorizationFilter@4d3fcac]] (3/3)
2024-07-10T14:14:07.863+05:00 DEBUG 6036 --- [project02] [           main] o.s.security.web.FilterChainProxy        : Securing POST /api/v1/student
2024-07-10T14:14:07.863+05:00 TRACE 6036 --- [project02] [           main] o.s.security.web.FilterChainProxy        : Invoking DisableEncodeUrlFilter (1/15)
2024-07-10T14:14:07.863+05:00 TRACE 6036 --- [project02] [           main] o.s.security.web.FilterChainProxy        : Invoking WebAsyncManagerIntegrationFilter (2/15)
2024-07-10T14:14:07.864+05:00 TRACE 6036 --- [project02] [           main] o.s.security.web.FilterChainProxy        : Invoking SecurityContextHolderFilter (3/15)
2024-07-10T14:14:07.864+05:00 TRACE 6036 --- [project02] [           main] o.s.security.web.FilterChainProxy        : Invoking HeaderWriterFilter (4/15)
2024-07-10T14:14:07.864+05:00 TRACE 6036 --- [project02] [           main] o.s.security.web.FilterChainProxy        : Invoking CorsFilter (5/15)
2024-07-10T14:14:07.864+05:00 TRACE 6036 --- [project02] [           main] o.s.security.web.FilterChainProxy        : Invoking CsrfFilter (6/15)
2024-07-10T14:14:07.864+05:00 TRACE 6036 --- [project02] [           main] o.s.security.web.FilterChainProxy        : Invoking LogoutFilter (7/15)
2024-07-10T14:14:07.864+05:00 TRACE 6036 --- [project02] [           main] o.s.s.w.a.logout.LogoutFilter            : Did not match request to Ant [pattern='/logout', POST]
2024-07-10T14:14:07.864+05:00 TRACE 6036 --- [project02] [           main] o.s.security.web.FilterChainProxy        : Invoking UsernamePasswordAuthenticationFilter (8/15)
2024-07-10T14:14:07.864+05:00 TRACE 6036 --- [project02] [           main] w.a.UsernamePasswordAuthenticationFilter : Did not match request to Ant [pattern='/login', POST]
2024-07-10T14:14:07.865+05:00 TRACE 6036 --- [project02] [           main] o.s.security.web.FilterChainProxy        : Invoking DefaultLoginPageGeneratingFilter (9/15)
2024-07-10T14:14:07.865+05:00 TRACE 6036 --- [project02] [           main] o.s.security.web.FilterChainProxy        : Invoking DefaultLogoutPageGeneratingFilter (10/15)
2024-07-10T14:14:07.865+05:00 TRACE 6036 --- [project02] [           main] .w.a.u.DefaultLogoutPageGeneratingFilter : Did not render default logout page since request did not match [Ant [pattern='/logout', GET]]
2024-07-10T14:14:07.865+05:00 TRACE 6036 --- [project02] [           main] o.s.security.web.FilterChainProxy        : Invoking RequestCacheAwareFilter (11/15)
2024-07-10T14:14:07.865+05:00 TRACE 6036 --- [project02] [           main] o.s.s.w.s.HttpSessionRequestCache        : matchingRequestParameterName is required for getMatchingRequest to lookup a value, but not provided
2024-07-10T14:14:07.865+05:00 TRACE 6036 --- [project02] [           main] o.s.security.web.FilterChainProxy        : Invoking SecurityContextHolderAwareRequestFilter (12/15)
2024-07-10T14:14:07.865+05:00 TRACE 6036 --- [project02] [           main] o.s.security.web.FilterChainProxy        : Invoking AnonymousAuthenticationFilter (13/15)
2024-07-10T14:14:07.865+05:00 TRACE 6036 --- [project02] [           main] o.s.security.web.FilterChainProxy        : Invoking ExceptionTranslationFilter (14/15)
2024-07-10T14:14:07.865+05:00 TRACE 6036 --- [project02] [           main] o.s.security.web.FilterChainProxy        : Invoking AuthorizationFilter (15/15)
2024-07-10T14:14:07.866+05:00 TRACE 6036 --- [project02] [           main] estMatcherDelegatingAuthorizationManager : Authorizing POST /api/v1/student
2024-07-10T14:14:07.866+05:00 TRACE 6036 --- [project02] [           main] estMatcherDelegatingAuthorizationManager : Checking authorization on POST /api/v1/student using AuthorityAuthorizationManager[authorities=[student, admin]]
2024-07-10T14:14:07.867+05:00 TRACE 6036 --- [project02] [           main] w.c.HttpSessionSecurityContextRepository : Retrieved SecurityContextImpl [Authentication=UsernamePasswordAuthenticationToken [Principal=org.springframework.security.core.userdetails.User [Username=student, Password=[PROTECTED], Enabled=true, AccountNonExpired=true, CredentialsNonExpired=true, AccountNonLocked=true, Granted Authorities=[student]], Credentials=[PROTECTED], Authenticated=true, Details=null, Granted Authorities=[student]]] from SPRING_SECURITY_CONTEXT
2024-07-10T14:14:07.867+05:00 TRACE 6036 --- [project02] [           main] o.s.s.w.a.AnonymousAuthenticationFilter  : Did not set SecurityContextHolder since already authenticated UsernamePasswordAuthenticationToken [Principal=org.springframework.security.core.userdetails.User [Username=student, Password=[PROTECTED], Enabled=true, AccountNonExpired=true, CredentialsNonExpired=true, AccountNonLocked=true, Granted Authorities=[student]], Credentials=[PROTECTED], Authenticated=true, Details=null, Granted Authorities=[student]]
2024-07-10T14:14:07.867+05:00 DEBUG 6036 --- [project02] [           main] o.s.security.web.FilterChainProxy        : Secured POST /api/v1/student
2024-07-10T14:14:07.871+05:00 TRACE 6036 --- [project02] [           main] o.s.s.w.header.writers.HstsHeaderWriter  : Not injecting HSTS header since it did not match request to [Is Secure]
2024-07-10T14:14:07.883+05:00 TRACE 6036 --- [project02] [           main] w.c.HttpSessionSecurityContextRepository : No HttpSession currently exists
2024-07-10T14:14:07.883+05:00 TRACE 6036 --- [project02] [           main] w.c.HttpSessionSecurityContextRepository : Created SecurityContextImpl [Null authentication]
2024-07-10T14:14:07.883+05:00 TRACE 6036 --- [project02] [           main] .s.s.w.c.SupplierDeferredSecurityContext : Created SecurityContextImpl [Null authentication]
2024-07-10T14:14:07.883+05:00 DEBUG 6036 --- [project02] [           main] w.c.HttpSessionSecurityContextRepository : Created HttpSession as SecurityContext is non-default
2024-07-10T14:14:07.883+05:00 DEBUG 6036 --- [project02] [           main] w.c.HttpSessionSecurityContextRepository : Stored SecurityContextImpl [Authentication=UsernamePasswordAuthenticationToken [Principal=org.springframework.security.core.userdetails.User [Username=teacher, Password=[PROTECTED], Enabled=true, AccountNonExpired=true, CredentialsNonExpired=true, AccountNonLocked=true, Granted Authorities=[teacher]], Credentials=[PROTECTED], Authenticated=true, Details=null, Granted Authorities=[teacher]]] to HttpSession [org.springframework.mock.web.MockHttpSession@c915f2a]
2024-07-10T14:14:07.884+05:00 TRACE 6036 --- [project02] [           main] o.s.security.web.FilterChainProxy        : Trying to match request against DefaultSecurityFilterChain [RequestMatcher=Ant [pattern='/api/v1/student/create', GET], Filters=[]] (1/3)
2024-07-10T14:14:07.884+05:00 TRACE 6036 --- [project02] [           main] o.s.security.web.FilterChainProxy        : Trying to match request against DefaultSecurityFilterChain [RequestMatcher=Ant [pattern='/api/v1/student', GET], Filters=[]] (2/3)
2024-07-10T14:14:07.885+05:00 TRACE 6036 --- [project02] [           main] o.s.security.web.FilterChainProxy        : Trying to match request against DefaultSecurityFilterChain [RequestMatcher=any request, Filters=[org.springframework.security.web.session.DisableEncodeUrlFilter@6aaa576f, org.springframework.security.web.context.request.async.WebAsyncManagerIntegrationFilter@29704af9, org.springframework.security.web.context.SecurityContextHolderFilter@f2dbe23, org.springframework.security.web.header.HeaderWriterFilter@6089b1d7, org.springframework.web.filter.CorsFilter@c4be921, org.springframework.security.web.csrf.CsrfFilter@16cdb44f, org.springframework.security.web.authentication.logout.LogoutFilter@2b12c9c9, org.springframework.security.web.authentication.UsernamePasswordAuthenticationFilter@50ffcc70, org.springframework.security.web.authentication.ui.DefaultLoginPageGeneratingFilter@4d0ac7d7, org.springframework.security.web.authentication.ui.DefaultLogoutPageGeneratingFilter@49beaa01, org.springframework.security.web.savedrequest.RequestCacheAwareFilter@6e8f721a, org.springframework.security.web.servletapi.SecurityContextHolderAwareRequestFilter@40f78a8a, org.springframework.security.web.authentication.AnonymousAuthenticationFilter@71179d76, org.springframework.security.web.access.ExceptionTranslationFilter@6de7f798, org.springframework.security.web.access.intercept.AuthorizationFilter@4d3fcac]] (3/3)
2024-07-10T14:14:07.885+05:00 DEBUG 6036 --- [project02] [           main] o.s.security.web.FilterChainProxy        : Securing PUT /api/v1/student/4
2024-07-10T14:14:07.885+05:00 TRACE 6036 --- [project02] [           main] o.s.security.web.FilterChainProxy        : Invoking DisableEncodeUrlFilter (1/15)
2024-07-10T14:14:07.885+05:00 TRACE 6036 --- [project02] [           main] o.s.security.web.FilterChainProxy        : Invoking WebAsyncManagerIntegrationFilter (2/15)
2024-07-10T14:14:07.885+05:00 TRACE 6036 --- [project02] [           main] o.s.security.web.FilterChainProxy        : Invoking SecurityContextHolderFilter (3/15)
2024-07-10T14:14:07.885+05:00 TRACE 6036 --- [project02] [           main] o.s.security.web.FilterChainProxy        : Invoking HeaderWriterFilter (4/15)
2024-07-10T14:14:07.885+05:00 TRACE 6036 --- [project02] [           main] o.s.security.web.FilterChainProxy        : Invoking CorsFilter (5/15)
2024-07-10T14:14:07.885+05:00 TRACE 6036 --- [project02] [           main] o.s.security.web.FilterChainProxy        : Invoking CsrfFilter (6/15)
2024-07-10T14:14:07.886+05:00 TRACE 6036 --- [project02] [           main] o.s.security.web.FilterChainProxy        : Invoking LogoutFilter (7/15)
2024-07-10T14:14:07.886+05:00 TRACE 6036 --- [project02] [           main] o.s.s.w.a.logout.LogoutFilter            : Did not match request to Ant [pattern='/logout', POST]
2024-07-10T14:14:07.886+05:00 TRACE 6036 --- [project02] [           main] o.s.security.web.FilterChainProxy        : Invoking UsernamePasswordAuthenticationFilter (8/15)
2024-07-10T14:14:07.886+05:00 TRACE 6036 --- [project02] [           main] w.a.UsernamePasswordAuthenticationFilter : Did not match request to Ant [pattern='/login', POST]
2024-07-10T14:14:07.886+05:00 TRACE 6036 --- [project02] [           main] o.s.security.web.FilterChainProxy        : Invoking DefaultLoginPageGeneratingFilter (9/15)
2024-07-10T14:14:07.886+05:00 TRACE 6036 --- [project02] [           main] o.s.security.web.FilterChainProxy        : Invoking DefaultLogoutPageGeneratingFilter (10/15)
2024-07-10T14:14:07.886+05:00 TRACE 6036 --- [project02] [           main] .w.a.u.DefaultLogoutPageGeneratingFilter : Did not render default logout page since request did not match [Ant [pattern='/logout', GET]]
2024-07-10T14:14:07.886+05:00 TRACE 6036 --- [project02] [           main] o.s.security.web.FilterChainProxy        : Invoking RequestCacheAwareFilter (11/15)
2024-07-10T14:14:07.886+05:00 TRACE 6036 --- [project02] [           main] o.s.s.w.s.HttpSessionRequestCache        : matchingRequestParameterName is required for getMatchingRequest to lookup a value, but not provided
2024-07-10T14:14:07.886+05:00 TRACE 6036 --- [project02] [           main] o.s.security.web.FilterChainProxy        : Invoking SecurityContextHolderAwareRequestFilter (12/15)
2024-07-10T14:14:07.886+05:00 TRACE 6036 --- [project02] [           main] o.s.security.web.FilterChainProxy        : Invoking AnonymousAuthenticationFilter (13/15)
2024-07-10T14:14:07.886+05:00 TRACE 6036 --- [project02] [           main] o.s.security.web.FilterChainProxy        : Invoking ExceptionTranslationFilter (14/15)
2024-07-10T14:14:07.886+05:00 TRACE 6036 --- [project02] [           main] o.s.security.web.FilterChainProxy        : Invoking AuthorizationFilter (15/15)
2024-07-10T14:14:07.887+05:00 TRACE 6036 --- [project02] [           main] estMatcherDelegatingAuthorizationManager : Authorizing PUT /api/v1/student/4
2024-07-10T14:14:07.887+05:00 TRACE 6036 --- [project02] [           main] estMatcherDelegatingAuthorizationManager : Checking authorization on PUT /api/v1/student/4 using AuthorityAuthorizationManager[authorities=[teacher, admin]]
2024-07-10T14:14:07.887+05:00 TRACE 6036 --- [project02] [           main] w.c.HttpSessionSecurityContextRepository : Retrieved SecurityContextImpl [Authentication=UsernamePasswordAuthenticationToken [Principal=org.springframework.security.core.userdetails.User [Username=teacher, Password=[PROTECTED], Enabled=true, AccountNonExpired=true, CredentialsNonExpired=true, AccountNonLocked=true, Granted Authorities=[teacher]], Credentials=[PROTECTED], Authenticated=true, Details=null, Granted Authorities=[teacher]]] from SPRING_SECURITY_CONTEXT
2024-07-10T14:14:07.887+05:00 TRACE 6036 --- [project02] [           main] o.s.s.w.a.AnonymousAuthenticationFilter  : Did not set SecurityContextHolder since already authenticated UsernamePasswordAuthenticationToken [Principal=org.springframework.security.core.userdetails.User [Username=teacher, Password=[PROTECTED], Enabled=true, AccountNonExpired=true, CredentialsNonExpired=true, AccountNonLocked=true, Granted Authorities=[teacher]], Credentials=[PROTECTED], Authenticated=true, Details=null, Granted Authorities=[teacher]]
2024-07-10T14:14:07.888+05:00 DEBUG 6036 --- [project02] [           main] o.s.security.web.FilterChainProxy        : Secured PUT /api/v1/student/4
2024-07-10T14:14:07.905+05:00 TRACE 6036 --- [project02] [           main] o.s.s.w.header.writers.HstsHeaderWriter  : Not injecting HSTS header since it did not match request to [Is Secure]

MockHttpServletRequest:
      HTTP Method = PUT
      Request URI = /api/v1/student/4
       Parameters = {_csrf=[78eaa189-45d9-4008-afac-577b77bfe506]}
          Headers = [Content-Type:"application/json;charset=UTF-8", Content-Length:"75"]
             Body = {"name":"UpdatedName","roll_num":"bsef21", "university":"pu", "cgpa":"3.5"}
    Session Attrs = {SPRING_SECURITY_CONTEXT=SecurityContextImpl [Authentication=UsernamePasswordAuthenticationToken [Principal=org.springframework.security.core.userdetails.User [Username=teacher, Password=[PROTECTED], Enabled=true, AccountNonExpired=true, CredentialsNonExpired=true, AccountNonLocked=true, Granted Authorities=[teacher]], Credentials=[PROTECTED], Authenticated=true, Details=null, Granted Authorities=[teacher]]]}

Handler:
             Type = com.practice.project02.student.StudentController
           Method = com.practice.project02.student.StudentController#update(Long, Student)

Async:
    Async started = false
     Async result = null

Resolved Exception:
             Type = null

ModelAndView:
        View name = null
             View = null
            Model = null

FlashMap:
       Attributes = null

MockHttpServletResponse:
           Status = 200
    Error message = null
          Headers = [Vary:"Origin", "Access-Control-Request-Method", "Access-Control-Request-Headers", Content-Type:"application/json", X-Content-Type-Options:"nosniff", X-XSS-Protection:"0", Cache-Control:"no-cache, no-store, max-age=0, must-revalidate", Pragma:"no-cache", Expires:"0", X-Frame-Options:"DENY"]
     Content type = application/json
             Body = {"id":4,"name":"UpdatedName","roll_num":"bsef21","university":"pu","cgpa":"3.5"}
    Forwarded URL = null
   Redirected URL = null
          Cookies = []
]]></system-out>
  </testcase>
</testsuite>