<?xml version="1.0" encoding="UTF-8"?>
<testsuite xmlns:xsi="http://www.w3.org/2001/XMLSchema-instance" xsi:noNamespaceSchemaLocation="https://maven.apache.org/surefire/maven-surefire-plugin/xsd/surefire-test-report-3.0.xsd" version="3.0" name="com.practice.project02.Project03ApplicationTests" time="13.832" tests="1" errors="0" skipped="0" failures="0">
  <properties>
    <property name="java.specification.version" value="22"/>
    <property name="sun.cpu.isalist" value="amd64"/>
    <property name="sun.jnu.encoding" value="Cp1252"/>
    <property name="java.class.path" value="C:\Users\ahmad.irtza\Downloads\project04\target\test-classes;C:\Users\ahmad.irtza\Downloads\project04\target\classes;C:\Users\ahmad.irtza\.m2\repository\org\springframework\boot\spring-boot-starter-data-jpa\3.3.1\spring-boot-starter-data-jpa-3.3.1.jar;C:\Users\ahmad.irtza\.m2\repository\org\springframework\boot\spring-boot-starter-aop\3.3.1\spring-boot-starter-aop-3.3.1.jar;C:\Users\ahmad.irtza\.m2\repository\org\aspectj\aspectjweaver\1.9.22\aspectjweaver-1.9.22.jar;C:\Users\ahmad.irtza\.m2\repository\org\springframework\boot\spring-boot-starter-jdbc\3.3.1\spring-boot-starter-jdbc-3.3.1.jar;C:\Users\ahmad.irtza\.m2\repository\com\zaxxer\HikariCP\5.1.0\HikariCP-5.1.0.jar;C:\Users\ahmad.irtza\.m2\repository\org\springframework\spring-jdbc\6.1.10\spring-jdbc-6.1.10.jar;C:\Users\ahmad.irtza\.m2\repository\org\hibernate\orm\hibernate-core\6.5.2.Final\hibernate-core-6.5.2.Final.jar;C:\Users\ahmad.irtza\.m2\repository\jakarta\persistence\jakarta.persistence-api\3.1.0\jakarta.persistence-api-3.1.0.jar;C:\Users\ahmad.irtza\.m2\repository\jakarta\transaction\jakarta.transaction-api\2.0.1\jakarta.transaction-api-2.0.1.jar;C:\Users\ahmad.irtza\.m2\repository\org\jboss\logging\jboss-logging\3.5.3.Final\jboss-logging-3.5.3.Final.jar;C:\Users\ahmad.irtza\.m2\repository\org\hibernate\common\hibernate-commons-annotations\6.0.6.Final\hibernate-commons-annotations-6.0.6.Final.jar;C:\Users\ahmad.irtza\.m2\repository\io\smallrye\jandex\3.1.2\jandex-3.1.2.jar;C:\Users\ahmad.irtza\.m2\repository\com\fasterxml\classmate\1.7.0\classmate-1.7.0.jar;C:\Users\ahmad.irtza\.m2\repository\net\bytebuddy\byte-buddy\1.14.17\byte-buddy-1.14.17.jar;C:\Users\ahmad.irtza\.m2\repository\org\glassfish\jaxb\jaxb-runtime\4.0.5\jaxb-runtime-4.0.5.jar;C:\Users\ahmad.irtza\.m2\repository\org\glassfish\jaxb\jaxb-core\4.0.5\jaxb-core-4.0.5.jar;C:\Users\ahmad.irtza\.m2\repository\org\eclipse\angus\angus-activation\2.0.2\angus-activation-2.0.2.jar;C:\Users\ahmad.irtza\.m2\repository\org\glassfish\jaxb\txw2\4.0.5\txw2-4.0.5.jar;C:\Users\ahmad.irtza\.m2\repository\com\sun\istack\istack-commons-runtime\4.1.2\istack-commons-runtime-4.1.2.jar;C:\Users\ahmad.irtza\.m2\repository\jakarta\inject\jakarta.inject-api\2.0.1\jakarta.inject-api-2.0.1.jar;C:\Users\ahmad.irtza\.m2\repository\org\antlr\antlr4-runtime\4.13.0\antlr4-runtime-4.13.0.jar;C:\Users\ahmad.irtza\.m2\repository\org\springframework\data\spring-data-jpa\3.3.1\spring-data-jpa-3.3.1.jar;C:\Users\ahmad.irtza\.m2\repository\org\springframework\data\spring-data-commons\3.3.1\spring-data-commons-3.3.1.jar;C:\Users\ahmad.irtza\.m2\repository\org\springframework\spring-orm\6.1.10\spring-orm-6.1.10.jar;C:\Users\ahmad.irtza\.m2\repository\org\springframework\spring-context\6.1.10\spring-context-6.1.10.jar;C:\Users\ahmad.irtza\.m2\repository\org\springframework\spring-tx\6.1.10\spring-tx-6.1.10.jar;C:\Users\ahmad.irtza\.m2\repository\org\springframework\spring-beans\6.1.10\spring-beans-6.1.10.jar;C:\Users\ahmad.irtza\.m2\repository\jakarta\annotation\jakarta.annotation-api\2.1.1\jakarta.annotation-api-2.1.1.jar;C:\Users\ahmad.irtza\.m2\repository\org\slf4j\slf4j-api\2.0.13\slf4j-api-2.0.13.jar;C:\Users\ahmad.irtza\.m2\repository\org\springframework\spring-aspects\6.1.10\spring-aspects-6.1.10.jar;C:\Users\ahmad.irtza\.m2\repository\org\springframework\boot\spring-boot-starter-web\3.3.1\spring-boot-starter-web-3.3.1.jar;C:\Users\ahmad.irtza\.m2\repository\org\springframework\boot\spring-boot-starter\3.3.1\spring-boot-starter-3.3.1.jar;C:\Users\ahmad.irtza\.m2\repository\org\springframework\boot\spring-boot\3.3.1\spring-boot-3.3.1.jar;C:\Users\ahmad.irtza\.m2\repository\org\springframework\boot\spring-boot-autoconfigure\3.3.1\spring-boot-autoconfigure-3.3.1.jar;C:\Users\ahmad.irtza\.m2\repository\org\springframework\boot\spring-boot-starter-logging\3.3.1\spring-boot-starter-logging-3.3.1.jar;C:\Users\ahmad.irtza\.m2\repository\ch\qos\logback\logback-classic\1.5.6\logback-classic-1.5.6.jar;C:\Users\ahmad.irtza\.m2\repository\ch\qos\logback\logback-core\1.5.6\logback-core-1.5.6.jar;C:\Users\ahmad.irtza\.m2\repository\org\apache\logging\log4j\log4j-to-slf4j\2.23.1\log4j-to-slf4j-2.23.1.jar;C:\Users\ahmad.irtza\.m2\repository\org\apache\logging\log4j\log4j-api\2.23.1\log4j-api-2.23.1.jar;C:\Users\ahmad.irtza\.m2\repository\org\slf4j\jul-to-slf4j\2.0.13\jul-to-slf4j-2.0.13.jar;C:\Users\ahmad.irtza\.m2\repository\org\springframework\boot\spring-boot-starter-json\3.3.1\spring-boot-starter-json-3.3.1.jar;C:\Users\ahmad.irtza\.m2\repository\com\fasterxml\jackson\core\jackson-databind\2.17.1\jackson-databind-2.17.1.jar;C:\Users\ahmad.irtza\.m2\repository\com\fasterxml\jackson\core\jackson-annotations\2.17.1\jackson-annotations-2.17.1.jar;C:\Users\ahmad.irtza\.m2\repository\com\fasterxml\jackson\core\jackson-core\2.17.1\jackson-core-2.17.1.jar;C:\Users\ahmad.irtza\.m2\repository\com\fasterxml\jackson\datatype\jackson-datatype-jdk8\2.17.1\jackson-datatype-jdk8-2.17.1.jar;C:\Users\ahmad.irtza\.m2\repository\com\fasterxml\jackson\datatype\jackson-datatype-jsr310\2.17.1\jackson-datatype-jsr310-2.17.1.jar;C:\Users\ahmad.irtza\.m2\repository\com\fasterxml\jackson\module\jackson-module-parameter-names\2.17.1\jackson-module-parameter-names-2.17.1.jar;C:\Users\ahmad.irtza\.m2\repository\org\springframework\boot\spring-boot-starter-tomcat\3.3.1\spring-boot-starter-tomcat-3.3.1.jar;C:\Users\ahmad.irtza\.m2\repository\org\apache\tomcat\embed\tomcat-embed-core\10.1.25\tomcat-embed-core-10.1.25.jar;C:\Users\ahmad.irtza\.m2\repository\org\apache\tomcat\embed\tomcat-embed-el\10.1.25\tomcat-embed-el-10.1.25.jar;C:\Users\ahmad.irtza\.m2\repository\org\apache\tomcat\embed\tomcat-embed-websocket\10.1.25\tomcat-embed-websocket-10.1.25.jar;C:\Users\ahmad.irtza\.m2\repository\org\springframework\spring-web\6.1.10\spring-web-6.1.10.jar;C:\Users\ahmad.irtza\.m2\repository\org\springframework\spring-webmvc\6.1.10\spring-webmvc-6.1.10.jar;C:\Users\ahmad.irtza\.m2\repository\org\springframework\spring-expression\6.1.10\spring-expression-6.1.10.jar;C:\Users\ahmad.irtza\.m2\repository\org\liquibase\liquibase-core\4.27.0\liquibase-core-4.27.0.jar;C:\Users\ahmad.irtza\.m2\repository\com\opencsv\opencsv\5.9\opencsv-5.9.jar;C:\Users\ahmad.irtza\.m2\repository\org\apache\commons\commons-text\1.11.0\commons-text-1.11.0.jar;C:\Users\ahmad.irtza\.m2\repository\org\apache\commons\commons-collections4\4.4\commons-collections4-4.4.jar;C:\Users\ahmad.irtza\.m2\repository\org\yaml\snakeyaml\2.2\snakeyaml-2.2.jar;C:\Users\ahmad.irtza\.m2\repository\javax\xml\bind\jaxb-api\2.3.1\jaxb-api-2.3.1.jar;C:\Users\ahmad.irtza\.m2\repository\org\apache\commons\commons-lang3\3.14.0\commons-lang3-3.14.0.jar;C:\Users\ahmad.irtza\.m2\repository\org\springframework\boot\spring-boot-starter-security\3.3.1\spring-boot-starter-security-3.3.1.jar;C:\Users\ahmad.irtza\.m2\repository\org\springframework\spring-aop\6.1.10\spring-aop-6.1.10.jar;C:\Users\ahmad.irtza\.m2\repository\org\springframework\security\spring-security-config\6.3.1\spring-security-config-6.3.1.jar;C:\Users\ahmad.irtza\.m2\repository\org\springframework\security\spring-security-web\6.3.1\spring-security-web-6.3.1.jar;C:\Users\ahmad.irtza\.m2\repository\org\springframework\security\spring-security-test\6.3.1\spring-security-test-6.3.1.jar;C:\Users\ahmad.irtza\.m2\repository\org\springframework\security\spring-security-core\6.3.1\spring-security-core-6.3.1.jar;C:\Users\ahmad.irtza\.m2\repository\org\springframework\security\spring-security-crypto\6.3.1\spring-security-crypto-6.3.1.jar;C:\Users\ahmad.irtza\.m2\repository\org\springframework\spring-core\6.1.10\spring-core-6.1.10.jar;C:\Users\ahmad.irtza\.m2\repository\org\springframework\spring-jcl\6.1.10\spring-jcl-6.1.10.jar;C:\Users\ahmad.irtza\.m2\repository\org\springframework\spring-test\6.1.10\spring-test-6.1.10.jar;C:\Users\ahmad.irtza\.m2\repository\com\h2database\h2\2.2.224\h2-2.2.224.jar;C:\Users\ahmad.irtza\.m2\repository\org\projectlombok\lombok\1.18.32\lombok-1.18.32.jar;C:\Users\ahmad.irtza\.m2\repository\org\springframework\boot\spring-boot-starter-test\3.3.1\spring-boot-starter-test-3.3.1.jar;C:\Users\ahmad.irtza\.m2\repository\org\springframework\boot\spring-boot-test\3.3.1\spring-boot-test-3.3.1.jar;C:\Users\ahmad.irtza\.m2\repository\org\springframework\boot\spring-boot-test-autoconfigure\3.3.1\spring-boot-test-autoconfigure-3.3.1.jar;C:\Users\ahmad.irtza\.m2\repository\com\jayway\jsonpath\json-path\2.9.0\json-path-2.9.0.jar;C:\Users\ahmad.irtza\.m2\repository\jakarta\xml\bind\jakarta.xml.bind-api\4.0.2\jakarta.xml.bind-api-4.0.2.jar;C:\Users\ahmad.irtza\.m2\repository\jakarta\activation\jakarta.activation-api\2.1.3\jakarta.activation-api-2.1.3.jar;C:\Users\ahmad.irtza\.m2\repository\net\minidev\json-smart\2.5.1\json-smart-2.5.1.jar;C:\Users\ahmad.irtza\.m2\repository\net\minidev\accessors-smart\2.5.1\accessors-smart-2.5.1.jar;C:\Users\ahmad.irtza\.m2\repository\org\ow2\asm\asm\9.6\asm-9.6.jar;C:\Users\ahmad.irtza\.m2\repository\org\assertj\assertj-core\3.25.3\assertj-core-3.25.3.jar;C:\Users\ahmad.irtza\.m2\repository\org\awaitility\awaitility\4.2.1\awaitility-4.2.1.jar;C:\Users\ahmad.irtza\.m2\repository\org\hamcrest\hamcrest\2.2\hamcrest-2.2.jar;C:\Users\ahmad.irtza\.m2\repository\org\junit\jupiter\junit-jupiter\5.10.2\junit-jupiter-5.10.2.jar;C:\Users\ahmad.irtza\.m2\repository\org\junit\jupiter\junit-jupiter-api\5.10.2\junit-jupiter-api-5.10.2.jar;C:\Users\ahmad.irtza\.m2\repository\org\opentest4j\opentest4j\1.3.0\opentest4j-1.3.0.jar;C:\Users\ahmad.irtza\.m2\repository\org\junit\platform\junit-platform-commons\1.10.2\junit-platform-commons-1.10.2.jar;C:\Users\ahmad.irtza\.m2\repository\org\apiguardian\apiguardian-api\1.1.2\apiguardian-api-1.1.2.jar;C:\Users\ahmad.irtza\.m2\repository\org\junit\jupiter\junit-jupiter-params\5.10.2\junit-jupiter-params-5.10.2.jar;C:\Users\ahmad.irtza\.m2\repository\org\junit\jupiter\junit-jupiter-engine\5.10.2\junit-jupiter-engine-5.10.2.jar;C:\Users\ahmad.irtza\.m2\repository\org\junit\platform\junit-platform-engine\1.10.2\junit-platform-engine-1.10.2.jar;C:\Users\ahmad.irtza\.m2\repository\org\mockito\mockito-core\5.11.0\mockito-core-5.11.0.jar;C:\Users\ahmad.irtza\.m2\repository\net\bytebuddy\byte-buddy-agent\1.14.17\byte-buddy-agent-1.14.17.jar;C:\Users\ahmad.irtza\.m2\repository\org\objenesis\objenesis\3.3\objenesis-3.3.jar;C:\Users\ahmad.irtza\.m2\repository\org\mockito\mockito-junit-jupiter\5.11.0\mockito-junit-jupiter-5.11.0.jar;C:\Users\ahmad.irtza\.m2\repository\org\skyscreamer\jsonassert\1.5.1\jsonassert-1.5.1.jar;C:\Users\ahmad.irtza\.m2\repository\com\vaadin\external\google\android-json\0.0.20131108.vaadin1\android-json-0.0.20131108.vaadin1.jar;C:\Users\ahmad.irtza\.m2\repository\org\xmlunit\xmlunit-core\2.9.1\xmlunit-core-2.9.1.jar;C:\Users\ahmad.irtza\.m2\repository\org\springdoc\springdoc-openapi-starter-webmvc-ui\2.6.0\springdoc-openapi-starter-webmvc-ui-2.6.0.jar;C:\Users\ahmad.irtza\.m2\repository\org\springdoc\springdoc-openapi-starter-webmvc-api\2.6.0\springdoc-openapi-starter-webmvc-api-2.6.0.jar;C:\Users\ahmad.irtza\.m2\repository\org\springdoc\springdoc-openapi-starter-common\2.6.0\springdoc-openapi-starter-common-2.6.0.jar;C:\Users\ahmad.irtza\.m2\repository\io\swagger\core\v3\swagger-core-jakarta\2.2.22\swagger-core-jakarta-2.2.22.jar;C:\Users\ahmad.irtza\.m2\repository\io\swagger\core\v3\swagger-annotations-jakarta\2.2.22\swagger-annotations-jakarta-2.2.22.jar;C:\Users\ahmad.irtza\.m2\repository\io\swagger\core\v3\swagger-models-jakarta\2.2.22\swagger-models-jakarta-2.2.22.jar;C:\Users\ahmad.irtza\.m2\repository\jakarta\validation\jakarta.validation-api\3.0.2\jakarta.validation-api-3.0.2.jar;C:\Users\ahmad.irtza\.m2\repository\com\fasterxml\jackson\dataformat\jackson-dataformat-yaml\2.17.1\jackson-dataformat-yaml-2.17.1.jar;C:\Users\ahmad.irtza\.m2\repository\org\webjars\swagger-ui\5.17.14\swagger-ui-5.17.14.jar;C:\Users\ahmad.irtza\.m2\repository\org\springframework\boot\spring-boot-starter-cache\3.3.1\spring-boot-starter-cache-3.3.1.jar;C:\Users\ahmad.irtza\.m2\repository\org\springframework\spring-context-support\6.1.10\spring-context-support-6.1.10.jar;C:\Users\ahmad.irtza\.m2\repository\com\mysql\mysql-connector-j\8.3.0\mysql-connector-j-8.3.0.jar;C:\Users\ahmad.irtza\.m2\repository\org\springframework\boot\spring-boot-starter-actuator\3.3.1\spring-boot-starter-actuator-3.3.1.jar;C:\Users\ahmad.irtza\.m2\repository\org\springframework\boot\spring-boot-actuator-autoconfigure\3.3.1\spring-boot-actuator-autoconfigure-3.3.1.jar;C:\Users\ahmad.irtza\.m2\repository\org\springframework\boot\spring-boot-actuator\3.3.1\spring-boot-actuator-3.3.1.jar;C:\Users\ahmad.irtza\.m2\repository\io\micrometer\micrometer-observation\1.13.1\micrometer-observation-1.13.1.jar;C:\Users\ahmad.irtza\.m2\repository\io\micrometer\micrometer-commons\1.13.1\micrometer-commons-1.13.1.jar;C:\Users\ahmad.irtza\.m2\repository\io\micrometer\micrometer-jakarta9\1.13.1\micrometer-jakarta9-1.13.1.jar;C:\Users\ahmad.irtza\.m2\repository\io\micrometer\micrometer-core\1.13.1\micrometer-core-1.13.1.jar;C:\Users\ahmad.irtza\.m2\repository\org\hdrhistogram\HdrHistogram\2.2.2\HdrHistogram-2.2.2.jar;C:\Users\ahmad.irtza\.m2\repository\org\latencyutils\LatencyUtils\2.0.3\LatencyUtils-2.0.3.jar;"/>
    <property name="java.vm.vendor" value="Oracle Corporation"/>
    <property name="sun.arch.data.model" value="64"/>
    <property name="user.variant" value=""/>
    <property name="java.vendor.url" value="https://java.oracle.com/"/>
    <property name="user.timezone" value="Asia/Karachi"/>
    <property name="org.jboss.logging.provider" value="slf4j"/>
    <property name="user.country.format" value="PK"/>
    <property name="os.name" value="Windows 10"/>
    <property name="java.vm.specification.version" value="22"/>
    <property name="user.country" value="US"/>
    <property name="sun.java.launcher" value="SUN_STANDARD"/>
    <property name="sun.boot.library.path" value="C:\Users\ahmad.irtza\.jdks\openjdk-22.0.1\bin"/>
    <property name="sun.java.command" value="C:\Users\ahmad.irtza\AppData\Local\Temp\surefire14708875965749950789\surefirebooter-20240710141349401_3.jar C:\Users\ahmad.irtza\AppData\Local\Temp\surefire14708875965749950789 2024-07-10T14-13-49_276-jvmRun1 surefire-20240710141349401_1tmp surefire_0-20240710141349401_2tmp"/>
    <property name="jdk.debug" value="release"/>
    <property name="surefire.test.class.path" value="C:\Users\ahmad.irtza\Downloads\project04\target\test-classes;C:\Users\ahmad.irtza\Downloads\project04\target\classes;C:\Users\ahmad.irtza\.m2\repository\org\springframework\boot\spring-boot-starter-data-jpa\3.3.1\spring-boot-starter-data-jpa-3.3.1.jar;C:\Users\ahmad.irtza\.m2\repository\org\springframework\boot\spring-boot-starter-aop\3.3.1\spring-boot-starter-aop-3.3.1.jar;C:\Users\ahmad.irtza\.m2\repository\org\aspectj\aspectjweaver\1.9.22\aspectjweaver-1.9.22.jar;C:\Users\ahmad.irtza\.m2\repository\org\springframework\boot\spring-boot-starter-jdbc\3.3.1\spring-boot-starter-jdbc-3.3.1.jar;C:\Users\ahmad.irtza\.m2\repository\com\zaxxer\HikariCP\5.1.0\HikariCP-5.1.0.jar;C:\Users\ahmad.irtza\.m2\repository\org\springframework\spring-jdbc\6.1.10\spring-jdbc-6.1.10.jar;C:\Users\ahmad.irtza\.m2\repository\org\hibernate\orm\hibernate-core\6.5.2.Final\hibernate-core-6.5.2.Final.jar;C:\Users\ahmad.irtza\.m2\repository\jakarta\persistence\jakarta.persistence-api\3.1.0\jakarta.persistence-api-3.1.0.jar;C:\Users\ahmad.irtza\.m2\repository\jakarta\transaction\jakarta.transaction-api\2.0.1\jakarta.transaction-api-2.0.1.jar;C:\Users\ahmad.irtza\.m2\repository\org\jboss\logging\jboss-logging\3.5.3.Final\jboss-logging-3.5.3.Final.jar;C:\Users\ahmad.irtza\.m2\repository\org\hibernate\common\hibernate-commons-annotations\6.0.6.Final\hibernate-commons-annotations-6.0.6.Final.jar;C:\Users\ahmad.irtza\.m2\repository\io\smallrye\jandex\3.1.2\jandex-3.1.2.jar;C:\Users\ahmad.irtza\.m2\repository\com\fasterxml\classmate\1.7.0\classmate-1.7.0.jar;C:\Users\ahmad.irtza\.m2\repository\net\bytebuddy\byte-buddy\1.14.17\byte-buddy-1.14.17.jar;C:\Users\ahmad.irtza\.m2\repository\org\glassfish\jaxb\jaxb-runtime\4.0.5\jaxb-runtime-4.0.5.jar;C:\Users\ahmad.irtza\.m2\repository\org\glassfish\jaxb\jaxb-core\4.0.5\jaxb-core-4.0.5.jar;C:\Users\ahmad.irtza\.m2\repository\org\eclipse\angus\angus-activation\2.0.2\angus-activation-2.0.2.jar;C:\Users\ahmad.irtza\.m2\repository\org\glassfish\jaxb\txw2\4.0.5\txw2-4.0.5.jar;C:\Users\ahmad.irtza\.m2\repository\com\sun\istack\istack-commons-runtime\4.1.2\istack-commons-runtime-4.1.2.jar;C:\Users\ahmad.irtza\.m2\repository\jakarta\inject\jakarta.inject-api\2.0.1\jakarta.inject-api-2.0.1.jar;C:\Users\ahmad.irtza\.m2\repository\org\antlr\antlr4-runtime\4.13.0\antlr4-runtime-4.13.0.jar;C:\Users\ahmad.irtza\.m2\repository\org\springframework\data\spring-data-jpa\3.3.1\spring-data-jpa-3.3.1.jar;C:\Users\ahmad.irtza\.m2\repository\org\springframework\data\spring-data-commons\3.3.1\spring-data-commons-3.3.1.jar;C:\Users\ahmad.irtza\.m2\repository\org\springframework\spring-orm\6.1.10\spring-orm-6.1.10.jar;C:\Users\ahmad.irtza\.m2\repository\org\springframework\spring-context\6.1.10\spring-context-6.1.10.jar;C:\Users\ahmad.irtza\.m2\repository\org\springframework\spring-tx\6.1.10\spring-tx-6.1.10.jar;C:\Users\ahmad.irtza\.m2\repository\org\springframework\spring-beans\6.1.10\spring-beans-6.1.10.jar;C:\Users\ahmad.irtza\.m2\repository\jakarta\annotation\jakarta.annotation-api\2.1.1\jakarta.annotation-api-2.1.1.jar;C:\Users\ahmad.irtza\.m2\repository\org\slf4j\slf4j-api\2.0.13\slf4j-api-2.0.13.jar;C:\Users\ahmad.irtza\.m2\repository\org\springframework\spring-aspects\6.1.10\spring-aspects-6.1.10.jar;C:\Users\ahmad.irtza\.m2\repository\org\springframework\boot\spring-boot-starter-web\3.3.1\spring-boot-starter-web-3.3.1.jar;C:\Users\ahmad.irtza\.m2\repository\org\springframework\boot\spring-boot-starter\3.3.1\spring-boot-starter-3.3.1.jar;C:\Users\ahmad.irtza\.m2\repository\org\springframework\boot\spring-boot\3.3.1\spring-boot-3.3.1.jar;C:\Users\ahmad.irtza\.m2\repository\org\springframework\boot\spring-boot-autoconfigure\3.3.1\spring-boot-autoconfigure-3.3.1.jar;C:\Users\ahmad.irtza\.m2\repository\org\springframework\boot\spring-boot-starter-logging\3.3.1\spring-boot-starter-logging-3.3.1.jar;C:\Users\ahmad.irtza\.m2\repository\ch\qos\logback\logback-classic\1.5.6\logback-classic-1.5.6.jar;C:\Users\ahmad.irtza\.m2\repository\ch\qos\logback\logback-core\1.5.6\logback-core-1.5.6.jar;C:\Users\ahmad.irtza\.m2\repository\org\apache\logging\log4j\log4j-to-slf4j\2.23.1\log4j-to-slf4j-2.23.1.jar;C:\Users\ahmad.irtza\.m2\repository\org\apache\logging\log4j\log4j-api\2.23.1\log4j-api-2.23.1.jar;C:\Users\ahmad.irtza\.m2\repository\org\slf4j\jul-to-slf4j\2.0.13\jul-to-slf4j-2.0.13.jar;C:\Users\ahmad.irtza\.m2\repository\org\springframework\boot\spring-boot-starter-json\3.3.1\spring-boot-starter-json-3.3.1.jar;C:\Users\ahmad.irtza\.m2\repository\com\fasterxml\jackson\core\jackson-databind\2.17.1\jackson-databind-2.17.1.jar;C:\Users\ahmad.irtza\.m2\repository\com\fasterxml\jackson\core\jackson-annotations\2.17.1\jackson-annotations-2.17.1.jar;C:\Users\ahmad.irtza\.m2\repository\com\fasterxml\jackson\core\jackson-core\2.17.1\jackson-core-2.17.1.jar;C:\Users\ahmad.irtza\.m2\repository\com\fasterxml\jackson\datatype\jackson-datatype-jdk8\2.17.1\jackson-datatype-jdk8-2.17.1.jar;C:\Users\ahmad.irtza\.m2\repository\com\fasterxml\jackson\datatype\jackson-datatype-jsr310\2.17.1\jackson-datatype-jsr310-2.17.1.jar;C:\Users\ahmad.irtza\.m2\repository\com\fasterxml\jackson\module\jackson-module-parameter-names\2.17.1\jackson-module-parameter-names-2.17.1.jar;C:\Users\ahmad.irtza\.m2\repository\org\springframework\boot\spring-boot-starter-tomcat\3.3.1\spring-boot-starter-tomcat-3.3.1.jar;C:\Users\ahmad.irtza\.m2\repository\org\apache\tomcat\embed\tomcat-embed-core\10.1.25\tomcat-embed-core-10.1.25.jar;C:\Users\ahmad.irtza\.m2\repository\org\apache\tomcat\embed\tomcat-embed-el\10.1.25\tomcat-embed-el-10.1.25.jar;C:\Users\ahmad.irtza\.m2\repository\org\apache\tomcat\embed\tomcat-embed-websocket\10.1.25\tomcat-embed-websocket-10.1.25.jar;C:\Users\ahmad.irtza\.m2\repository\org\springframework\spring-web\6.1.10\spring-web-6.1.10.jar;C:\Users\ahmad.irtza\.m2\repository\org\springframework\spring-webmvc\6.1.10\spring-webmvc-6.1.10.jar;C:\Users\ahmad.irtza\.m2\repository\org\springframework\spring-expression\6.1.10\spring-expression-6.1.10.jar;C:\Users\ahmad.irtza\.m2\repository\org\liquibase\liquibase-core\4.27.0\liquibase-core-4.27.0.jar;C:\Users\ahmad.irtza\.m2\repository\com\opencsv\opencsv\5.9\opencsv-5.9.jar;C:\Users\ahmad.irtza\.m2\repository\org\apache\commons\commons-text\1.11.0\commons-text-1.11.0.jar;C:\Users\ahmad.irtza\.m2\repository\org\apache\commons\commons-collections4\4.4\commons-collections4-4.4.jar;C:\Users\ahmad.irtza\.m2\repository\org\yaml\snakeyaml\2.2\snakeyaml-2.2.jar;C:\Users\ahmad.irtza\.m2\repository\javax\xml\bind\jaxb-api\2.3.1\jaxb-api-2.3.1.jar;C:\Users\ahmad.irtza\.m2\repository\org\apache\commons\commons-lang3\3.14.0\commons-lang3-3.14.0.jar;C:\Users\ahmad.irtza\.m2\repository\org\springframework\boot\spring-boot-starter-security\3.3.1\spring-boot-starter-security-3.3.1.jar;C:\Users\ahmad.irtza\.m2\repository\org\springframework\spring-aop\6.1.10\spring-aop-6.1.10.jar;C:\Users\ahmad.irtza\.m2\repository\org\springframework\security\spring-security-config\6.3.1\spring-security-config-6.3.1.jar;C:\Users\ahmad.irtza\.m2\repository\org\springframework\security\spring-security-web\6.3.1\spring-security-web-6.3.1.jar;C:\Users\ahmad.irtza\.m2\repository\org\springframework\security\spring-security-test\6.3.1\spring-security-test-6.3.1.jar;C:\Users\ahmad.irtza\.m2\repository\org\springframework\security\spring-security-core\6.3.1\spring-security-core-6.3.1.jar;C:\Users\ahmad.irtza\.m2\repository\org\springframework\security\spring-security-crypto\6.3.1\spring-security-crypto-6.3.1.jar;C:\Users\ahmad.irtza\.m2\repository\org\springframework\spring-core\6.1.10\spring-core-6.1.10.jar;C:\Users\ahmad.irtza\.m2\repository\org\springframework\spring-jcl\6.1.10\spring-jcl-6.1.10.jar;C:\Users\ahmad.irtza\.m2\repository\org\springframework\spring-test\6.1.10\spring-test-6.1.10.jar;C:\Users\ahmad.irtza\.m2\repository\com\h2database\h2\2.2.224\h2-2.2.224.jar;C:\Users\ahmad.irtza\.m2\repository\org\projectlombok\lombok\1.18.32\lombok-1.18.32.jar;C:\Users\ahmad.irtza\.m2\repository\org\springframework\boot\spring-boot-starter-test\3.3.1\spring-boot-starter-test-3.3.1.jar;C:\Users\ahmad.irtza\.m2\repository\org\springframework\boot\spring-boot-test\3.3.1\spring-boot-test-3.3.1.jar;C:\Users\ahmad.irtza\.m2\repository\org\springframework\boot\spring-boot-test-autoconfigure\3.3.1\spring-boot-test-autoconfigure-3.3.1.jar;C:\Users\ahmad.irtza\.m2\repository\com\jayway\jsonpath\json-path\2.9.0\json-path-2.9.0.jar;C:\Users\ahmad.irtza\.m2\repository\jakarta\xml\bind\jakarta.xml.bind-api\4.0.2\jakarta.xml.bind-api-4.0.2.jar;C:\Users\ahmad.irtza\.m2\repository\jakarta\activation\jakarta.activation-api\2.1.3\jakarta.activation-api-2.1.3.jar;C:\Users\ahmad.irtza\.m2\repository\net\minidev\json-smart\2.5.1\json-smart-2.5.1.jar;C:\Users\ahmad.irtza\.m2\repository\net\minidev\accessors-smart\2.5.1\accessors-smart-2.5.1.jar;C:\Users\ahmad.irtza\.m2\repository\org\ow2\asm\asm\9.6\asm-9.6.jar;C:\Users\ahmad.irtza\.m2\repository\org\assertj\assertj-core\3.25.3\assertj-core-3.25.3.jar;C:\Users\ahmad.irtza\.m2\repository\org\awaitility\awaitility\4.2.1\awaitility-4.2.1.jar;C:\Users\ahmad.irtza\.m2\repository\org\hamcrest\hamcrest\2.2\hamcrest-2.2.jar;C:\Users\ahmad.irtza\.m2\repository\org\junit\jupiter\junit-jupiter\5.10.2\junit-jupiter-5.10.2.jar;C:\Users\ahmad.irtza\.m2\repository\org\junit\jupiter\junit-jupiter-api\5.10.2\junit-jupiter-api-5.10.2.jar;C:\Users\ahmad.irtza\.m2\repository\org\opentest4j\opentest4j\1.3.0\opentest4j-1.3.0.jar;C:\Users\ahmad.irtza\.m2\repository\org\junit\platform\junit-platform-commons\1.10.2\junit-platform-commons-1.10.2.jar;C:\Users\ahmad.irtza\.m2\repository\org\apiguardian\apiguardian-api\1.1.2\apiguardian-api-1.1.2.jar;C:\Users\ahmad.irtza\.m2\repository\org\junit\jupiter\junit-jupiter-params\5.10.2\junit-jupiter-params-5.10.2.jar;C:\Users\ahmad.irtza\.m2\repository\org\junit\jupiter\junit-jupiter-engine\5.10.2\junit-jupiter-engine-5.10.2.jar;C:\Users\ahmad.irtza\.m2\repository\org\junit\platform\junit-platform-engine\1.10.2\junit-platform-engine-1.10.2.jar;C:\Users\ahmad.irtza\.m2\repository\org\mockito\mockito-core\5.11.0\mockito-core-5.11.0.jar;C:\Users\ahmad.irtza\.m2\repository\net\bytebuddy\byte-buddy-agent\1.14.17\byte-buddy-agent-1.14.17.jar;C:\Users\ahmad.irtza\.m2\repository\org\objenesis\objenesis\3.3\objenesis-3.3.jar;C:\Users\ahmad.irtza\.m2\repository\org\mockito\mockito-junit-jupiter\5.11.0\mockito-junit-jupiter-5.11.0.jar;C:\Users\ahmad.irtza\.m2\repository\org\skyscreamer\jsonassert\1.5.1\jsonassert-1.5.1.jar;C:\Users\ahmad.irtza\.m2\repository\com\vaadin\external\google\android-json\0.0.20131108.vaadin1\android-json-0.0.20131108.vaadin1.jar;C:\Users\ahmad.irtza\.m2\repository\org\xmlunit\xmlunit-core\2.9.1\xmlunit-core-2.9.1.jar;C:\Users\ahmad.irtza\.m2\repository\org\springdoc\springdoc-openapi-starter-webmvc-ui\2.6.0\springdoc-openapi-starter-webmvc-ui-2.6.0.jar;C:\Users\ahmad.irtza\.m2\repository\org\springdoc\springdoc-openapi-starter-webmvc-api\2.6.0\springdoc-openapi-starter-webmvc-api-2.6.0.jar;C:\Users\ahmad.irtza\.m2\repository\org\springdoc\springdoc-openapi-starter-common\2.6.0\springdoc-openapi-starter-common-2.6.0.jar;C:\Users\ahmad.irtza\.m2\repository\io\swagger\core\v3\swagger-core-jakarta\2.2.22\swagger-core-jakarta-2.2.22.jar;C:\Users\ahmad.irtza\.m2\repository\io\swagger\core\v3\swagger-annotations-jakarta\2.2.22\swagger-annotations-jakarta-2.2.22.jar;C:\Users\ahmad.irtza\.m2\repository\io\swagger\core\v3\swagger-models-jakarta\2.2.22\swagger-models-jakarta-2.2.22.jar;C:\Users\ahmad.irtza\.m2\repository\jakarta\validation\jakarta.validation-api\3.0.2\jakarta.validation-api-3.0.2.jar;C:\Users\ahmad.irtza\.m2\repository\com\fasterxml\jackson\dataformat\jackson-dataformat-yaml\2.17.1\jackson-dataformat-yaml-2.17.1.jar;C:\Users\ahmad.irtza\.m2\repository\org\webjars\swagger-ui\5.17.14\swagger-ui-5.17.14.jar;C:\Users\ahmad.irtza\.m2\repository\org\springframework\boot\spring-boot-starter-cache\3.3.1\spring-boot-starter-cache-3.3.1.jar;C:\Users\ahmad.irtza\.m2\repository\org\springframework\spring-context-support\6.1.10\spring-context-support-6.1.10.jar;C:\Users\ahmad.irtza\.m2\repository\com\mysql\mysql-connector-j\8.3.0\mysql-connector-j-8.3.0.jar;C:\Users\ahmad.irtza\.m2\repository\org\springframework\boot\spring-boot-starter-actuator\3.3.1\spring-boot-starter-actuator-3.3.1.jar;C:\Users\ahmad.irtza\.m2\repository\org\springframework\boot\spring-boot-actuator-autoconfigure\3.3.1\spring-boot-actuator-autoconfigure-3.3.1.jar;C:\Users\ahmad.irtza\.m2\repository\org\springframework\boot\spring-boot-actuator\3.3.1\spring-boot-actuator-3.3.1.jar;C:\Users\ahmad.irtza\.m2\repository\io\micrometer\micrometer-observation\1.13.1\micrometer-observation-1.13.1.jar;C:\Users\ahmad.irtza\.m2\repository\io\micrometer\micrometer-commons\1.13.1\micrometer-commons-1.13.1.jar;C:\Users\ahmad.irtza\.m2\repository\io\micrometer\micrometer-jakarta9\1.13.1\micrometer-jakarta9-1.13.1.jar;C:\Users\ahmad.irtza\.m2\repository\io\micrometer\micrometer-core\1.13.1\micrometer-core-1.13.1.jar;C:\Users\ahmad.irtza\.m2\repository\org\hdrhistogram\HdrHistogram\2.2.2\HdrHistogram-2.2.2.jar;C:\Users\ahmad.irtza\.m2\repository\org\latencyutils\LatencyUtils\2.0.3\LatencyUtils-2.0.3.jar;"/>
    <property name="sun.cpu.endian" value="little"/>
    <property name="user.home" value="C:\Users\ahmad.irtza"/>
    <property name="user.language" value="en"/>
    <property name="java.specification.vendor" value="Oracle Corporation"/>
    <property name="java.version.date" value="2024-04-16"/>
    <property name="java.home" value="C:\Users\ahmad.irtza\.jdks\openjdk-22.0.1"/>
    <property name="file.separator" value="\"/>
    <property name="basedir" value="C:\Users\ahmad.irtza\Downloads\project04"/>
    <property name="java.vm.compressedOopsMode" value="Zero based"/>
    <property name="line.separator" value="&#10;"/>
    <property name="java.vm.specification.vendor" value="Oracle Corporation"/>
    <property name="java.specification.name" value="Java Platform API Specification"/>
    <property name="FILE_LOG_CHARSET" value="UTF-8"/>
    <property name="java.awt.headless" value="true"/>
    <property name="surefire.real.class.path" value="C:\Users\ahmad.irtza\AppData\Local\Temp\surefire14708875965749950789\surefirebooter-20240710141349401_3.jar"/>
    <property name="user.script" value=""/>
    <property name="sun.management.compiler" value="HotSpot 64-Bit Tiered Compilers"/>
    <property name="java.runtime.version" value="22.0.1+8-16"/>
    <property name="user.name" value="ahmad.irtza"/>
    <property name="stdout.encoding" value="Cp1252"/>
    <property name="path.separator" value=";"/>
    <property name="os.version" value="10.0"/>
    <property name="java.runtime.name" value="OpenJDK Runtime Environment"/>
    <property name="file.encoding" value="UTF-8"/>
    <property name="java.vm.name" value="OpenJDK 64-Bit Server VM"/>
    <property name="LOG_FILE" value="target/temp.log"/>
    <property name="localRepository" value="C:\Users\ahmad.irtza\.m2\repository"/>
    <property name="java.vendor.url.bug" value="https://bugreport.java.com/bugreport/"/>
    <property name="java.io.tmpdir" value="C:\Users\AHMAD~1.IRT\AppData\Local\Temp\"/>
    <property name="idea.version" value="2024.1.4"/>
    <property name="com.zaxxer.hikari.pool_number" value="1"/>
    <property name="java.version" value="22.0.1"/>
    <property name="user.dir" value="C:\Users\ahmad.irtza\Downloads\project04"/>
    <property name="os.arch" value="amd64"/>
    <property name="java.vm.specification.name" value="Java Virtual Machine Specification"/>
    <property name="PID" value="6036"/>
    <property name="sun.os.patch.level" value=""/>
    <property name="CONSOLE_LOG_CHARSET" value="UTF-8"/>
    <property name="native.encoding" value="Cp1252"/>
    <property name="java.library.path" value="C:\Users\ahmad.irtza\.jdks\openjdk-22.0.1\bin;C:\Windows\Sun\Java\bin;C:\Windows\system32;C:\Windows;C:\Windows\system32;C:\Windows;C:\Windows\System32\Wbem;C:\Windows\System32\WindowsPowerShell\v1.0\;C:\Windows\System32\OpenSSH\;C:\java\jdk-21.0.3\bin;C:\Users\ahmad.irtza\AppData\Local\Programs\Git\cmd;."/>
    <property name="java.vm.info" value="mixed mode, sharing"/>
    <property name="stderr.encoding" value="Cp1252"/>
    <property name="java.vendor" value="Oracle Corporation"/>
    <property name="java.vm.version" value="22.0.1+8-16"/>
    <property name="sun.io.unicode.encoding" value="UnicodeLittle"/>
    <property name="java.class.version" value="66.0"/>
    <property name="LOGGED_APPLICATION_NAME" value="[project02] "/>
  </properties>
  <testcase name="contextLoads" classname="com.practice.project02.Project03ApplicationTests" time="0.928">
    <system-out><![CDATA[14:13:51.050 [main] INFO org.springframework.test.context.support.AnnotationConfigContextLoaderUtils -- Could not detect default configuration classes for test class [com.practice.project02.Project03ApplicationTests]: Project03ApplicationTests does not declare any static, non-private, non-final, nested classes annotated with @Configuration.
14:13:51.255 [main] INFO org.springframework.boot.test.context.SpringBootTestContextBootstrapper -- Found @SpringBootConfiguration com.practice.project02.Project03Application for test class com.practice.project02.Project03ApplicationTests

  .   ____          _            __ _ _
 /\\ / ___'_ __ _ _(_)_ __  __ _ \ \ \ \
( ( )\___ | '_ | '_| | '_ \/ _` | \ \ \ \
 \\/  ___)| |_)| | | | | || (_| |  ) ) ) )
  '  |____| .__|_| |_|_| |_\__, | / / / /
 =========|_|==============|___/=/_/_/_/

 :: Spring Boot ::                (v3.3.1)

2024-07-10T14:13:52.705+05:00  INFO 6036 --- [project02] [           main] c.p.project02.Project03ApplicationTests  : Starting Project03ApplicationTests using Java 22.0.1 with PID 6036 (started by ahmad.irtza in C:\Users\ahmad.irtza\Downloads\project04)
2024-07-10T14:13:52.705+05:00  INFO 6036 --- [project02] [           main] c.p.project02.Project03ApplicationTests  : Starting Project03ApplicationTests using Java 22.0.1 with PID 6036 (started by ahmad.irtza in C:\Users\ahmad.irtza\Downloads\project04)
2024-07-10T14:13:52.707+05:00  INFO 6036 --- [project02] [           main] c.p.project02.Project03ApplicationTests  : No active profile set, falling back to 1 default profile: "default"
2024-07-10T14:13:52.707+05:00  INFO 6036 --- [project02] [           main] c.p.project02.Project03ApplicationTests  : No active profile set, falling back to 1 default profile: "default"
2024-07-10T14:13:54.761+05:00  INFO 6036 --- [project02] [           main] .s.d.r.c.RepositoryConfigurationDelegate : Bootstrapping Spring Data JPA repositories in DEFAULT mode.
2024-07-10T14:13:54.761+05:00  INFO 6036 --- [project02] [           main] .s.d.r.c.RepositoryConfigurationDelegate : Bootstrapping Spring Data JPA repositories in DEFAULT mode.
2024-07-10T14:13:54.845+05:00  INFO 6036 --- [project02] [           main] .s.d.r.c.RepositoryConfigurationDelegate : Finished Spring Data repository scanning in 70 ms. Found 2 JPA repository interfaces.
2024-07-10T14:13:54.845+05:00  INFO 6036 --- [project02] [           main] .s.d.r.c.RepositoryConfigurationDelegate : Finished Spring Data repository scanning in 70 ms. Found 2 JPA repository interfaces.
2024-07-10T14:13:56.080+05:00  INFO 6036 --- [project02] [           main] com.zaxxer.hikari.HikariDataSource       : HikariPool-1 - Starting...
2024-07-10T14:13:56.080+05:00  INFO 6036 --- [project02] [           main] com.zaxxer.hikari.HikariDataSource       : HikariPool-1 - Starting...
2024-07-10T14:13:56.564+05:00  INFO 6036 --- [project02] [           main] com.zaxxer.hikari.pool.HikariPool        : HikariPool-1 - Added connection conn0: url=jdbc:h2:mem:news user=TEST
2024-07-10T14:13:56.564+05:00  INFO 6036 --- [project02] [           main] com.zaxxer.hikari.pool.HikariPool        : HikariPool-1 - Added connection conn0: url=jdbc:h2:mem:news user=TEST
2024-07-10T14:13:56.567+05:00  INFO 6036 --- [project02] [           main] com.zaxxer.hikari.HikariDataSource       : HikariPool-1 - Start completed.
2024-07-10T14:13:56.567+05:00  INFO 6036 --- [project02] [           main] com.zaxxer.hikari.HikariDataSource       : HikariPool-1 - Start completed.
2024-07-10T14:13:56.706+05:00  INFO 6036 --- [project02] [           main] liquibase.database                       : Set default schema name to PUBLIC
2024-07-10T14:13:56.706+05:00  INFO 6036 --- [project02] [           main] liquibase.database                       : Set default schema name to PUBLIC
2024-07-10T14:13:57.228+05:00  INFO 6036 --- [project02] [           main] liquibase.changelog                      : Creating database history table with name: PUBLIC.DATABASECHANGELOG
2024-07-10T14:13:57.228+05:00  INFO 6036 --- [project02] [           main] liquibase.changelog                      : Creating database history table with name: PUBLIC.DATABASECHANGELOG
2024-07-10T14:13:57.394+05:00  INFO 6036 --- [project02] [           main] liquibase.changelog                      : Reading from PUBLIC.DATABASECHANGELOG
2024-07-10T14:13:57.394+05:00  INFO 6036 --- [project02] [           main] liquibase.changelog                      : Reading from PUBLIC.DATABASECHANGELOG
2024-07-10T14:13:57.509+05:00  INFO 6036 --- [project02] [           main] liquibase.lockservice                    : Successfully acquired change log lock
2024-07-10T14:13:57.509+05:00  INFO 6036 --- [project02] [           main] liquibase.lockservice                    : Successfully acquired change log lock
2024-07-10T14:13:57.511+05:00  INFO 6036 --- [project02] [           main] liquibase.command                        : Using deploymentId: 0602837511
2024-07-10T14:13:57.511+05:00  INFO 6036 --- [project02] [           main] liquibase.command                        : Using deploymentId: 0602837511
2024-07-10T14:13:57.514+05:00  INFO 6036 --- [project02] [           main] liquibase.changelog                      : Reading from PUBLIC.DATABASECHANGELOG
2024-07-10T14:13:57.514+05:00  INFO 6036 --- [project02] [           main] liquibase.changelog                      : Reading from PUBLIC.DATABASECHANGELOG
2024-07-10T14:13:57.569+05:00  INFO 6036 --- [project02] [           main] liquibase.ui                             : Running Changeset: db/changelog/db.changelog-01.yaml::schema-0.0.4::Ahmad
2024-07-10T14:13:57.569+05:00  INFO 6036 --- [project02] [           main] liquibase.ui                             : Running Changeset: db/changelog/db.changelog-01.yaml::schema-0.0.4::Ahmad
2024-07-10T14:13:57.583+05:00  INFO 6036 --- [project02] [           main] liquibase.changelog                      : Table Student created
2024-07-10T14:13:57.583+05:00  INFO 6036 --- [project02] [           main] liquibase.changelog                      : Table Student created
2024-07-10T14:13:57.586+05:00  INFO 6036 --- [project02] [           main] liquibase.changelog                      : Primary key added to Student (id)
2024-07-10T14:13:57.586+05:00  INFO 6036 --- [project02] [           main] liquibase.changelog                      : Primary key added to Student (id)
2024-07-10T14:13:57.587+05:00  INFO 6036 --- [project02] [           main] liquibase.changelog                      : ChangeSet db/changelog/db.changelog-01.yaml::schema-0.0.4::Ahmad ran successfully in 16ms
2024-07-10T14:13:57.587+05:00  INFO 6036 --- [project02] [           main] liquibase.changelog                      : ChangeSet db/changelog/db.changelog-01.yaml::schema-0.0.4::Ahmad ran successfully in 16ms
2024-07-10T14:13:57.595+05:00  INFO 6036 --- [project02] [           main] liquibase.ui                             : Running Changeset: db/changelog/db.changelog-01.yaml::data-0.0.1::Ali
2024-07-10T14:13:57.595+05:00  INFO 6036 --- [project02] [           main] liquibase.ui                             : Running Changeset: db/changelog/db.changelog-01.yaml::data-0.0.1::Ali
2024-07-10T14:13:57.598+05:00  INFO 6036 --- [project02] [           main] liquibase.changelog                      : New row inserted into Student
2024-07-10T14:13:57.598+05:00  INFO 6036 --- [project02] [           main] liquibase.changelog                      : New row inserted into Student
2024-07-10T14:13:57.598+05:00  INFO 6036 --- [project02] [           main] liquibase.changelog                      : ChangeSet db/changelog/db.changelog-01.yaml::data-0.0.1::Ali ran successfully in 2ms
2024-07-10T14:13:57.598+05:00  INFO 6036 --- [project02] [           main] liquibase.changelog                      : ChangeSet db/changelog/db.changelog-01.yaml::data-0.0.1::Ali ran successfully in 2ms
2024-07-10T14:13:57.602+05:00  INFO 6036 --- [project02] [           main] liquibase.ui                             : Running Changeset: db/changelog/db.changelog-01.yaml::data-0.0.3::Arham
2024-07-10T14:13:57.602+05:00  INFO 6036 --- [project02] [           main] liquibase.ui                             : Running Changeset: db/changelog/db.changelog-01.yaml::data-0.0.3::Arham
2024-07-10T14:13:57.605+05:00  INFO 6036 --- [project02] [           main] liquibase.changelog                      : New row inserted into Student
2024-07-10T14:13:57.605+05:00  INFO 6036 --- [project02] [           main] liquibase.changelog                      : New row inserted into Student
2024-07-10T14:13:57.606+05:00  INFO 6036 --- [project02] [           main] liquibase.changelog                      : ChangeSet db/changelog/db.changelog-01.yaml::data-0.0.3::Arham ran successfully in 2ms
2024-07-10T14:13:57.606+05:00  INFO 6036 --- [project02] [           main] liquibase.changelog                      : ChangeSet db/changelog/db.changelog-01.yaml::data-0.0.3::Arham ran successfully in 2ms
2024-07-10T14:13:57.610+05:00  INFO 6036 --- [project02] [           main] liquibase.ui                             : Running Changeset: db/changelog/db.changelog-02.yaml::schema-0.0.4::Ahmad
2024-07-10T14:13:57.610+05:00  INFO 6036 --- [project02] [           main] liquibase.ui                             : Running Changeset: db/changelog/db.changelog-02.yaml::schema-0.0.4::Ahmad
2024-07-10T14:13:57.613+05:00  INFO 6036 --- [project02] [           main] liquibase.changelog                      : Table users created
2024-07-10T14:13:57.613+05:00  INFO 6036 --- [project02] [           main] liquibase.changelog                      : Table users created
2024-07-10T14:13:57.615+05:00  INFO 6036 --- [project02] [           main] liquibase.changelog                      : Primary key added to users (user_id)
2024-07-10T14:13:57.615+05:00  INFO 6036 --- [project02] [           main] liquibase.changelog                      : Primary key added to users (user_id)
2024-07-10T14:13:57.616+05:00  INFO 6036 --- [project02] [           main] liquibase.changelog                      : ChangeSet db/changelog/db.changelog-02.yaml::schema-0.0.4::Ahmad ran successfully in 6ms
2024-07-10T14:13:57.616+05:00  INFO 6036 --- [project02] [           main] liquibase.changelog                      : ChangeSet db/changelog/db.changelog-02.yaml::schema-0.0.4::Ahmad ran successfully in 6ms
2024-07-10T14:13:57.620+05:00  INFO 6036 --- [project02] [           main] liquibase.ui                             : Running Changeset: db/changelog/db.changelog-02.yaml::data-0.0.1::Ahmad
2024-07-10T14:13:57.620+05:00  INFO 6036 --- [project02] [           main] liquibase.ui                             : Running Changeset: db/changelog/db.changelog-02.yaml::data-0.0.1::Ahmad
2024-07-10T14:13:57.622+05:00  INFO 6036 --- [project02] [           main] liquibase.changelog                      : New row inserted into users
2024-07-10T14:13:57.622+05:00  INFO 6036 --- [project02] [           main] liquibase.changelog                      : New row inserted into users
2024-07-10T14:13:57.623+05:00  INFO 6036 --- [project02] [           main] liquibase.changelog                      : ChangeSet db/changelog/db.changelog-02.yaml::data-0.0.1::Ahmad ran successfully in 3ms
2024-07-10T14:13:57.623+05:00  INFO 6036 --- [project02] [           main] liquibase.changelog                      : ChangeSet db/changelog/db.changelog-02.yaml::data-0.0.1::Ahmad ran successfully in 3ms
2024-07-10T14:13:57.627+05:00  INFO 6036 --- [project02] [           main] liquibase.ui                             : Running Changeset: db/changelog/db.changelog-02.yaml::data-0.0.2::Ahmad
2024-07-10T14:13:57.627+05:00  INFO 6036 --- [project02] [           main] liquibase.ui                             : Running Changeset: db/changelog/db.changelog-02.yaml::data-0.0.2::Ahmad
2024-07-10T14:13:57.630+05:00  INFO 6036 --- [project02] [           main] liquibase.changelog                      : New row inserted into users
2024-07-10T14:13:57.630+05:00  INFO 6036 --- [project02] [           main] liquibase.changelog                      : New row inserted into users
2024-07-10T14:13:57.630+05:00  INFO 6036 --- [project02] [           main] liquibase.changelog                      : ChangeSet db/changelog/db.changelog-02.yaml::data-0.0.2::Ahmad ran successfully in 2ms
2024-07-10T14:13:57.630+05:00  INFO 6036 --- [project02] [           main] liquibase.changelog                      : ChangeSet db/changelog/db.changelog-02.yaml::data-0.0.2::Ahmad ran successfully in 2ms
2024-07-10T14:13:57.634+05:00  INFO 6036 --- [project02] [           main] liquibase.ui                             : Running Changeset: db/changelog/db.changelog-02.yaml::data-0.04::Ahmad
2024-07-10T14:13:57.634+05:00  INFO 6036 --- [project02] [           main] liquibase.ui                             : Running Changeset: db/changelog/db.changelog-02.yaml::data-0.04::Ahmad
2024-07-10T14:13:57.637+05:00  INFO 6036 --- [project02] [           main] liquibase.changelog                      : New row inserted into users
2024-07-10T14:13:57.637+05:00  INFO 6036 --- [project02] [           main] liquibase.changelog                      : New row inserted into users
2024-07-10T14:13:57.638+05:00  INFO 6036 --- [project02] [           main] liquibase.changelog                      : ChangeSet db/changelog/db.changelog-02.yaml::data-0.04::Ahmad ran successfully in 2ms
2024-07-10T14:13:57.638+05:00  INFO 6036 --- [project02] [           main] liquibase.changelog                      : ChangeSet db/changelog/db.changelog-02.yaml::data-0.04::Ahmad ran successfully in 2ms
2024-07-10T14:13:57.647+05:00  INFO 6036 --- [project02] [           main] liquibase.util                           : UPDATE SUMMARY
2024-07-10T14:13:57.647+05:00  INFO 6036 --- [project02] [           main] liquibase.util                           : UPDATE SUMMARY
2024-07-10T14:13:57.647+05:00  INFO 6036 --- [project02] [           main] liquibase.util                           : Run:                          7
2024-07-10T14:13:57.647+05:00  INFO 6036 --- [project02] [           main] liquibase.util                           : Run:                          7
2024-07-10T14:13:57.647+05:00  INFO 6036 --- [project02] [           main] liquibase.util                           : Previously run:               0
2024-07-10T14:13:57.647+05:00  INFO 6036 --- [project02] [           main] liquibase.util                           : Previously run:               0
2024-07-10T14:13:57.647+05:00  INFO 6036 --- [project02] [           main] liquibase.util                           : Filtered out:                 0
2024-07-10T14:13:57.647+05:00  INFO 6036 --- [project02] [           main] liquibase.util                           : Filtered out:                 0
2024-07-10T14:13:57.648+05:00  INFO 6036 --- [project02] [           main] liquibase.util                           : -------------------------------
2024-07-10T14:13:57.648+05:00  INFO 6036 --- [project02] [           main] liquibase.util                           : -------------------------------
2024-07-10T14:13:57.648+05:00  INFO 6036 --- [project02] [           main] liquibase.util                           : Total change sets:            7
2024-07-10T14:13:57.648+05:00  INFO 6036 --- [project02] [           main] liquibase.util                           : Total change sets:            7
2024-07-10T14:13:57.650+05:00  INFO 6036 --- [project02] [           main] liquibase.util                           : Update summary generated
2024-07-10T14:13:57.650+05:00  INFO 6036 --- [project02] [           main] liquibase.util                           : Update summary generated
2024-07-10T14:13:57.661+05:00  INFO 6036 --- [project02] [           main] liquibase.command                        : Update command completed successfully.
2024-07-10T14:13:57.661+05:00  INFO 6036 --- [project02] [           main] liquibase.command                        : Update command completed successfully.
2024-07-10T14:13:57.661+05:00  INFO 6036 --- [project02] [           main] liquibase.ui                             : Liquibase: Update has been successful. Rows affected: 12
2024-07-10T14:13:57.661+05:00  INFO 6036 --- [project02] [           main] liquibase.ui                             : Liquibase: Update has been successful. Rows affected: 12
2024-07-10T14:13:57.664+05:00  INFO 6036 --- [project02] [           main] liquibase.lockservice                    : Successfully released change log lock
2024-07-10T14:13:57.664+05:00  INFO 6036 --- [project02] [           main] liquibase.lockservice                    : Successfully released change log lock
2024-07-10T14:13:57.665+05:00  INFO 6036 --- [project02] [           main] liquibase.command                        : Command execution complete
2024-07-10T14:13:57.665+05:00  INFO 6036 --- [project02] [           main] liquibase.command                        : Command execution complete
2024-07-10T14:13:57.903+05:00  INFO 6036 --- [project02] [           main] o.hibernate.jpa.internal.util.LogHelper  : HHH000204: Processing PersistenceUnitInfo [name: default]
2024-07-10T14:13:57.903+05:00  INFO 6036 --- [project02] [           main] o.hibernate.jpa.internal.util.LogHelper  : HHH000204: Processing PersistenceUnitInfo [name: default]
2024-07-10T14:13:58.004+05:00  INFO 6036 --- [project02] [           main] org.hibernate.Version                    : HHH000412: Hibernate ORM core version 6.5.2.Final
2024-07-10T14:13:58.004+05:00  INFO 6036 --- [project02] [           main] org.hibernate.Version                    : HHH000412: Hibernate ORM core version 6.5.2.Final
2024-07-10T14:13:58.105+05:00  INFO 6036 --- [project02] [           main] o.h.c.internal.RegionFactoryInitiator    : HHH000026: Second-level cache disabled
2024-07-10T14:13:58.105+05:00  INFO 6036 --- [project02] [           main] o.h.c.internal.RegionFactoryInitiator    : HHH000026: Second-level cache disabled
2024-07-10T14:13:58.675+05:00  INFO 6036 --- [project02] [           main] o.s.o.j.p.SpringPersistenceUnitInfo      : No LoadTimeWeaver setup: ignoring JPA class transformer
2024-07-10T14:13:58.675+05:00  INFO 6036 --- [project02] [           main] o.s.o.j.p.SpringPersistenceUnitInfo      : No LoadTimeWeaver setup: ignoring JPA class transformer
2024-07-10T14:14:00.142+05:00  INFO 6036 --- [project02] [           main] o.h.e.t.j.p.i.JtaPlatformInitiator       : HHH000489: No JTA platform available (set 'hibernate.transaction.jta.platform' to enable JTA platform integration)
2024-07-10T14:14:00.142+05:00  INFO 6036 --- [project02] [           main] o.h.e.t.j.p.i.JtaPlatformInitiator       : HHH000489: No JTA platform available (set 'hibernate.transaction.jta.platform' to enable JTA platform integration)
2024-07-10T14:14:00.147+05:00  INFO 6036 --- [project02] [           main] j.LocalContainerEntityManagerFactoryBean : Initialized JPA EntityManagerFactory for persistence unit 'default'
2024-07-10T14:14:00.147+05:00  INFO 6036 --- [project02] [           main] j.LocalContainerEntityManagerFactoryBean : Initialized JPA EntityManagerFactory for persistence unit 'default'
2024-07-10T14:14:01.477+05:00 TRACE 6036 --- [project02] [           main] eGlobalAuthenticationAutowiredConfigurer : Eagerly initializing {org.springframework.boot.autoconfigure.security.servlet.SpringBootWebSecurityConfiguration$WebSecurityEnablerConfiguration=org.springframework.boot.autoconfigure.security.servlet.SpringBootWebSecurityConfiguration$WebSecurityEnablerConfiguration@b757fc6}
2024-07-10T14:14:01.510+05:00  INFO 6036 --- [project02] [           main] r$InitializeUserDetailsManagerConfigurer : Global AuthenticationManager configured with UserDetailsService bean with name userService
2024-07-10T14:14:01.649+05:00  INFO 6036 --- [project02] [           main] o.s.b.a.w.s.WelcomePageHandlerMapping    : Adding welcome page: class path resource [static/index.html]
2024-07-10T14:14:01.649+05:00  INFO 6036 --- [project02] [           main] o.s.b.a.w.s.WelcomePageHandlerMapping    : Adding welcome page: class path resource [static/index.html]
2024-07-10T14:14:02.267+05:00  INFO 6036 --- [project02] [           main] o.s.b.a.e.web.EndpointLinksResolver      : Exposing 16 endpoints beneath base path '/actuator'
2024-07-10T14:14:02.267+05:00  INFO 6036 --- [project02] [           main] o.s.b.a.e.web.EndpointLinksResolver      : Exposing 16 endpoints beneath base path '/actuator'
2024-07-10T14:14:02.390+05:00 DEBUG 6036 --- [project02] [           main] o.s.s.web.DefaultSecurityFilterChain     : Will secure any request with filters: DisableEncodeUrlFilter, WebAsyncManagerIntegrationFilter, SecurityContextHolderFilter, HeaderWriterFilter, CorsFilter, CsrfFilter, LogoutFilter, UsernamePasswordAuthenticationFilter, DefaultLoginPageGeneratingFilter, DefaultLogoutPageGeneratingFilter, RequestCacheAwareFilter, SecurityContextHolderAwareRequestFilter, AnonymousAuthenticationFilter, ExceptionTranslationFilter, AuthorizationFilter
2024-07-10T14:14:03.270+05:00  INFO 6036 --- [project02] [           main] o.s.b.a.h2.H2ConsoleAutoConfiguration    : H2 console available at '/h2-console'. Database available at 'jdbc:h2:mem:news'
2024-07-10T14:14:03.270+05:00  INFO 6036 --- [project02] [           main] o.s.b.a.h2.H2ConsoleAutoConfiguration    : H2 console available at '/h2-console'. Database available at 'jdbc:h2:mem:news'
2024-07-10T14:14:03.330+05:00  WARN 6036 --- [project02] [           main] o.s.s.c.a.web.builders.WebSecurity       : You are asking Spring Security to ignore Ant [pattern='/api/v1/student/create', GET]. This is not recommended -- please use permitAll via HttpSecurity#authorizeHttpRequests instead.
2024-07-10T14:14:03.330+05:00 DEBUG 6036 --- [project02] [           main] o.s.s.web.DefaultSecurityFilterChain     : Will not secure Ant [pattern='/api/v1/student/create', GET]
2024-07-10T14:14:03.331+05:00  WARN 6036 --- [project02] [           main] o.s.s.c.a.web.builders.WebSecurity       : You are asking Spring Security to ignore Ant [pattern='/api/v1/student', GET]. This is not recommended -- please use permitAll via HttpSecurity#authorizeHttpRequests instead.
2024-07-10T14:14:03.331+05:00 DEBUG 6036 --- [project02] [           main] o.s.s.web.DefaultSecurityFilterChain     : Will not secure Ant [pattern='/api/v1/student', GET]
2024-07-10T14:14:03.471+05:00  INFO 6036 --- [project02] [           main] c.p.project02.Project03ApplicationTests  : Started Project03ApplicationTests in 11.838 seconds (process running for 13.829)
2024-07-10T14:14:03.471+05:00  INFO 6036 --- [project02] [           main] c.p.project02.Project03ApplicationTests  : Started Project03ApplicationTests in 11.838 seconds (process running for 13.829)
]]></system-out>
    <system-err><![CDATA[WARNING: A Java agent has been loaded dynamically (C:\Users\ahmad.irtza\.m2\repository\net\bytebuddy\byte-buddy-agent\1.14.17\byte-buddy-agent-1.14.17.jar)
WARNING: If a serviceability tool is in use, please run with -XX:+EnableDynamicAgentLoading to hide this warning
WARNING: If a serviceability tool is not in use, please run with -Djdk.instrument.traceUsage for more information
WARNING: Dynamic loading of agents will be disallowed by default in a future release
]]></system-err>
  </testcase>
</testsuite>